{"/Users/aryamanp/CountyPulseProject/CountyPulse/packages/ui/src/components/auth/AuthGuard.tsx": {"path":"/Users/aryamanp/CountyPulseProject/CountyPulse/packages/ui/src/components/auth/AuthGuard.tsx","all":false,"statementMap":{"0":{"start":{"line":1,"column":0},"end":{"line":1,"column":40}},"1":{"start":{"line":2,"column":0},"end":{"line":2,"column":0}},"2":{"start":{"line":3,"column":0},"end":{"line":3,"column":26}},"3":{"start":{"line":4,"column":0},"end":{"line":4,"column":27}},"4":{"start":{"line":5,"column":0},"end":{"line":5,"column":28}},"5":{"start":{"line":6,"column":0},"end":{"line":6,"column":1}},"6":{"start":{"line":7,"column":0},"end":{"line":7,"column":0}},"7":{"start":{"line":8,"column":0},"end":{"line":8,"column":80}},"8":{"start":{"line":9,"column":0},"end":{"line":9,"column":37}},"9":{"start":{"line":10,"column":0},"end":{"line":10,"column":0}},"10":{"start":{"line":11,"column":0},"end":{"line":11,"column":16}},"11":{"start":{"line":12,"column":0},"end":{"line":12,"column":32}},"12":{"start":{"line":13,"column":0},"end":{"line":13,"column":3}},"13":{"start":{"line":14,"column":0},"end":{"line":14,"column":0}},"14":{"start":{"line":15,"column":0},"end":{"line":15,"column":14}},"15":{"start":{"line":16,"column":0},"end":{"line":16,"column":88}},"16":{"start":{"line":17,"column":0},"end":{"line":17,"column":3}},"17":{"start":{"line":18,"column":0},"end":{"line":18,"column":0}},"18":{"start":{"line":19,"column":0},"end":{"line":19,"column":24}},"19":{"start":{"line":20,"column":0},"end":{"line":20,"column":1}}},"s":{"0":1,"1":1,"2":1,"3":1,"4":1,"5":1,"6":1,"7":1,"8":4,"9":4,"10":4,"11":1,"12":1,"13":3,"14":4,"15":2,"16":2,"17":1,"18":1,"19":1},"branchMap":{"0":{"type":"branch","line":8,"loc":{"start":{"line":8,"column":51},"end":{"line":20,"column":1}},"locations":[{"start":{"line":8,"column":51},"end":{"line":20,"column":1}}]},"1":{"type":"branch","line":11,"loc":{"start":{"line":11,"column":15},"end":{"line":13,"column":3}},"locations":[{"start":{"line":11,"column":15},"end":{"line":13,"column":3}}]},"2":{"type":"branch","line":13,"loc":{"start":{"line":13,"column":2},"end":{"line":15,"column":13}},"locations":[{"start":{"line":13,"column":2},"end":{"line":15,"column":13}}]},"3":{"type":"branch","line":15,"loc":{"start":{"line":15,"column":13},"end":{"line":17,"column":3}},"locations":[{"start":{"line":15,"column":13},"end":{"line":17,"column":3}}]},"4":{"type":"branch","line":16,"loc":{"start":{"line":16,"column":11},"end":{"line":16,"column":40}},"locations":[{"start":{"line":16,"column":11},"end":{"line":16,"column":40}}]},"5":{"type":"branch","line":16,"loc":{"start":{"line":16,"column":34},"end":{"line":16,"column":88}},"locations":[{"start":{"line":16,"column":34},"end":{"line":16,"column":88}}]},"6":{"type":"branch","line":17,"loc":{"start":{"line":17,"column":2},"end":{"line":20,"column":1}},"locations":[{"start":{"line":17,"column":2},"end":{"line":20,"column":1}}]}},"b":{"0":[4],"1":[1],"2":[3],"3":[2],"4":[1],"5":[1],"6":[1]},"fnMap":{"0":{"name":"AuthGuard","decl":{"start":{"line":8,"column":51},"end":{"line":20,"column":1}},"loc":{"start":{"line":8,"column":51},"end":{"line":20,"column":1}},"line":8}},"f":{"0":4}}
,"/Users/aryamanp/CountyPulseProject/CountyPulse/packages/ui/src/components/auth/LoginForm.tsx": {"path":"/Users/aryamanp/CountyPulseProject/CountyPulse/packages/ui/src/components/auth/LoginForm.tsx","all":false,"statementMap":{"0":{"start":{"line":1,"column":0},"end":{"line":1,"column":32}},"1":{"start":{"line":2,"column":0},"end":{"line":2,"column":40}},"2":{"start":{"line":3,"column":0},"end":{"line":3,"column":0}},"3":{"start":{"line":4,"column":0},"end":{"line":4,"column":42}},"4":{"start":{"line":5,"column":0},"end":{"line":5,"column":30}},"5":{"start":{"line":6,"column":0},"end":{"line":6,"column":40}},"6":{"start":{"line":7,"column":0},"end":{"line":7,"column":47}},"7":{"start":{"line":8,"column":0},"end":{"line":8,"column":44}},"8":{"start":{"line":9,"column":0},"end":{"line":9,"column":40}},"9":{"start":{"line":10,"column":0},"end":{"line":10,"column":41}},"10":{"start":{"line":11,"column":0},"end":{"line":11,"column":0}},"11":{"start":{"line":12,"column":0},"end":{"line":12,"column":54}},"12":{"start":{"line":13,"column":0},"end":{"line":13,"column":22}},"13":{"start":{"line":14,"column":0},"end":{"line":14,"column":20}},"14":{"start":{"line":15,"column":0},"end":{"line":15,"column":16}},"15":{"start":{"line":16,"column":0},"end":{"line":16,"column":18}},"16":{"start":{"line":17,"column":0},"end":{"line":17,"column":0}},"17":{"start":{"line":18,"column":0},"end":{"line":18,"column":9}},"18":{"start":{"line":19,"column":0},"end":{"line":19,"column":25}},"19":{"start":{"line":20,"column":0},"end":{"line":20,"column":19}},"20":{"start":{"line":21,"column":0},"end":{"line":21,"column":56}},"21":{"start":{"line":22,"column":0},"end":{"line":22,"column":21}},"22":{"start":{"line":23,"column":0},"end":{"line":23,"column":41}},"23":{"start":{"line":24,"column":0},"end":{"line":24,"column":76}},"24":{"start":{"line":25,"column":0},"end":{"line":25,"column":15}},"25":{"start":{"line":26,"column":0},"end":{"line":26,"column":23}},"26":{"start":{"line":27,"column":0},"end":{"line":27,"column":5}},"27":{"start":{"line":28,"column":0},"end":{"line":28,"column":3}},"28":{"start":{"line":29,"column":0},"end":{"line":29,"column":0}},"29":{"start":{"line":30,"column":0},"end":{"line":30,"column":33}},"30":{"start":{"line":31,"column":0},"end":{"line":31,"column":18}},"31":{"start":{"line":32,"column":0},"end":{"line":32,"column":16}},"32":{"start":{"line":33,"column":0},"end":{"line":33,"column":16}},"33":{"start":{"line":34,"column":0},"end":{"line":34,"column":18}},"34":{"start":{"line":35,"column":0},"end":{"line":35,"column":3}},"35":{"start":{"line":36,"column":0},"end":{"line":36,"column":0}},"36":{"start":{"line":37,"column":0},"end":{"line":37,"column":13}},"37":{"start":{"line":38,"column":0},"end":{"line":38,"column":12}},"38":{"start":{"line":39,"column":0},"end":{"line":39,"column":62}},"39":{"start":{"line":40,"column":0},"end":{"line":40,"column":36}},"40":{"start":{"line":41,"column":0},"end":{"line":41,"column":65}},"41":{"start":{"line":42,"column":0},"end":{"line":42,"column":46}},"42":{"start":{"line":43,"column":0},"end":{"line":43,"column":65}},"43":{"start":{"line":44,"column":0},"end":{"line":44,"column":14}},"44":{"start":{"line":45,"column":0},"end":{"line":45,"column":91}},"45":{"start":{"line":46,"column":0},"end":{"line":46,"column":0}},"46":{"start":{"line":47,"column":0},"end":{"line":47,"column":105}},"47":{"start":{"line":48,"column":0},"end":{"line":48,"column":31}},"48":{"start":{"line":49,"column":0},"end":{"line":49,"column":19}},"49":{"start":{"line":50,"column":0},"end":{"line":50,"column":0}},"50":{"start":{"line":51,"column":0},"end":{"line":51,"column":71}},"51":{"start":{"line":52,"column":0},"end":{"line":52,"column":14}},"52":{"start":{"line":53,"column":0},"end":{"line":53,"column":12}},"53":{"start":{"line":54,"column":0},"end":{"line":54,"column":5}},"54":{"start":{"line":55,"column":0},"end":{"line":55,"column":3}},"55":{"start":{"line":56,"column":0},"end":{"line":56,"column":0}},"56":{"start":{"line":57,"column":0},"end":{"line":57,"column":10}},"57":{"start":{"line":58,"column":0},"end":{"line":58,"column":57}},"58":{"start":{"line":59,"column":0},"end":{"line":59,"column":34}},"59":{"start":{"line":60,"column":0},"end":{"line":60,"column":65}},"60":{"start":{"line":61,"column":0},"end":{"line":61,"column":79}},"61":{"start":{"line":62,"column":0},"end":{"line":62,"column":0}},"62":{"start":{"line":63,"column":0},"end":{"line":63,"column":67}},"63":{"start":{"line":64,"column":0},"end":{"line":64,"column":16}},"64":{"start":{"line":65,"column":0},"end":{"line":65,"column":22}},"65":{"start":{"line":66,"column":0},"end":{"line":66,"column":24}},"66":{"start":{"line":67,"column":0},"end":{"line":67,"column":25}},"67":{"start":{"line":68,"column":0},"end":{"line":68,"column":54}},"68":{"start":{"line":69,"column":0},"end":{"line":69,"column":20}},"69":{"start":{"line":70,"column":0},"end":{"line":70,"column":30}},"70":{"start":{"line":71,"column":0},"end":{"line":71,"column":40}},"71":{"start":{"line":72,"column":0},"end":{"line":72,"column":41}},"72":{"start":{"line":73,"column":0},"end":{"line":73,"column":37}},"73":{"start":{"line":74,"column":0},"end":{"line":74,"column":12}},"74":{"start":{"line":75,"column":0},"end":{"line":75,"column":0}},"75":{"start":{"line":76,"column":0},"end":{"line":76,"column":17}},"76":{"start":{"line":77,"column":0},"end":{"line":77,"column":25}},"77":{"start":{"line":78,"column":0},"end":{"line":78,"column":40}},"78":{"start":{"line":79,"column":0},"end":{"line":79,"column":42}},"79":{"start":{"line":80,"column":0},"end":{"line":80,"column":38}},"80":{"start":{"line":81,"column":0},"end":{"line":81,"column":11}},"81":{"start":{"line":82,"column":0},"end":{"line":82,"column":49}},"82":{"start":{"line":83,"column":0},"end":{"line":83,"column":19}},"83":{"start":{"line":84,"column":0},"end":{"line":84,"column":15}},"84":{"start":{"line":85,"column":0},"end":{"line":85,"column":0}},"85":{"start":{"line":86,"column":0},"end":{"line":86,"column":89}},"86":{"start":{"line":87,"column":0},"end":{"line":87,"column":69}},"87":{"start":{"line":88,"column":0},"end":{"line":88,"column":12}},"88":{"start":{"line":89,"column":0},"end":{"line":89,"column":10}},"89":{"start":{"line":90,"column":0},"end":{"line":90,"column":3}},"90":{"start":{"line":91,"column":0},"end":{"line":91,"column":1}}},"s":{"0":1,"1":1,"2":1,"3":1,"4":95,"5":95,"6":95,"7":95,"8":95,"9":95,"10":95,"11":95,"12":4,"13":4,"14":4,"15":4,"16":4,"17":4,"18":4,"19":2,"20":2,"21":4,"22":1,"23":1,"24":4,"25":3,"26":3,"27":4,"28":95,"29":95,"30":1,"31":1,"32":1,"33":1,"34":1,"35":95,"36":95,"37":2,"38":2,"39":2,"40":2,"41":2,"42":2,"43":2,"44":2,"45":2,"46":2,"47":2,"48":2,"49":2,"50":2,"51":2,"52":2,"53":2,"54":2,"55":93,"56":93,"57":93,"58":93,"59":93,"60":93,"61":93,"62":93,"63":93,"64":93,"65":93,"66":93,"67":93,"68":93,"69":93,"70":93,"71":93,"72":93,"73":93,"74":93,"75":93,"76":93,"77":95,"78":95,"79":95,"80":95,"81":95,"82":95,"83":95,"84":95,"85":95,"86":95,"87":95,"88":95,"89":95,"90":95},"branchMap":{"0":{"type":"branch","line":4,"loc":{"start":{"line":4,"column":35},"end":{"line":91,"column":1}},"locations":[{"start":{"line":4,"column":35},"end":{"line":91,"column":1}}]},"1":{"type":"branch","line":37,"loc":{"start":{"line":37,"column":12},"end":{"line":55,"column":3}},"locations":[{"start":{"line":37,"column":12},"end":{"line":55,"column":3}}]},"2":{"type":"branch","line":55,"loc":{"start":{"line":55,"column":2},"end":{"line":78,"column":33}},"locations":[{"start":{"line":55,"column":2},"end":{"line":78,"column":33}}]},"3":{"type":"branch","line":78,"loc":{"start":{"line":78,"column":22},"end":{"line":78,"column":40}},"locations":[{"start":{"line":78,"column":22},"end":{"line":78,"column":40}}]},"4":{"type":"branch","line":82,"loc":{"start":{"line":82,"column":13},"end":{"line":82,"column":38}},"locations":[{"start":{"line":82,"column":13},"end":{"line":82,"column":38}}]},"5":{"type":"branch","line":82,"loc":{"start":{"line":82,"column":23},"end":{"line":82,"column":49}},"locations":[{"start":{"line":82,"column":23},"end":{"line":82,"column":49}}]},"6":{"type":"branch","line":86,"loc":{"start":{"line":86,"column":9},"end":{"line":86,"column":89}},"locations":[{"start":{"line":86,"column":9},"end":{"line":86,"column":89}}]},"7":{"type":"branch","line":87,"loc":{"start":{"line":87,"column":9},"end":{"line":87,"column":69}},"locations":[{"start":{"line":87,"column":9},"end":{"line":87,"column":69}}]},"8":{"type":"branch","line":12,"loc":{"start":{"line":12,"column":23},"end":{"line":28,"column":3}},"locations":[{"start":{"line":12,"column":23},"end":{"line":28,"column":3}}]},"9":{"type":"branch","line":19,"loc":{"start":{"line":19,"column":24},"end":{"line":22,"column":13}},"locations":[{"start":{"line":19,"column":24},"end":{"line":22,"column":13}}]},"10":{"type":"branch","line":22,"loc":{"start":{"line":22,"column":4},"end":{"line":25,"column":6}},"locations":[{"start":{"line":22,"column":4},"end":{"line":25,"column":6}}]},"11":{"type":"branch","line":24,"loc":{"start":{"line":24,"column":46},"end":{"line":24,"column":75}},"locations":[{"start":{"line":24,"column":46},"end":{"line":24,"column":75}}]},"12":{"type":"branch","line":25,"loc":{"start":{"line":25,"column":4},"end":{"line":27,"column":5}},"locations":[{"start":{"line":25,"column":4},"end":{"line":27,"column":5}}]},"13":{"type":"branch","line":30,"loc":{"start":{"line":30,"column":26},"end":{"line":35,"column":3}},"locations":[{"start":{"line":30,"column":26},"end":{"line":35,"column":3}}]},"14":{"type":"branch","line":68,"loc":{"start":{"line":68,"column":22},"end":{"line":68,"column":54}},"locations":[{"start":{"line":68,"column":22},"end":{"line":68,"column":54}}]}},"b":{"0":[95],"1":[2],"2":[93],"3":[89],"4":[4],"5":[89],"6":[1],"7":[0],"8":[4],"9":[2],"10":[1],"11":[0],"12":[3],"13":[1],"14":[81]},"fnMap":{"0":{"name":"LoginForm","decl":{"start":{"line":4,"column":35},"end":{"line":91,"column":1}},"loc":{"start":{"line":4,"column":35},"end":{"line":91,"column":1}},"line":4},"1":{"name":"handleSubmit","decl":{"start":{"line":12,"column":23},"end":{"line":28,"column":3}},"loc":{"start":{"line":12,"column":23},"end":{"line":28,"column":3}},"line":12},"2":{"name":"handleStartOver","decl":{"start":{"line":30,"column":26},"end":{"line":35,"column":3}},"loc":{"start":{"line":30,"column":26},"end":{"line":35,"column":3}},"line":30},"3":{"name":"onChange","decl":{"start":{"line":68,"column":22},"end":{"line":68,"column":54}},"loc":{"start":{"line":68,"column":22},"end":{"line":68,"column":54}},"line":68}},"f":{"0":95,"1":4,"2":1,"3":81}}
,"/Users/aryamanp/CountyPulseProject/CountyPulse/packages/ui/src/components/auth/LogoutButton.tsx": {"path":"/Users/aryamanp/CountyPulseProject/CountyPulse/packages/ui/src/components/auth/LogoutButton.tsx","all":false,"statementMap":{"0":{"start":{"line":1,"column":0},"end":{"line":1,"column":32}},"1":{"start":{"line":2,"column":0},"end":{"line":2,"column":40}},"2":{"start":{"line":3,"column":0},"end":{"line":3,"column":0}},"3":{"start":{"line":4,"column":0},"end":{"line":4,"column":45}},"4":{"start":{"line":5,"column":0},"end":{"line":5,"column":37}},"5":{"start":{"line":6,"column":0},"end":{"line":6,"column":47}},"6":{"start":{"line":7,"column":0},"end":{"line":7,"column":0}},"7":{"start":{"line":8,"column":0},"end":{"line":8,"column":24}},"8":{"start":{"line":9,"column":0},"end":{"line":9,"column":0}},"9":{"start":{"line":10,"column":0},"end":{"line":10,"column":37}},"10":{"start":{"line":11,"column":0},"end":{"line":11,"column":9}},"11":{"start":{"line":12,"column":0},"end":{"line":12,"column":22}},"12":{"start":{"line":13,"column":0},"end":{"line":13,"column":21}},"13":{"start":{"line":14,"column":0},"end":{"line":14,"column":21}},"14":{"start":{"line":15,"column":0},"end":{"line":15,"column":45}},"15":{"start":{"line":16,"column":0},"end":{"line":16,"column":37}},"16":{"start":{"line":17,"column":0},"end":{"line":17,"column":23}},"17":{"start":{"line":18,"column":0},"end":{"line":18,"column":5}},"18":{"start":{"line":19,"column":0},"end":{"line":19,"column":74}},"19":{"start":{"line":20,"column":0},"end":{"line":20,"column":3}},"20":{"start":{"line":21,"column":0},"end":{"line":21,"column":0}},"21":{"start":{"line":22,"column":0},"end":{"line":22,"column":10}},"22":{"start":{"line":23,"column":0},"end":{"line":23,"column":55}},"23":{"start":{"line":24,"column":0},"end":{"line":24,"column":63}},"24":{"start":{"line":25,"column":0},"end":{"line":25,"column":13}},"25":{"start":{"line":26,"column":0},"end":{"line":26,"column":3}},"26":{"start":{"line":27,"column":0},"end":{"line":27,"column":1}}},"s":{"0":1,"1":1,"2":1,"3":1,"4":9,"5":9,"6":9,"7":9,"8":8,"9":8,"10":3,"11":3,"12":3,"13":1,"14":1,"15":1,"16":1,"17":1,"18":3,"19":3,"20":8,"21":8,"22":8,"23":9,"24":9,"25":9,"26":9},"branchMap":{"0":{"type":"branch","line":4,"loc":{"start":{"line":4,"column":38},"end":{"line":27,"column":1}},"locations":[{"start":{"line":4,"column":38},"end":{"line":27,"column":1}}]},"1":{"type":"branch","line":8,"loc":{"start":{"line":8,"column":13},"end":{"line":8,"column":24}},"locations":[{"start":{"line":8,"column":13},"end":{"line":8,"column":24}}]},"2":{"type":"branch","line":8,"loc":{"start":{"line":8,"column":20},"end":{"line":24,"column":17}},"locations":[{"start":{"line":8,"column":20},"end":{"line":24,"column":17}}]},"3":{"type":"branch","line":24,"loc":{"start":{"line":24,"column":7},"end":{"line":24,"column":36}},"locations":[{"start":{"line":24,"column":7},"end":{"line":24,"column":36}}]},"4":{"type":"branch","line":24,"loc":{"start":{"line":24,"column":17},"end":{"line":24,"column":63}},"locations":[{"start":{"line":24,"column":17},"end":{"line":24,"column":63}}]},"5":{"type":"branch","line":10,"loc":{"start":{"line":10,"column":24},"end":{"line":20,"column":3}},"locations":[{"start":{"line":10,"column":24},"end":{"line":20,"column":3}}]},"6":{"type":"branch","line":13,"loc":{"start":{"line":13,"column":20},"end":{"line":18,"column":5}},"locations":[{"start":{"line":13,"column":20},"end":{"line":18,"column":5}}]}},"b":{"0":[9],"1":[1],"2":[8],"3":[3],"4":[5],"5":[3],"6":[1]},"fnMap":{"0":{"name":"LogoutButton","decl":{"start":{"line":4,"column":38},"end":{"line":27,"column":1}},"loc":{"start":{"line":4,"column":38},"end":{"line":27,"column":1}},"line":4},"1":{"name":"handleSignOut","decl":{"start":{"line":10,"column":24},"end":{"line":20,"column":3}},"loc":{"start":{"line":10,"column":24},"end":{"line":20,"column":3}},"line":10}},"f":{"0":9,"1":3}}
,"/Users/aryamanp/CountyPulseProject/CountyPulse/packages/ui/src/components/bullets/BulletEditor.tsx": {"path":"/Users/aryamanp/CountyPulseProject/CountyPulse/packages/ui/src/components/bullets/BulletEditor.tsx","all":false,"statementMap":{"0":{"start":{"line":1,"column":0},"end":{"line":1,"column":43}},"1":{"start":{"line":2,"column":0},"end":{"line":2,"column":50}},"2":{"start":{"line":3,"column":0},"end":{"line":3,"column":27}},"3":{"start":{"line":4,"column":0},"end":{"line":4,"column":0}},"4":{"start":{"line":5,"column":0},"end":{"line":5,"column":36}},"5":{"start":{"line":6,"column":0},"end":{"line":6,"column":35}},"6":{"start":{"line":7,"column":0},"end":{"line":7,"column":21}},"7":{"start":{"line":8,"column":0},"end":{"line":8,"column":24}},"8":{"start":{"line":9,"column":0},"end":{"line":9,"column":28}},"9":{"start":{"line":10,"column":0},"end":{"line":10,"column":33}},"10":{"start":{"line":11,"column":0},"end":{"line":11,"column":33}},"11":{"start":{"line":12,"column":0},"end":{"line":12,"column":12}},"12":{"start":{"line":13,"column":0},"end":{"line":13,"column":22}},"13":{"start":{"line":14,"column":0},"end":{"line":14,"column":47}},"14":{"start":{"line":15,"column":0},"end":{"line":15,"column":19}},"15":{"start":{"line":16,"column":0},"end":{"line":16,"column":41}},"16":{"start":{"line":17,"column":0},"end":{"line":17,"column":20}},"17":{"start":{"line":18,"column":0},"end":{"line":18,"column":27}},"18":{"start":{"line":19,"column":0},"end":{"line":19,"column":18}},"19":{"start":{"line":20,"column":0},"end":{"line":20,"column":1}},"20":{"start":{"line":21,"column":0},"end":{"line":21,"column":0}},"21":{"start":{"line":22,"column":0},"end":{"line":22,"column":3}},"22":{"start":{"line":23,"column":0},"end":{"line":23,"column":36}},"23":{"start":{"line":24,"column":0},"end":{"line":24,"column":48}},"24":{"start":{"line":25,"column":0},"end":{"line":25,"column":51}},"25":{"start":{"line":26,"column":0},"end":{"line":26,"column":3}},"26":{"start":{"line":27,"column":0},"end":{"line":27,"column":30}},"27":{"start":{"line":28,"column":0},"end":{"line":28,"column":9}},"28":{"start":{"line":29,"column":0},"end":{"line":29,"column":9}},"29":{"start":{"line":30,"column":0},"end":{"line":30,"column":11}},"30":{"start":{"line":31,"column":0},"end":{"line":31,"column":18}},"31":{"start":{"line":32,"column":0},"end":{"line":32,"column":19}},"32":{"start":{"line":33,"column":0},"end":{"line":33,"column":17}},"33":{"start":{"line":34,"column":0},"end":{"line":34,"column":23}},"34":{"start":{"line":35,"column":0},"end":{"line":35,"column":52}},"35":{"start":{"line":36,"column":0},"end":{"line":36,"column":46}},"36":{"start":{"line":37,"column":0},"end":{"line":37,"column":50}},"37":{"start":{"line":38,"column":0},"end":{"line":38,"column":50}},"38":{"start":{"line":39,"column":0},"end":{"line":39,"column":57}},"39":{"start":{"line":40,"column":0},"end":{"line":40,"column":0}},"40":{"start":{"line":41,"column":0},"end":{"line":41,"column":41}},"41":{"start":{"line":42,"column":0},"end":{"line":42,"column":19}},"42":{"start":{"line":43,"column":0},"end":{"line":43,"column":17}},"43":{"start":{"line":44,"column":0},"end":{"line":44,"column":41}},"44":{"start":{"line":45,"column":0},"end":{"line":45,"column":40}},"45":{"start":{"line":46,"column":0},"end":{"line":46,"column":57}},"46":{"start":{"line":47,"column":0},"end":{"line":47,"column":57}},"47":{"start":{"line":48,"column":0},"end":{"line":48,"column":77}},"48":{"start":{"line":49,"column":0},"end":{"line":49,"column":12}},"49":{"start":{"line":50,"column":0},"end":{"line":50,"column":24}},"50":{"start":{"line":51,"column":0},"end":{"line":51,"column":21}},"51":{"start":{"line":52,"column":0},"end":{"line":52,"column":23}},"52":{"start":{"line":53,"column":0},"end":{"line":53,"column":23}},"53":{"start":{"line":54,"column":0},"end":{"line":54,"column":28}},"54":{"start":{"line":55,"column":0},"end":{"line":55,"column":5}},"55":{"start":{"line":56,"column":0},"end":{"line":56,"column":14}},"56":{"start":{"line":57,"column":0},"end":{"line":57,"column":0}},"57":{"start":{"line":58,"column":0},"end":{"line":58,"column":16}},"58":{"start":{"line":59,"column":0},"end":{"line":59,"column":12}},"59":{"start":{"line":60,"column":0},"end":{"line":60,"column":10}},"60":{"start":{"line":61,"column":0},"end":{"line":61,"column":99}},"61":{"start":{"line":62,"column":0},"end":{"line":62,"column":41}},"62":{"start":{"line":63,"column":0},"end":{"line":63,"column":7}},"63":{"start":{"line":64,"column":0},"end":{"line":64,"column":77}},"64":{"start":{"line":65,"column":0},"end":{"line":65,"column":12}},"65":{"start":{"line":66,"column":0},"end":{"line":66,"column":5}},"66":{"start":{"line":67,"column":0},"end":{"line":67,"column":3}},"67":{"start":{"line":68,"column":0},"end":{"line":68,"column":0}},"68":{"start":{"line":69,"column":0},"end":{"line":69,"column":52}},"69":{"start":{"line":70,"column":0},"end":{"line":70,"column":16}},"70":{"start":{"line":71,"column":0},"end":{"line":71,"column":17}},"71":{"start":{"line":72,"column":0},"end":{"line":72,"column":27}},"72":{"start":{"line":73,"column":0},"end":{"line":73,"column":34}},"73":{"start":{"line":74,"column":0},"end":{"line":74,"column":3}},"74":{"start":{"line":75,"column":0},"end":{"line":75,"column":0}},"75":{"start":{"line":76,"column":0},"end":{"line":76,"column":28}},"76":{"start":{"line":77,"column":0},"end":{"line":77,"column":12}},"77":{"start":{"line":78,"column":0},"end":{"line":78,"column":32}},"78":{"start":{"line":79,"column":0},"end":{"line":79,"column":33}},"79":{"start":{"line":80,"column":0},"end":{"line":80,"column":43}},"80":{"start":{"line":81,"column":0},"end":{"line":81,"column":43}},"81":{"start":{"line":82,"column":0},"end":{"line":82,"column":6}},"82":{"start":{"line":83,"column":0},"end":{"line":83,"column":3}},"83":{"start":{"line":84,"column":0},"end":{"line":84,"column":0}},"84":{"start":{"line":85,"column":0},"end":{"line":85,"column":20}},"85":{"start":{"line":86,"column":0},"end":{"line":86,"column":42}},"86":{"start":{"line":87,"column":0},"end":{"line":87,"column":43}},"87":{"start":{"line":88,"column":0},"end":{"line":88,"column":60}},"88":{"start":{"line":89,"column":0},"end":{"line":89,"column":57}},"89":{"start":{"line":90,"column":0},"end":{"line":90,"column":0}},"90":{"start":{"line":91,"column":0},"end":{"line":91,"column":10}},"91":{"start":{"line":92,"column":0},"end":{"line":92,"column":8}},"92":{"start":{"line":93,"column":0},"end":{"line":93,"column":76}},"93":{"start":{"line":94,"column":0},"end":{"line":94,"column":33}},"94":{"start":{"line":95,"column":0},"end":{"line":95,"column":5}},"95":{"start":{"line":96,"column":0},"end":{"line":96,"column":30}},"96":{"start":{"line":97,"column":0},"end":{"line":97,"column":39}},"97":{"start":{"line":98,"column":0},"end":{"line":98,"column":84}},"98":{"start":{"line":99,"column":0},"end":{"line":99,"column":83}},"99":{"start":{"line":100,"column":0},"end":{"line":100,"column":63}},"100":{"start":{"line":101,"column":0},"end":{"line":101,"column":79}},"101":{"start":{"line":102,"column":0},"end":{"line":102,"column":14}},"102":{"start":{"line":103,"column":0},"end":{"line":103,"column":8}},"103":{"start":{"line":104,"column":0},"end":{"line":104,"column":0}},"104":{"start":{"line":105,"column":0},"end":{"line":105,"column":56}},"105":{"start":{"line":106,"column":0},"end":{"line":106,"column":29}},"106":{"start":{"line":107,"column":0},"end":{"line":107,"column":55}},"107":{"start":{"line":108,"column":0},"end":{"line":108,"column":90}},"108":{"start":{"line":109,"column":0},"end":{"line":109,"column":18}},"109":{"start":{"line":110,"column":0},"end":{"line":110,"column":17}},"110":{"start":{"line":111,"column":0},"end":{"line":111,"column":17}},"111":{"start":{"line":112,"column":0},"end":{"line":112,"column":25}},"112":{"start":{"line":113,"column":0},"end":{"line":113,"column":56}},"113":{"start":{"line":114,"column":0},"end":{"line":114,"column":58}},"114":{"start":{"line":115,"column":0},"end":{"line":115,"column":46}},"115":{"start":{"line":116,"column":0},"end":{"line":116,"column":11}},"116":{"start":{"line":117,"column":0},"end":{"line":117,"column":62}},"117":{"start":{"line":118,"column":0},"end":{"line":118,"column":19}},"118":{"start":{"line":119,"column":0},"end":{"line":119,"column":14}},"119":{"start":{"line":120,"column":0},"end":{"line":120,"column":8}},"120":{"start":{"line":121,"column":0},"end":{"line":121,"column":0}},"121":{"start":{"line":122,"column":0},"end":{"line":122,"column":56}},"122":{"start":{"line":123,"column":0},"end":{"line":123,"column":45}},"123":{"start":{"line":124,"column":0},"end":{"line":124,"column":84}},"124":{"start":{"line":125,"column":0},"end":{"line":125,"column":74}},"125":{"start":{"line":126,"column":0},"end":{"line":126,"column":80}},"126":{"start":{"line":127,"column":0},"end":{"line":127,"column":14}},"127":{"start":{"line":128,"column":0},"end":{"line":128,"column":8}},"128":{"start":{"line":129,"column":0},"end":{"line":129,"column":0}},"129":{"start":{"line":130,"column":0},"end":{"line":130,"column":30}},"130":{"start":{"line":131,"column":0},"end":{"line":131,"column":44}},"131":{"start":{"line":132,"column":0},"end":{"line":132,"column":70}},"132":{"start":{"line":133,"column":0},"end":{"line":133,"column":21}},"133":{"start":{"line":134,"column":0},"end":{"line":134,"column":16}},"134":{"start":{"line":135,"column":0},"end":{"line":135,"column":17}},"135":{"start":{"line":136,"column":0},"end":{"line":136,"column":26}},"136":{"start":{"line":137,"column":0},"end":{"line":137,"column":45}},"137":{"start":{"line":138,"column":0},"end":{"line":138,"column":29}},"138":{"start":{"line":139,"column":0},"end":{"line":139,"column":58}},"139":{"start":{"line":140,"column":0},"end":{"line":140,"column":39}},"140":{"start":{"line":141,"column":0},"end":{"line":141,"column":32}},"141":{"start":{"line":142,"column":0},"end":{"line":142,"column":42}},"142":{"start":{"line":143,"column":0},"end":{"line":143,"column":10}},"143":{"start":{"line":144,"column":0},"end":{"line":144,"column":12}},"144":{"start":{"line":145,"column":0},"end":{"line":145,"column":0}},"145":{"start":{"line":146,"column":0},"end":{"line":146,"column":22}},"146":{"start":{"line":147,"column":0},"end":{"line":147,"column":20}},"147":{"start":{"line":148,"column":0},"end":{"line":148,"column":46}},"148":{"start":{"line":149,"column":0},"end":{"line":149,"column":76}},"149":{"start":{"line":150,"column":0},"end":{"line":150,"column":20}},"150":{"start":{"line":151,"column":0},"end":{"line":151,"column":18}},"151":{"start":{"line":152,"column":0},"end":{"line":152,"column":16}},"152":{"start":{"line":153,"column":0},"end":{"line":153,"column":32}},"153":{"start":{"line":154,"column":0},"end":{"line":154,"column":23}},"154":{"start":{"line":155,"column":0},"end":{"line":155,"column":44}},"155":{"start":{"line":156,"column":0},"end":{"line":156,"column":28}},"156":{"start":{"line":157,"column":0},"end":{"line":157,"column":57}},"157":{"start":{"line":158,"column":0},"end":{"line":158,"column":41}},"158":{"start":{"line":159,"column":0},"end":{"line":159,"column":66}},"159":{"start":{"line":160,"column":0},"end":{"line":160,"column":48}},"160":{"start":{"line":161,"column":0},"end":{"line":161,"column":12}},"161":{"start":{"line":162,"column":0},"end":{"line":162,"column":14}},"162":{"start":{"line":163,"column":0},"end":{"line":163,"column":8}},"163":{"start":{"line":164,"column":0},"end":{"line":164,"column":0}},"164":{"start":{"line":165,"column":0},"end":{"line":165,"column":46}},"165":{"start":{"line":166,"column":0},"end":{"line":166,"column":20}},"166":{"start":{"line":167,"column":0},"end":{"line":167,"column":10}},"167":{"start":{"line":168,"column":0},"end":{"line":168,"column":48}},"168":{"start":{"line":169,"column":0},"end":{"line":169,"column":81}},"169":{"start":{"line":170,"column":0},"end":{"line":170,"column":43}},"170":{"start":{"line":171,"column":0},"end":{"line":171,"column":20}},"171":{"start":{"line":172,"column":0},"end":{"line":172,"column":18}},"172":{"start":{"line":173,"column":0},"end":{"line":173,"column":37}},"173":{"start":{"line":174,"column":0},"end":{"line":174,"column":25}},"174":{"start":{"line":175,"column":0},"end":{"line":175,"column":46}},"175":{"start":{"line":176,"column":0},"end":{"line":176,"column":32}},"176":{"start":{"line":177,"column":0},"end":{"line":177,"column":61}},"177":{"start":{"line":178,"column":0},"end":{"line":178,"column":43}},"178":{"start":{"line":179,"column":0},"end":{"line":179,"column":63}},"179":{"start":{"line":180,"column":0},"end":{"line":180,"column":53}},"180":{"start":{"line":181,"column":0},"end":{"line":181,"column":14}},"181":{"start":{"line":182,"column":0},"end":{"line":182,"column":16}},"182":{"start":{"line":183,"column":0},"end":{"line":183,"column":0}},"183":{"start":{"line":184,"column":0},"end":{"line":184,"column":48}},"184":{"start":{"line":185,"column":0},"end":{"line":185,"column":81}},"185":{"start":{"line":186,"column":0},"end":{"line":186,"column":43}},"186":{"start":{"line":187,"column":0},"end":{"line":187,"column":20}},"187":{"start":{"line":188,"column":0},"end":{"line":188,"column":18}},"188":{"start":{"line":189,"column":0},"end":{"line":189,"column":37}},"189":{"start":{"line":190,"column":0},"end":{"line":190,"column":25}},"190":{"start":{"line":191,"column":0},"end":{"line":191,"column":46}},"191":{"start":{"line":192,"column":0},"end":{"line":192,"column":32}},"192":{"start":{"line":193,"column":0},"end":{"line":193,"column":61}},"193":{"start":{"line":194,"column":0},"end":{"line":194,"column":43}},"194":{"start":{"line":195,"column":0},"end":{"line":195,"column":76}},"195":{"start":{"line":196,"column":0},"end":{"line":196,"column":53}},"196":{"start":{"line":197,"column":0},"end":{"line":197,"column":14}},"197":{"start":{"line":198,"column":0},"end":{"line":198,"column":16}},"198":{"start":{"line":199,"column":0},"end":{"line":199,"column":11}},"199":{"start":{"line":200,"column":0},"end":{"line":200,"column":8}},"200":{"start":{"line":201,"column":0},"end":{"line":201,"column":0}},"201":{"start":{"line":202,"column":0},"end":{"line":202,"column":21}},"202":{"start":{"line":203,"column":0},"end":{"line":203,"column":46}},"203":{"start":{"line":204,"column":0},"end":{"line":204,"column":15}},"204":{"start":{"line":205,"column":0},"end":{"line":205,"column":23}},"205":{"start":{"line":206,"column":0},"end":{"line":206,"column":70}},"206":{"start":{"line":207,"column":0},"end":{"line":207,"column":28}},"207":{"start":{"line":208,"column":0},"end":{"line":208,"column":27}},"208":{"start":{"line":209,"column":0},"end":{"line":209,"column":44}},"209":{"start":{"line":210,"column":0},"end":{"line":210,"column":9}},"210":{"start":{"line":211,"column":0},"end":{"line":211,"column":16}},"211":{"start":{"line":212,"column":0},"end":{"line":212,"column":17}},"212":{"start":{"line":213,"column":0},"end":{"line":213,"column":15}},"213":{"start":{"line":214,"column":0},"end":{"line":214,"column":23}},"214":{"start":{"line":215,"column":0},"end":{"line":215,"column":68}},"215":{"start":{"line":216,"column":0},"end":{"line":216,"column":30}},"216":{"start":{"line":217,"column":0},"end":{"line":217,"column":54}},"217":{"start":{"line":218,"column":0},"end":{"line":218,"column":42}},"218":{"start":{"line":219,"column":0},"end":{"line":219,"column":9}},"219":{"start":{"line":220,"column":0},"end":{"line":220,"column":41}},"220":{"start":{"line":221,"column":0},"end":{"line":221,"column":17}},"221":{"start":{"line":222,"column":0},"end":{"line":222,"column":12}},"222":{"start":{"line":223,"column":0},"end":{"line":223,"column":10}},"223":{"start":{"line":224,"column":0},"end":{"line":224,"column":3}},"224":{"start":{"line":225,"column":0},"end":{"line":225,"column":1}}},"s":{"0":1,"1":1,"2":1,"3":1,"4":1,"5":1,"6":1,"7":1,"8":1,"9":1,"10":1,"11":1,"12":1,"13":1,"14":1,"15":1,"16":1,"17":1,"18":1,"19":1,"20":1,"21":1,"22":1,"23":1,"24":1,"25":1,"26":1,"27":153,"28":153,"29":153,"30":153,"31":153,"32":153,"33":153,"34":153,"35":153,"36":153,"37":153,"38":153,"39":153,"40":153,"41":153,"42":31,"43":21,"44":21,"45":21,"46":21,"47":21,"48":31,"49":10,"50":10,"51":10,"52":10,"53":10,"54":10,"55":153,"56":153,"57":153,"58":11,"59":11,"60":11,"61":11,"62":11,"63":11,"64":11,"65":11,"66":11,"67":142,"68":142,"69":8,"70":8,"71":8,"72":8,"73":8,"74":142,"75":142,"76":4,"77":4,"78":4,"79":4,"80":4,"81":4,"82":4,"83":142,"84":142,"85":142,"86":53,"87":53,"88":25,"89":153,"90":153,"91":153,"92":153,"93":153,"94":153,"95":153,"96":153,"97":136,"98":136,"99":136,"100":136,"101":136,"102":153,"103":153,"104":153,"105":153,"106":13,"107":13,"108":13,"109":13,"110":13,"111":13,"112":13,"113":13,"114":13,"115":13,"116":13,"117":13,"118":13,"119":153,"120":153,"121":153,"122":153,"123":3,"124":3,"125":3,"126":3,"127":153,"128":153,"129":153,"130":153,"131":153,"132":153,"133":153,"134":153,"135":153,"136":153,"137":153,"138":153,"139":153,"140":153,"141":153,"142":153,"143":153,"144":153,"145":153,"146":153,"147":136,"148":136,"149":136,"150":136,"151":136,"152":136,"153":136,"154":136,"155":136,"156":136,"157":136,"158":136,"159":136,"160":136,"161":136,"162":153,"163":153,"164":153,"165":153,"166":136,"167":136,"168":136,"169":136,"170":136,"171":136,"172":136,"173":136,"174":136,"175":136,"176":136,"177":136,"178":136,"179":136,"180":136,"181":136,"182":136,"183":136,"184":136,"185":136,"186":136,"187":136,"188":136,"189":136,"190":136,"191":136,"192":136,"193":136,"194":136,"195":136,"196":136,"197":136,"198":136,"199":153,"200":153,"201":153,"202":153,"203":153,"204":153,"205":153,"206":153,"207":153,"208":153,"209":153,"210":153,"211":153,"212":153,"213":153,"214":153,"215":153,"216":153,"217":153,"218":153,"219":153,"220":153,"221":153,"222":153,"223":153,"224":153},"branchMap":{"0":{"type":"branch","line":27,"loc":{"start":{"line":27,"column":7},"end":{"line":225,"column":1}},"locations":[{"start":{"line":27,"column":7},"end":{"line":225,"column":1}}]},"1":{"type":"branch","line":58,"loc":{"start":{"line":58,"column":15},"end":{"line":67,"column":3}},"locations":[{"start":{"line":58,"column":15},"end":{"line":67,"column":3}}]},"2":{"type":"branch","line":61,"loc":{"start":{"line":61,"column":57},"end":{"line":61,"column":94}},"locations":[{"start":{"line":61,"column":57},"end":{"line":61,"column":94}}]},"3":{"type":"branch","line":67,"loc":{"start":{"line":67,"column":2},"end":{"line":86,"column":42}},"locations":[{"start":{"line":67,"column":2},"end":{"line":86,"column":42}}]},"4":{"type":"branch","line":86,"loc":{"start":{"line":86,"column":27},"end":{"line":87,"column":43}},"locations":[{"start":{"line":86,"column":27},"end":{"line":87,"column":43}}]},"5":{"type":"branch","line":87,"loc":{"start":{"line":87,"column":25},"end":{"line":87,"column":43}},"locations":[{"start":{"line":87,"column":25},"end":{"line":87,"column":43}}]},"6":{"type":"branch","line":87,"loc":{"start":{"line":87,"column":37},"end":{"line":88,"column":60}},"locations":[{"start":{"line":87,"column":37},"end":{"line":88,"column":60}}]},"7":{"type":"branch","line":88,"loc":{"start":{"line":88,"column":27},"end":{"line":88,"column":45}},"locations":[{"start":{"line":88,"column":27},"end":{"line":88,"column":45}}]},"8":{"type":"branch","line":88,"loc":{"start":{"line":88,"column":49},"end":{"line":88,"column":60}},"locations":[{"start":{"line":88,"column":49},"end":{"line":88,"column":60}}]},"9":{"type":"branch","line":88,"loc":{"start":{"line":88,"column":54},"end":{"line":89,"column":57}},"locations":[{"start":{"line":88,"column":54},"end":{"line":89,"column":57}}]},"10":{"type":"branch","line":89,"loc":{"start":{"line":89,"column":27},"end":{"line":89,"column":45}},"locations":[{"start":{"line":89,"column":27},"end":{"line":89,"column":45}}]},"11":{"type":"branch","line":89,"loc":{"start":{"line":89,"column":49},"end":{"line":89,"column":57}},"locations":[{"start":{"line":89,"column":49},"end":{"line":89,"column":57}}]},"12":{"type":"branch","line":93,"loc":{"start":{"line":93,"column":34},"end":{"line":93,"column":71}},"locations":[{"start":{"line":93,"column":34},"end":{"line":93,"column":71}}]},"13":{"type":"branch","line":93,"loc":{"start":{"line":93,"column":44},"end":{"line":93,"column":73}},"locations":[{"start":{"line":93,"column":44},"end":{"line":93,"column":73}}]},"14":{"type":"branch","line":97,"loc":{"start":{"line":97,"column":14},"end":{"line":97,"column":39}},"locations":[{"start":{"line":97,"column":14},"end":{"line":97,"column":39}}]},"15":{"type":"branch","line":97,"loc":{"start":{"line":97,"column":27},"end":{"line":102,"column":14}},"locations":[{"start":{"line":97,"column":27},"end":{"line":102,"column":14}}]},"16":{"type":"branch","line":106,"loc":{"start":{"line":106,"column":14},"end":{"line":119,"column":14}},"locations":[{"start":{"line":106,"column":14},"end":{"line":119,"column":14}}]},"17":{"type":"branch","line":117,"loc":{"start":{"line":117,"column":13},"end":{"line":117,"column":46}},"locations":[{"start":{"line":117,"column":13},"end":{"line":117,"column":46}}]},"18":{"type":"branch","line":117,"loc":{"start":{"line":117,"column":28},"end":{"line":117,"column":62}},"locations":[{"start":{"line":117,"column":28},"end":{"line":117,"column":62}}]},"19":{"type":"branch","line":123,"loc":{"start":{"line":123,"column":14},"end":{"line":123,"column":45}},"locations":[{"start":{"line":123,"column":14},"end":{"line":123,"column":45}}]},"20":{"type":"branch","line":123,"loc":{"start":{"line":123,"column":28},"end":{"line":127,"column":14}},"locations":[{"start":{"line":123,"column":28},"end":{"line":127,"column":14}}]},"21":{"type":"branch","line":140,"loc":{"start":{"line":140,"column":20},"end":{"line":140,"column":39}},"locations":[{"start":{"line":140,"column":20},"end":{"line":140,"column":39}}]},"22":{"type":"branch","line":141,"loc":{"start":{"line":141,"column":16},"end":{"line":141,"column":30}},"locations":[{"start":{"line":141,"column":16},"end":{"line":141,"column":30}}]},"23":{"type":"branch","line":141,"loc":{"start":{"line":141,"column":26},"end":{"line":141,"column":32}},"locations":[{"start":{"line":141,"column":26},"end":{"line":141,"column":32}}]},"24":{"type":"branch","line":147,"loc":{"start":{"line":147,"column":8},"end":{"line":162,"column":14}},"locations":[{"start":{"line":147,"column":8},"end":{"line":162,"column":14}}]},"25":{"type":"branch","line":166,"loc":{"start":{"line":166,"column":8},"end":{"line":199,"column":11}},"locations":[{"start":{"line":166,"column":8},"end":{"line":199,"column":11}}]},"26":{"type":"branch","line":217,"loc":{"start":{"line":217,"column":20},"end":{"line":217,"column":42}},"locations":[{"start":{"line":217,"column":20},"end":{"line":217,"column":42}}]},"27":{"type":"branch","line":217,"loc":{"start":{"line":217,"column":32},"end":{"line":217,"column":54}},"locations":[{"start":{"line":217,"column":32},"end":{"line":217,"column":54}}]},"28":{"type":"branch","line":220,"loc":{"start":{"line":220,"column":11},"end":{"line":220,"column":34}},"locations":[{"start":{"line":220,"column":11},"end":{"line":220,"column":34}}]},"29":{"type":"branch","line":220,"loc":{"start":{"line":220,"column":20},"end":{"line":220,"column":41}},"locations":[{"start":{"line":220,"column":20},"end":{"line":220,"column":41}}]},"30":{"type":"branch","line":42,"loc":{"start":{"line":42,"column":12},"end":{"line":56,"column":5}},"locations":[{"start":{"line":42,"column":12},"end":{"line":56,"column":5}}]},"31":{"type":"branch","line":43,"loc":{"start":{"line":43,"column":16},"end":{"line":49,"column":11}},"locations":[{"start":{"line":43,"column":16},"end":{"line":49,"column":11}}]},"32":{"type":"branch","line":45,"loc":{"start":{"line":45,"column":25},"end":{"line":45,"column":39}},"locations":[{"start":{"line":45,"column":25},"end":{"line":45,"column":39}}]},"33":{"type":"branch","line":46,"loc":{"start":{"line":46,"column":27},"end":{"line":46,"column":45}},"locations":[{"start":{"line":46,"column":27},"end":{"line":46,"column":45}}]},"34":{"type":"branch","line":46,"loc":{"start":{"line":46,"column":49},"end":{"line":46,"column":56}},"locations":[{"start":{"line":46,"column":49},"end":{"line":46,"column":56}}]},"35":{"type":"branch","line":47,"loc":{"start":{"line":47,"column":27},"end":{"line":47,"column":45}},"locations":[{"start":{"line":47,"column":27},"end":{"line":47,"column":45}}]},"36":{"type":"branch","line":47,"loc":{"start":{"line":47,"column":49},"end":{"line":47,"column":56}},"locations":[{"start":{"line":47,"column":49},"end":{"line":47,"column":56}}]},"37":{"type":"branch","line":49,"loc":{"start":{"line":49,"column":4},"end":{"line":55,"column":5}},"locations":[{"start":{"line":49,"column":4},"end":{"line":55,"column":5}}]},"38":{"type":"branch","line":69,"loc":{"start":{"line":69,"column":22},"end":{"line":74,"column":3}},"locations":[{"start":{"line":69,"column":22},"end":{"line":74,"column":3}}]},"39":{"type":"branch","line":72,"loc":{"start":{"line":72,"column":11},"end":{"line":72,"column":26}},"locations":[{"start":{"line":72,"column":11},"end":{"line":72,"column":26}}]},"40":{"type":"branch","line":73,"loc":{"start":{"line":73,"column":14},"end":{"line":73,"column":33}},"locations":[{"start":{"line":73,"column":14},"end":{"line":73,"column":33}}]},"41":{"type":"branch","line":76,"loc":{"start":{"line":76,"column":21},"end":{"line":83,"column":3}},"locations":[{"start":{"line":76,"column":21},"end":{"line":83,"column":3}}]},"42":{"type":"branch","line":79,"loc":{"start":{"line":79,"column":16},"end":{"line":79,"column":33}},"locations":[{"start":{"line":79,"column":16},"end":{"line":79,"column":33}}]},"43":{"type":"branch","line":114,"loc":{"start":{"line":114,"column":21},"end":{"line":114,"column":58}},"locations":[{"start":{"line":114,"column":21},"end":{"line":114,"column":58}}]},"44":{"type":"branch","line":139,"loc":{"start":{"line":139,"column":20},"end":{"line":139,"column":58}},"locations":[{"start":{"line":139,"column":20},"end":{"line":139,"column":58}}]},"45":{"type":"branch","line":177,"loc":{"start":{"line":177,"column":24},"end":{"line":177,"column":61}},"locations":[{"start":{"line":177,"column":24},"end":{"line":177,"column":61}}]}},"b":{"0":[153],"1":[11],"2":[0],"3":[142],"4":[53],"5":[0],"6":[53],"7":[51],"8":[2],"9":[25],"10":[23],"11":[2],"12":[6],"13":[136],"14":[142],"15":[136],"16":[13],"17":[3],"18":[10],"19":[13],"20":[3],"21":[142],"22":[6],"23":[136],"24":[136],"25":[136],"26":[142],"27":[140],"28":[2],"29":[140],"30":[31],"31":[21],"32":[0],"33":[19],"34":[2],"35":[19],"36":[2],"37":[10],"38":[8],"39":[14],"40":[14],"41":[4],"42":[0],"43":[3],"44":[69],"45":[28]},"fnMap":{"0":{"name":"BulletEditor","decl":{"start":{"line":27,"column":7},"end":{"line":225,"column":1}},"loc":{"start":{"line":27,"column":7},"end":{"line":225,"column":1}},"line":27},"1":{"name":"parseSkills","decl":{"start":{"line":69,"column":22},"end":{"line":74,"column":3}},"loc":{"start":{"line":69,"column":22},"end":{"line":74,"column":3}},"line":69},"2":{"name":"handleSave","decl":{"start":{"line":76,"column":21},"end":{"line":83,"column":3}},"loc":{"start":{"line":76,"column":21},"end":{"line":83,"column":3}},"line":76},"3":{"name":"onClick","decl":{"start":{"line":114,"column":21},"end":{"line":114,"column":58}},"loc":{"start":{"line":114,"column":21},"end":{"line":114,"column":58}},"line":114},"4":{"name":"onChange","decl":{"start":{"line":139,"column":20},"end":{"line":139,"column":58}},"loc":{"start":{"line":139,"column":20},"end":{"line":139,"column":58}},"line":139},"5":{"name":"onChange","decl":{"start":{"line":157,"column":22},"end":{"line":157,"column":57}},"loc":{"start":{"line":157,"column":22},"end":{"line":157,"column":57}},"line":157},"6":{"name":"onChange","decl":{"start":{"line":177,"column":24},"end":{"line":177,"column":61}},"loc":{"start":{"line":177,"column":24},"end":{"line":177,"column":61}},"line":177},"7":{"name":"onChange","decl":{"start":{"line":193,"column":24},"end":{"line":193,"column":61}},"loc":{"start":{"line":193,"column":24},"end":{"line":193,"column":61}},"line":193}},"f":{"0":153,"1":8,"2":4,"3":3,"4":69,"5":0,"6":28,"7":0}}
,"/Users/aryamanp/CountyPulseProject/CountyPulse/packages/ui/src/components/bullets/BulletsList.tsx": {"path":"/Users/aryamanp/CountyPulseProject/CountyPulse/packages/ui/src/components/bullets/BulletsList.tsx","all":false,"statementMap":{"0":{"start":{"line":1,"column":0},"end":{"line":1,"column":41}},"1":{"start":{"line":2,"column":0},"end":{"line":2,"column":50}},"2":{"start":{"line":3,"column":0},"end":{"line":3,"column":26}},"3":{"start":{"line":4,"column":0},"end":{"line":4,"column":0}},"4":{"start":{"line":5,"column":0},"end":{"line":5,"column":35}},"5":{"start":{"line":6,"column":0},"end":{"line":6,"column":31}},"6":{"start":{"line":7,"column":0},"end":{"line":7,"column":33}},"7":{"start":{"line":8,"column":0},"end":{"line":8,"column":44}},"8":{"start":{"line":9,"column":0},"end":{"line":9,"column":45}},"9":{"start":{"line":10,"column":0},"end":{"line":10,"column":26}},"10":{"start":{"line":11,"column":0},"end":{"line":11,"column":19}},"11":{"start":{"line":12,"column":0},"end":{"line":12,"column":22}},"12":{"start":{"line":13,"column":0},"end":{"line":13,"column":1}},"13":{"start":{"line":14,"column":0},"end":{"line":14,"column":0}},"14":{"start":{"line":15,"column":0},"end":{"line":15,"column":3}},"15":{"start":{"line":16,"column":0},"end":{"line":16,"column":62}},"16":{"start":{"line":17,"column":0},"end":{"line":17,"column":3}},"17":{"start":{"line":18,"column":0},"end":{"line":18,"column":29}},"18":{"start":{"line":19,"column":0},"end":{"line":19,"column":10}},"19":{"start":{"line":20,"column":0},"end":{"line":20,"column":19}},"20":{"start":{"line":21,"column":0},"end":{"line":21,"column":17}},"21":{"start":{"line":22,"column":0},"end":{"line":22,"column":17}},"22":{"start":{"line":23,"column":0},"end":{"line":23,"column":14}},"23":{"start":{"line":24,"column":0},"end":{"line":24,"column":18}},"24":{"start":{"line":25,"column":0},"end":{"line":25,"column":15}},"25":{"start":{"line":26,"column":0},"end":{"line":26,"column":22}},"26":{"start":{"line":27,"column":0},"end":{"line":27,"column":50}},"27":{"start":{"line":28,"column":0},"end":{"line":28,"column":0}},"28":{"start":{"line":29,"column":0},"end":{"line":29,"column":41}},"29":{"start":{"line":30,"column":0},"end":{"line":30,"column":29}},"30":{"start":{"line":31,"column":0},"end":{"line":31,"column":20}},"31":{"start":{"line":32,"column":0},"end":{"line":32,"column":5}},"32":{"start":{"line":33,"column":0},"end":{"line":33,"column":0}},"33":{"start":{"line":34,"column":0},"end":{"line":34,"column":43}},"34":{"start":{"line":35,"column":0},"end":{"line":35,"column":39}},"35":{"start":{"line":36,"column":0},"end":{"line":36,"column":74}},"36":{"start":{"line":37,"column":0},"end":{"line":37,"column":75}},"37":{"start":{"line":38,"column":0},"end":{"line":38,"column":82}},"38":{"start":{"line":39,"column":0},"end":{"line":39,"column":78}},"39":{"start":{"line":40,"column":0},"end":{"line":40,"column":60}},"40":{"start":{"line":41,"column":0},"end":{"line":41,"column":40}},"41":{"start":{"line":42,"column":0},"end":{"line":42,"column":7}},"42":{"start":{"line":43,"column":0},"end":{"line":43,"column":60}},"43":{"start":{"line":44,"column":0},"end":{"line":44,"column":40}},"44":{"start":{"line":45,"column":0},"end":{"line":45,"column":7}},"45":{"start":{"line":46,"column":0},"end":{"line":46,"column":0}},"46":{"start":{"line":47,"column":0},"end":{"line":47,"column":14}},"47":{"start":{"line":48,"column":0},"end":{"line":48,"column":20}},"48":{"start":{"line":49,"column":0},"end":{"line":49,"column":24}},"49":{"start":{"line":50,"column":0},"end":{"line":50,"column":23}},"50":{"start":{"line":51,"column":0},"end":{"line":51,"column":21}},"51":{"start":{"line":52,"column":0},"end":{"line":52,"column":25}},"52":{"start":{"line":53,"column":0},"end":{"line":53,"column":22}},"53":{"start":{"line":54,"column":0},"end":{"line":54,"column":7}},"54":{"start":{"line":55,"column":0},"end":{"line":55,"column":6}},"55":{"start":{"line":56,"column":0},"end":{"line":56,"column":27}},"56":{"start":{"line":57,"column":0},"end":{"line":57,"column":0}},"57":{"start":{"line":58,"column":0},"end":{"line":58,"column":14}},"58":{"start":{"line":59,"column":0},"end":{"line":59,"column":12}},"59":{"start":{"line":60,"column":0},"end":{"line":60,"column":89}},"60":{"start":{"line":61,"column":0},"end":{"line":61,"column":51}},"61":{"start":{"line":62,"column":0},"end":{"line":62,"column":49}},"62":{"start":{"line":63,"column":0},"end":{"line":63,"column":12}},"63":{"start":{"line":64,"column":0},"end":{"line":64,"column":12}},"64":{"start":{"line":65,"column":0},"end":{"line":65,"column":5}},"65":{"start":{"line":66,"column":0},"end":{"line":66,"column":3}},"66":{"start":{"line":67,"column":0},"end":{"line":67,"column":0}},"67":{"start":{"line":68,"column":0},"end":{"line":68,"column":16}},"68":{"start":{"line":69,"column":0},"end":{"line":69,"column":12}},"69":{"start":{"line":70,"column":0},"end":{"line":70,"column":93}},"70":{"start":{"line":71,"column":0},"end":{"line":71,"column":75}},"71":{"start":{"line":72,"column":0},"end":{"line":72,"column":12}},"72":{"start":{"line":73,"column":0},"end":{"line":73,"column":5}},"73":{"start":{"line":74,"column":0},"end":{"line":74,"column":3}},"74":{"start":{"line":75,"column":0},"end":{"line":75,"column":0}},"75":{"start":{"line":76,"column":0},"end":{"line":76,"column":10}},"76":{"start":{"line":77,"column":0},"end":{"line":77,"column":61}},"77":{"start":{"line":78,"column":0},"end":{"line":78,"column":42}},"78":{"start":{"line":79,"column":0},"end":{"line":79,"column":48}},"79":{"start":{"line":80,"column":0},"end":{"line":80,"column":46}},"80":{"start":{"line":81,"column":0},"end":{"line":81,"column":16}},"81":{"start":{"line":82,"column":0},"end":{"line":82,"column":23}},"82":{"start":{"line":83,"column":0},"end":{"line":83,"column":50}},"83":{"start":{"line":84,"column":0},"end":{"line":84,"column":43}},"84":{"start":{"line":85,"column":0},"end":{"line":85,"column":30}},"85":{"start":{"line":86,"column":0},"end":{"line":86,"column":59}},"86":{"start":{"line":87,"column":0},"end":{"line":87,"column":45}},"87":{"start":{"line":88,"column":0},"end":{"line":88,"column":12}},"88":{"start":{"line":89,"column":0},"end":{"line":89,"column":26}},"89":{"start":{"line":90,"column":0},"end":{"line":90,"column":19}},"90":{"start":{"line":91,"column":0},"end":{"line":91,"column":27}},"91":{"start":{"line":92,"column":0},"end":{"line":92,"column":52}},"92":{"start":{"line":93,"column":0},"end":{"line":93,"column":47}},"93":{"start":{"line":94,"column":0},"end":{"line":94,"column":39}},"94":{"start":{"line":95,"column":0},"end":{"line":95,"column":53}},"95":{"start":{"line":96,"column":0},"end":{"line":96,"column":13}},"96":{"start":{"line":97,"column":0},"end":{"line":97,"column":15}},"97":{"start":{"line":98,"column":0},"end":{"line":98,"column":21}},"98":{"start":{"line":99,"column":0},"end":{"line":99,"column":12}},"99":{"start":{"line":100,"column":0},"end":{"line":100,"column":14}},"100":{"start":{"line":101,"column":0},"end":{"line":101,"column":25}},"101":{"start":{"line":102,"column":0},"end":{"line":102,"column":17}},"102":{"start":{"line":103,"column":0},"end":{"line":103,"column":25}},"103":{"start":{"line":104,"column":0},"end":{"line":104,"column":45}},"104":{"start":{"line":105,"column":0},"end":{"line":105,"column":33}},"105":{"start":{"line":106,"column":0},"end":{"line":106,"column":35}},"106":{"start":{"line":107,"column":0},"end":{"line":107,"column":40}},"107":{"start":{"line":108,"column":0},"end":{"line":108,"column":11}},"108":{"start":{"line":109,"column":0},"end":{"line":109,"column":13}},"109":{"start":{"line":110,"column":0},"end":{"line":110,"column":19}},"110":{"start":{"line":111,"column":0},"end":{"line":111,"column":10}},"111":{"start":{"line":112,"column":0},"end":{"line":112,"column":12}},"112":{"start":{"line":113,"column":0},"end":{"line":113,"column":0}},"113":{"start":{"line":114,"column":0},"end":{"line":114,"column":27}},"114":{"start":{"line":115,"column":0},"end":{"line":115,"column":76}},"115":{"start":{"line":116,"column":0},"end":{"line":116,"column":60}},"116":{"start":{"line":117,"column":0},"end":{"line":117,"column":37}},"117":{"start":{"line":118,"column":0},"end":{"line":118,"column":12}},"118":{"start":{"line":119,"column":0},"end":{"line":119,"column":0}},"119":{"start":{"line":120,"column":0},"end":{"line":120,"column":26}},"120":{"start":{"line":121,"column":0},"end":{"line":121,"column":39}},"121":{"start":{"line":122,"column":0},"end":{"line":122,"column":78}},"122":{"start":{"line":123,"column":0},"end":{"line":123,"column":31}},"123":{"start":{"line":124,"column":0},"end":{"line":124,"column":61}},"124":{"start":{"line":125,"column":0},"end":{"line":125,"column":46}},"125":{"start":{"line":126,"column":0},"end":{"line":126,"column":14}},"126":{"start":{"line":127,"column":0},"end":{"line":127,"column":11}},"127":{"start":{"line":128,"column":0},"end":{"line":128,"column":77}},"128":{"start":{"line":129,"column":0},"end":{"line":129,"column":44}},"129":{"start":{"line":130,"column":0},"end":{"line":130,"column":15}},"130":{"start":{"line":131,"column":0},"end":{"line":131,"column":29}},"131":{"start":{"line":132,"column":0},"end":{"line":132,"column":47}},"132":{"start":{"line":133,"column":0},"end":{"line":133,"column":84}},"133":{"start":{"line":134,"column":0},"end":{"line":134,"column":17}},"134":{"start":{"line":135,"column":0},"end":{"line":135,"column":54}},"135":{"start":{"line":136,"column":0},"end":{"line":136,"column":13}},"136":{"start":{"line":137,"column":0},"end":{"line":137,"column":21}},"137":{"start":{"line":138,"column":0},"end":{"line":138,"column":29}},"138":{"start":{"line":139,"column":0},"end":{"line":139,"column":53}},"139":{"start":{"line":140,"column":0},"end":{"line":140,"column":57}},"140":{"start":{"line":141,"column":0},"end":{"line":141,"column":58}},"141":{"start":{"line":142,"column":0},"end":{"line":142,"column":15}},"142":{"start":{"line":143,"column":0},"end":{"line":143,"column":40}},"143":{"start":{"line":144,"column":0},"end":{"line":144,"column":37}},"144":{"start":{"line":145,"column":0},"end":{"line":145,"column":62}},"145":{"start":{"line":146,"column":0},"end":{"line":146,"column":65}},"146":{"start":{"line":147,"column":0},"end":{"line":147,"column":47}},"147":{"start":{"line":148,"column":0},"end":{"line":148,"column":27}},"148":{"start":{"line":149,"column":0},"end":{"line":149,"column":63}},"149":{"start":{"line":150,"column":0},"end":{"line":150,"column":45}},"150":{"start":{"line":151,"column":0},"end":{"line":151,"column":27}},"151":{"start":{"line":152,"column":0},"end":{"line":152,"column":24}},"152":{"start":{"line":153,"column":0},"end":{"line":153,"column":18}},"153":{"start":{"line":154,"column":0},"end":{"line":154,"column":0}},"154":{"start":{"line":155,"column":0},"end":{"line":155,"column":47}},"155":{"start":{"line":156,"column":0},"end":{"line":156,"column":80}},"156":{"start":{"line":157,"column":0},"end":{"line":157,"column":0}},"157":{"start":{"line":158,"column":0},"end":{"line":158,"column":36}},"158":{"start":{"line":159,"column":0},"end":{"line":159,"column":57}},"159":{"start":{"line":160,"column":0},"end":{"line":160,"column":39}},"160":{"start":{"line":161,"column":0},"end":{"line":161,"column":90}},"161":{"start":{"line":162,"column":0},"end":{"line":162,"column":20}},"162":{"start":{"line":163,"column":0},"end":{"line":163,"column":41}},"163":{"start":{"line":164,"column":0},"end":{"line":164,"column":25}},"164":{"start":{"line":165,"column":0},"end":{"line":165,"column":59}},"165":{"start":{"line":166,"column":0},"end":{"line":166,"column":59}},"166":{"start":{"line":167,"column":0},"end":{"line":167,"column":21}},"167":{"start":{"line":168,"column":0},"end":{"line":168,"column":28}},"168":{"start":{"line":169,"column":0},"end":{"line":169,"column":27}},"169":{"start":{"line":170,"column":0},"end":{"line":170,"column":20}},"170":{"start":{"line":171,"column":0},"end":{"line":171,"column":22}},"171":{"start":{"line":172,"column":0},"end":{"line":172,"column":23}},"172":{"start":{"line":173,"column":0},"end":{"line":173,"column":0}},"173":{"start":{"line":174,"column":0},"end":{"line":174,"column":35}},"174":{"start":{"line":175,"column":0},"end":{"line":175,"column":34}},"175":{"start":{"line":176,"column":0},"end":{"line":176,"column":23}},"176":{"start":{"line":177,"column":0},"end":{"line":177,"column":31}},"177":{"start":{"line":178,"column":0},"end":{"line":178,"column":55}},"178":{"start":{"line":179,"column":0},"end":{"line":179,"column":35}},"179":{"start":{"line":180,"column":0},"end":{"line":180,"column":39}},"180":{"start":{"line":181,"column":0},"end":{"line":181,"column":45}},"181":{"start":{"line":182,"column":0},"end":{"line":182,"column":20}},"182":{"start":{"line":183,"column":0},"end":{"line":183,"column":46}},"183":{"start":{"line":184,"column":0},"end":{"line":184,"column":60}},"184":{"start":{"line":185,"column":0},"end":{"line":185,"column":17}},"185":{"start":{"line":186,"column":0},"end":{"line":186,"column":24}},"186":{"start":{"line":187,"column":0},"end":{"line":187,"column":25}},"187":{"start":{"line":188,"column":0},"end":{"line":188,"column":16}},"188":{"start":{"line":189,"column":0},"end":{"line":189,"column":17}},"189":{"start":{"line":190,"column":0},"end":{"line":190,"column":13}},"190":{"start":{"line":191,"column":0},"end":{"line":191,"column":13}},"191":{"start":{"line":192,"column":0},"end":{"line":192,"column":8}},"192":{"start":{"line":193,"column":0},"end":{"line":193,"column":10}},"193":{"start":{"line":194,"column":0},"end":{"line":194,"column":3}},"194":{"start":{"line":195,"column":0},"end":{"line":195,"column":1}}},"s":{"0":1,"1":1,"2":1,"3":1,"4":1,"5":1,"6":1,"7":1,"8":1,"9":1,"10":1,"11":1,"12":1,"13":1,"14":1,"15":1,"16":1,"17":1,"18":68,"19":68,"20":68,"21":68,"22":68,"23":68,"24":68,"25":68,"26":68,"27":68,"28":68,"29":64,"30":28,"31":28,"32":36,"33":36,"34":36,"35":72,"36":72,"37":72,"38":72,"39":72,"40":132,"41":72,"42":72,"43":107,"44":72,"45":72,"46":72,"47":72,"48":55,"49":50,"50":48,"51":46,"52":40,"53":72,"54":36,"55":68,"56":68,"57":68,"58":1,"59":1,"60":1,"61":1,"62":1,"63":1,"64":1,"65":1,"66":67,"67":68,"68":1,"69":1,"70":1,"71":1,"72":1,"73":1,"74":66,"75":66,"76":66,"77":66,"78":66,"79":66,"80":66,"81":66,"82":66,"83":66,"84":66,"85":66,"86":66,"87":66,"88":66,"89":36,"90":36,"91":36,"92":36,"93":36,"94":36,"95":36,"96":36,"97":36,"98":68,"99":68,"100":68,"101":14,"102":14,"103":14,"104":14,"105":14,"106":14,"107":14,"108":14,"109":14,"110":68,"111":68,"112":68,"113":68,"114":68,"115":68,"116":68,"117":68,"118":68,"119":68,"120":68,"121":15,"122":15,"123":1,"124":14,"125":15,"126":51,"127":51,"128":51,"129":90,"130":90,"131":90,"132":90,"133":90,"134":90,"135":90,"136":90,"137":90,"138":90,"139":90,"140":90,"141":90,"142":90,"143":90,"144":90,"145":90,"146":90,"147":90,"148":90,"149":90,"150":90,"151":90,"152":90,"153":90,"154":90,"155":90,"156":90,"157":90,"158":90,"159":90,"160":90,"161":90,"162":90,"163":36,"164":36,"165":36,"166":36,"167":36,"168":36,"169":90,"170":90,"171":90,"172":90,"173":90,"174":90,"175":26,"176":26,"177":26,"178":26,"179":3,"180":3,"181":3,"182":26,"183":26,"184":26,"185":26,"186":26,"187":90,"188":90,"189":51,"190":51,"191":68,"192":68,"193":68,"194":68},"branchMap":{"0":{"type":"branch","line":18,"loc":{"start":{"line":18,"column":7},"end":{"line":195,"column":1}},"locations":[{"start":{"line":18,"column":7},"end":{"line":195,"column":1}}]},"1":{"type":"branch","line":58,"loc":{"start":{"line":58,"column":13},"end":{"line":66,"column":3}},"locations":[{"start":{"line":58,"column":13},"end":{"line":66,"column":3}}]},"2":{"type":"branch","line":66,"loc":{"start":{"line":66,"column":2},"end":{"line":68,"column":15}},"locations":[{"start":{"line":66,"column":2},"end":{"line":68,"column":15}}]},"3":{"type":"branch","line":68,"loc":{"start":{"line":68,"column":15},"end":{"line":74,"column":3}},"locations":[{"start":{"line":68,"column":15},"end":{"line":74,"column":3}}]},"4":{"type":"branch","line":74,"loc":{"start":{"line":74,"column":2},"end":{"line":89,"column":26}},"locations":[{"start":{"line":74,"column":2},"end":{"line":89,"column":26}}]},"5":{"type":"branch","line":89,"loc":{"start":{"line":89,"column":11},"end":{"line":98,"column":21}},"locations":[{"start":{"line":89,"column":11},"end":{"line":98,"column":21}}]},"6":{"type":"branch","line":101,"loc":{"start":{"line":101,"column":9},"end":{"line":110,"column":19}},"locations":[{"start":{"line":101,"column":9},"end":{"line":110,"column":19}}]},"7":{"type":"branch","line":117,"loc":{"start":{"line":117,"column":9},"end":{"line":117,"column":37}},"locations":[{"start":{"line":117,"column":9},"end":{"line":117,"column":37}}]},"8":{"type":"branch","line":121,"loc":{"start":{"line":121,"column":34},"end":{"line":126,"column":14}},"locations":[{"start":{"line":121,"column":34},"end":{"line":126,"column":14}}]},"9":{"type":"branch","line":123,"loc":{"start":{"line":123,"column":30},"end":{"line":124,"column":61}},"locations":[{"start":{"line":123,"column":30},"end":{"line":124,"column":61}}]},"10":{"type":"branch","line":124,"loc":{"start":{"line":124,"column":14},"end":{"line":125,"column":46}},"locations":[{"start":{"line":124,"column":14},"end":{"line":125,"column":46}}]},"11":{"type":"branch","line":126,"loc":{"start":{"line":126,"column":8},"end":{"line":191,"column":13}},"locations":[{"start":{"line":126,"column":8},"end":{"line":191,"column":13}}]},"12":{"type":"branch","line":29,"loc":{"start":{"line":29,"column":34},"end":{"line":56,"column":5}},"locations":[{"start":{"line":29,"column":34},"end":{"line":56,"column":5}}]},"13":{"type":"branch","line":30,"loc":{"start":{"line":30,"column":28},"end":{"line":32,"column":5}},"locations":[{"start":{"line":30,"column":28},"end":{"line":32,"column":5}}]},"14":{"type":"branch","line":32,"loc":{"start":{"line":32,"column":4},"end":{"line":55,"column":6}},"locations":[{"start":{"line":32,"column":4},"end":{"line":55,"column":6}}]},"15":{"type":"branch","line":35,"loc":{"start":{"line":35,"column":26},"end":{"line":55,"column":5}},"locations":[{"start":{"line":35,"column":26},"end":{"line":55,"column":5}}]},"16":{"type":"branch","line":48,"loc":{"start":{"line":48,"column":8},"end":{"line":49,"column":24}},"locations":[{"start":{"line":48,"column":8},"end":{"line":49,"column":24}}]},"17":{"type":"branch","line":49,"loc":{"start":{"line":49,"column":8},"end":{"line":50,"column":23}},"locations":[{"start":{"line":49,"column":8},"end":{"line":50,"column":23}}]},"18":{"type":"branch","line":50,"loc":{"start":{"line":50,"column":8},"end":{"line":51,"column":21}},"locations":[{"start":{"line":50,"column":8},"end":{"line":51,"column":21}}]},"19":{"type":"branch","line":51,"loc":{"start":{"line":51,"column":8},"end":{"line":52,"column":25}},"locations":[{"start":{"line":51,"column":8},"end":{"line":52,"column":25}}]},"20":{"type":"branch","line":52,"loc":{"start":{"line":52,"column":8},"end":{"line":53,"column":22}},"locations":[{"start":{"line":52,"column":8},"end":{"line":53,"column":22}}]},"21":{"type":"branch","line":40,"loc":{"start":{"line":40,"column":54},"end":{"line":41,"column":40}},"locations":[{"start":{"line":40,"column":54},"end":{"line":41,"column":40}}]},"22":{"type":"branch","line":43,"loc":{"start":{"line":43,"column":54},"end":{"line":44,"column":40}},"locations":[{"start":{"line":43,"column":54},"end":{"line":44,"column":40}}]},"23":{"type":"branch","line":86,"loc":{"start":{"line":86,"column":22},"end":{"line":86,"column":59}},"locations":[{"start":{"line":86,"column":22},"end":{"line":86,"column":59}}]},"24":{"type":"branch","line":93,"loc":{"start":{"line":93,"column":23},"end":{"line":93,"column":47}},"locations":[{"start":{"line":93,"column":23},"end":{"line":93,"column":47}}]},"25":{"type":"branch","line":129,"loc":{"start":{"line":129,"column":31},"end":{"line":189,"column":17}},"locations":[{"start":{"line":129,"column":31},"end":{"line":189,"column":17}}]},"26":{"type":"branch","line":133,"loc":{"start":{"line":133,"column":44},"end":{"line":133,"column":82}},"locations":[{"start":{"line":133,"column":44},"end":{"line":133,"column":82}}]},"27":{"type":"branch","line":133,"loc":{"start":{"line":133,"column":49},"end":{"line":133,"column":84}},"locations":[{"start":{"line":133,"column":49},"end":{"line":133,"column":84}}]},"28":{"type":"branch","line":163,"loc":{"start":{"line":163,"column":26},"end":{"line":169,"column":27}},"locations":[{"start":{"line":163,"column":26},"end":{"line":169,"column":27}}]},"29":{"type":"branch","line":175,"loc":{"start":{"line":175,"column":15},"end":{"line":187,"column":25}},"locations":[{"start":{"line":175,"column":15},"end":{"line":187,"column":25}}]},"30":{"type":"branch","line":140,"loc":{"start":{"line":140,"column":25},"end":{"line":140,"column":57}},"locations":[{"start":{"line":140,"column":25},"end":{"line":140,"column":57}}]},"31":{"type":"branch","line":179,"loc":{"start":{"line":179,"column":27},"end":{"line":182,"column":20}},"locations":[{"start":{"line":179,"column":27},"end":{"line":182,"column":20}}]}},"b":{"0":[68],"1":[1],"2":[67],"3":[1],"4":[66],"5":[36],"6":[14],"7":[36],"8":[15],"9":[1],"10":[14],"11":[51],"12":[64],"13":[28],"14":[36],"15":[72],"16":[55],"17":[50],"18":[48],"19":[46],"20":[40],"21":[132],"22":[107],"23":[36],"24":[1],"25":[90],"26":[4],"27":[86],"28":[36],"29":[26],"30":[4],"31":[3]},"fnMap":{"0":{"name":"BulletsList","decl":{"start":{"line":18,"column":7},"end":{"line":195,"column":1}},"loc":{"start":{"line":18,"column":7},"end":{"line":195,"column":1}},"line":18},"1":{"name":"onChange","decl":{"start":{"line":86,"column":22},"end":{"line":86,"column":59}},"loc":{"start":{"line":86,"column":22},"end":{"line":86,"column":59}},"line":86},"2":{"name":"onClick","decl":{"start":{"line":93,"column":23},"end":{"line":93,"column":47}},"loc":{"start":{"line":93,"column":23},"end":{"line":93,"column":47}},"line":93},"3":{"name":"onClick","decl":{"start":{"line":140,"column":25},"end":{"line":140,"column":57}},"loc":{"start":{"line":140,"column":25},"end":{"line":140,"column":57}},"line":140},"4":{"name":"onClick","decl":{"start":{"line":179,"column":27},"end":{"line":182,"column":20}},"loc":{"start":{"line":179,"column":27},"end":{"line":182,"column":20}},"line":179}},"f":{"0":68,"1":36,"2":1,"3":4,"4":3}}
,"/Users/aryamanp/CountyPulseProject/CountyPulse/packages/ui/src/components/interview/InterviewChat.tsx": {"path":"/Users/aryamanp/CountyPulseProject/CountyPulse/packages/ui/src/components/interview/InterviewChat.tsx","all":false,"statementMap":{"0":{"start":{"line":1,"column":0},"end":{"line":1,"column":51}},"1":{"start":{"line":2,"column":0},"end":{"line":2,"column":71}},"2":{"start":{"line":3,"column":0},"end":{"line":3,"column":8}},"3":{"start":{"line":4,"column":0},"end":{"line":4,"column":23}},"4":{"start":{"line":5,"column":0},"end":{"line":5,"column":20}},"5":{"start":{"line":6,"column":0},"end":{"line":6,"column":17}},"6":{"start":{"line":7,"column":0},"end":{"line":7,"column":30}},"7":{"start":{"line":8,"column":0},"end":{"line":8,"column":33}},"8":{"start":{"line":9,"column":0},"end":{"line":9,"column":28}},"9":{"start":{"line":10,"column":0},"end":{"line":10,"column":0}},"10":{"start":{"line":11,"column":0},"end":{"line":11,"column":37}},"11":{"start":{"line":12,"column":0},"end":{"line":12,"column":52}},"12":{"start":{"line":13,"column":0},"end":{"line":13,"column":22}},"13":{"start":{"line":14,"column":0},"end":{"line":14,"column":33}},"14":{"start":{"line":15,"column":0},"end":{"line":15,"column":1}},"15":{"start":{"line":16,"column":0},"end":{"line":16,"column":0}},"16":{"start":{"line":17,"column":0},"end":{"line":17,"column":85}},"17":{"start":{"line":18,"column":0},"end":{"line":18,"column":61}},"18":{"start":{"line":19,"column":0},"end":{"line":19,"column":40}},"19":{"start":{"line":20,"column":0},"end":{"line":20,"column":51}},"20":{"start":{"line":21,"column":0},"end":{"line":21,"column":57}},"21":{"start":{"line":22,"column":0},"end":{"line":22,"column":53}},"22":{"start":{"line":23,"column":0},"end":{"line":23,"column":95}},"23":{"start":{"line":24,"column":0},"end":{"line":24,"column":0}},"24":{"start":{"line":25,"column":0},"end":{"line":25,"column":53}},"25":{"start":{"line":26,"column":0},"end":{"line":26,"column":49}},"26":{"start":{"line":27,"column":0},"end":{"line":27,"column":0}},"27":{"start":{"line":28,"column":0},"end":{"line":28,"column":34}},"28":{"start":{"line":29,"column":0},"end":{"line":29,"column":19}},"29":{"start":{"line":30,"column":0},"end":{"line":30,"column":26}},"30":{"start":{"line":31,"column":0},"end":{"line":31,"column":22}},"31":{"start":{"line":32,"column":0},"end":{"line":32,"column":5}},"32":{"start":{"line":33,"column":0},"end":{"line":33,"column":46}},"33":{"start":{"line":34,"column":0},"end":{"line":34,"column":33}},"34":{"start":{"line":35,"column":0},"end":{"line":35,"column":23}},"35":{"start":{"line":36,"column":0},"end":{"line":36,"column":0}},"36":{"start":{"line":37,"column":0},"end":{"line":37,"column":42}},"37":{"start":{"line":38,"column":0},"end":{"line":38,"column":19}},"38":{"start":{"line":39,"column":0},"end":{"line":39,"column":66}},"39":{"start":{"line":40,"column":0},"end":{"line":40,"column":16}},"40":{"start":{"line":41,"column":0},"end":{"line":41,"column":0}},"41":{"start":{"line":42,"column":0},"end":{"line":42,"column":33}},"42":{"start":{"line":43,"column":0},"end":{"line":43,"column":19}},"43":{"start":{"line":44,"column":0},"end":{"line":44,"column":36}},"44":{"start":{"line":45,"column":0},"end":{"line":45,"column":31}},"45":{"start":{"line":46,"column":0},"end":{"line":46,"column":5}},"46":{"start":{"line":47,"column":0},"end":{"line":47,"column":29}},"47":{"start":{"line":48,"column":0},"end":{"line":48,"column":0}},"48":{"start":{"line":49,"column":0},"end":{"line":49,"column":54}},"49":{"start":{"line":50,"column":0},"end":{"line":50,"column":22}},"50":{"start":{"line":51,"column":0},"end":{"line":51,"column":42}},"51":{"start":{"line":52,"column":0},"end":{"line":52,"column":0}},"52":{"start":{"line":53,"column":0},"end":{"line":53,"column":38}},"53":{"start":{"line":54,"column":0},"end":{"line":54,"column":31}},"54":{"start":{"line":55,"column":0},"end":{"line":55,"column":19}},"55":{"start":{"line":56,"column":0},"end":{"line":56,"column":28}},"56":{"start":{"line":57,"column":0},"end":{"line":57,"column":42}},"57":{"start":{"line":58,"column":0},"end":{"line":58,"column":5}},"58":{"start":{"line":59,"column":0},"end":{"line":59,"column":0}},"59":{"start":{"line":60,"column":0},"end":{"line":60,"column":54}},"60":{"start":{"line":61,"column":0},"end":{"line":61,"column":32}},"61":{"start":{"line":62,"column":0},"end":{"line":62,"column":16}},"62":{"start":{"line":63,"column":0},"end":{"line":63,"column":22}},"63":{"start":{"line":64,"column":0},"end":{"line":64,"column":18}},"64":{"start":{"line":65,"column":0},"end":{"line":65,"column":0}},"65":{"start":{"line":66,"column":0},"end":{"line":66,"column":9}},"66":{"start":{"line":67,"column":0},"end":{"line":67,"column":72}},"67":{"start":{"line":68,"column":0},"end":{"line":68,"column":0}},"68":{"start":{"line":69,"column":0},"end":{"line":69,"column":33}},"69":{"start":{"line":70,"column":0},"end":{"line":70,"column":45}},"70":{"start":{"line":71,"column":0},"end":{"line":71,"column":38}},"71":{"start":{"line":72,"column":0},"end":{"line":72,"column":26}},"72":{"start":{"line":73,"column":0},"end":{"line":73,"column":33}},"73":{"start":{"line":74,"column":0},"end":{"line":74,"column":44}},"74":{"start":{"line":75,"column":0},"end":{"line":75,"column":7}},"75":{"start":{"line":76,"column":0},"end":{"line":76,"column":0}},"76":{"start":{"line":77,"column":0},"end":{"line":77,"column":56}},"77":{"start":{"line":78,"column":0},"end":{"line":78,"column":0}},"78":{"start":{"line":79,"column":0},"end":{"line":79,"column":30}},"79":{"start":{"line":80,"column":0},"end":{"line":80,"column":37}},"80":{"start":{"line":81,"column":0},"end":{"line":81,"column":36}},"81":{"start":{"line":82,"column":0},"end":{"line":82,"column":57}},"82":{"start":{"line":83,"column":0},"end":{"line":83,"column":18}},"83":{"start":{"line":84,"column":0},"end":{"line":84,"column":73}},"84":{"start":{"line":85,"column":0},"end":{"line":85,"column":66}},"85":{"start":{"line":86,"column":0},"end":{"line":86,"column":11}},"86":{"start":{"line":87,"column":0},"end":{"line":87,"column":0}},"87":{"start":{"line":88,"column":0},"end":{"line":88,"column":35}},"88":{"start":{"line":89,"column":0},"end":{"line":89,"column":39}},"89":{"start":{"line":90,"column":0},"end":{"line":90,"column":47}},"90":{"start":{"line":91,"column":0},"end":{"line":91,"column":38}},"91":{"start":{"line":92,"column":0},"end":{"line":92,"column":40}},"92":{"start":{"line":93,"column":0},"end":{"line":93,"column":92}},"93":{"start":{"line":94,"column":0},"end":{"line":94,"column":13}},"94":{"start":{"line":95,"column":0},"end":{"line":95,"column":41}},"95":{"start":{"line":96,"column":0},"end":{"line":96,"column":18}},"96":{"start":{"line":97,"column":0},"end":{"line":97,"column":31}},"97":{"start":{"line":98,"column":0},"end":{"line":98,"column":20}},"98":{"start":{"line":99,"column":0},"end":{"line":99,"column":26}},"99":{"start":{"line":100,"column":0},"end":{"line":100,"column":34}},"100":{"start":{"line":101,"column":0},"end":{"line":101,"column":69}},"101":{"start":{"line":102,"column":0},"end":{"line":102,"column":16}},"102":{"start":{"line":103,"column":0},"end":{"line":103,"column":13}},"103":{"start":{"line":104,"column":0},"end":{"line":104,"column":11}},"104":{"start":{"line":105,"column":0},"end":{"line":105,"column":10}},"105":{"start":{"line":106,"column":0},"end":{"line":106,"column":7}},"106":{"start":{"line":107,"column":0},"end":{"line":107,"column":0}},"107":{"start":{"line":108,"column":0},"end":{"line":108,"column":74}},"108":{"start":{"line":109,"column":0},"end":{"line":109,"column":36}},"109":{"start":{"line":110,"column":0},"end":{"line":110,"column":54}},"110":{"start":{"line":111,"column":0},"end":{"line":111,"column":45}},"111":{"start":{"line":112,"column":0},"end":{"line":112,"column":46}},"112":{"start":{"line":113,"column":0},"end":{"line":113,"column":32}},"113":{"start":{"line":114,"column":0},"end":{"line":114,"column":34}},"114":{"start":{"line":115,"column":0},"end":{"line":115,"column":82}},"115":{"start":{"line":116,"column":0},"end":{"line":116,"column":11}},"116":{"start":{"line":117,"column":0},"end":{"line":117,"column":39}},"117":{"start":{"line":118,"column":0},"end":{"line":118,"column":10}},"118":{"start":{"line":119,"column":0},"end":{"line":119,"column":7}},"119":{"start":{"line":120,"column":0},"end":{"line":120,"column":0}},"120":{"start":{"line":121,"column":0},"end":{"line":121,"column":35}},"121":{"start":{"line":122,"column":0},"end":{"line":122,"column":27}},"122":{"start":{"line":123,"column":0},"end":{"line":123,"column":7}},"123":{"start":{"line":124,"column":0},"end":{"line":124,"column":19}},"124":{"start":{"line":125,"column":0},"end":{"line":125,"column":77}},"125":{"start":{"line":126,"column":0},"end":{"line":126,"column":15}},"126":{"start":{"line":127,"column":0},"end":{"line":127,"column":25}},"127":{"start":{"line":128,"column":0},"end":{"line":128,"column":5}},"128":{"start":{"line":129,"column":0},"end":{"line":129,"column":3}},"129":{"start":{"line":130,"column":0},"end":{"line":130,"column":0}},"130":{"start":{"line":131,"column":0},"end":{"line":131,"column":36}},"131":{"start":{"line":132,"column":0},"end":{"line":132,"column":23}},"132":{"start":{"line":133,"column":0},"end":{"line":133,"column":29}},"133":{"start":{"line":134,"column":0},"end":{"line":134,"column":3}},"134":{"start":{"line":135,"column":0},"end":{"line":135,"column":0}},"135":{"start":{"line":136,"column":0},"end":{"line":136,"column":30}},"136":{"start":{"line":137,"column":0},"end":{"line":137,"column":29}},"137":{"start":{"line":138,"column":0},"end":{"line":138,"column":3}},"138":{"start":{"line":139,"column":0},"end":{"line":139,"column":0}},"139":{"start":{"line":140,"column":0},"end":{"line":140,"column":10}},"140":{"start":{"line":141,"column":0},"end":{"line":141,"column":65}},"141":{"start":{"line":142,"column":0},"end":{"line":142,"column":40}},"142":{"start":{"line":143,"column":0},"end":{"line":143,"column":33}},"143":{"start":{"line":144,"column":0},"end":{"line":144,"column":43}},"144":{"start":{"line":145,"column":0},"end":{"line":145,"column":27}},"145":{"start":{"line":146,"column":0},"end":{"line":146,"column":19}},"146":{"start":{"line":147,"column":0},"end":{"line":147,"column":27}},"147":{"start":{"line":148,"column":0},"end":{"line":148,"column":42}},"148":{"start":{"line":149,"column":0},"end":{"line":149,"column":39}},"149":{"start":{"line":150,"column":0},"end":{"line":150,"column":41}},"150":{"start":{"line":151,"column":0},"end":{"line":151,"column":13}},"151":{"start":{"line":152,"column":0},"end":{"line":152,"column":27}},"152":{"start":{"line":153,"column":0},"end":{"line":153,"column":21}},"153":{"start":{"line":154,"column":0},"end":{"line":154,"column":12}},"154":{"start":{"line":155,"column":0},"end":{"line":155,"column":17}},"155":{"start":{"line":156,"column":0},"end":{"line":156,"column":25}},"156":{"start":{"line":157,"column":0},"end":{"line":157,"column":30}},"157":{"start":{"line":158,"column":0},"end":{"line":158,"column":37}},"158":{"start":{"line":159,"column":0},"end":{"line":159,"column":42}},"159":{"start":{"line":160,"column":0},"end":{"line":160,"column":11}},"160":{"start":{"line":161,"column":0},"end":{"line":161,"column":18}},"161":{"start":{"line":162,"column":0},"end":{"line":162,"column":19}},"162":{"start":{"line":163,"column":0},"end":{"line":163,"column":14}},"163":{"start":{"line":164,"column":0},"end":{"line":164,"column":12}},"164":{"start":{"line":165,"column":0},"end":{"line":165,"column":0}},"165":{"start":{"
[...]
,"/Users/aryamanp/CountyPulseProject/CountyPulse/packages/ui/src/templates/registry.ts": {"path":"/Users/aryamanp/CountyPulseProject/CountyPulse/packages/ui/src/templates/registry.ts","all":false,"statementMap":{"0":{"start":{"line":1,"column":0},"end":{"line":1,"column":57}},"1":{"start":{"line":2,"column":0},"end":{"line":2,"column":48}},"2":{"start":{"line":3,"column":0},"end":{"line":3,"column":0}},"3":{"start":{"line":4,"column":0},"end":{"line":4,"column":3}},"4":{"start":{"line":5,"column":0},"end":{"line":5,"column":62}},"5":{"start":{"line":6,"column":0},"end":{"line":6,"column":3}},"6":{"start":{"line":7,"column":0},"end":{"line":7,"column":45}},"7":{"start":{"line":8,"column":0},"end":{"line":8,"column":36}},"8":{"start":{"line":9,"column":0},"end":{"line":9,"column":2}},"9":{"start":{"line":10,"column":0},"end":{"line":10,"column":0}},"10":{"start":{"line":11,"column":0},"end":{"line":11,"column":3}},"11":{"start":{"line":12,"column":0},"end":{"line":12,"column":31}},"12":{"start":{"line":13,"column":0},"end":{"line":13,"column":40}},"13":{"start":{"line":14,"column":0},"end":{"line":14,"column":3}},"14":{"start":{"line":15,"column":0},"end":{"line":15,"column":48}},"15":{"start":{"line":16,"column":0},"end":{"line":16,"column":24}},"16":{"start":{"line":17,"column":0},"end":{"line":17,"column":1}},"17":{"start":{"line":18,"column":0},"end":{"line":18,"column":0}},"18":{"start":{"line":19,"column":0},"end":{"line":19,"column":3}},"19":{"start":{"line":20,"column":0},"end":{"line":20,"column":51}},"20":{"start":{"line":21,"column":0},"end":{"line":21,"column":3}},"21":{"start":{"line":22,"column":0},"end":{"line":22,"column":48}},"22":{"start":{"line":23,"column":0},"end":{"line":23,"column":33}},"23":{"start":{"line":24,"column":0},"end":{"line":24,"column":1}},"24":{"start":{"line":25,"column":0},"end":{"line":25,"column":0}},"25":{"start":{"line":26,"column":0},"end":{"line":26,"column":3}},"26":{"start":{"line":27,"column":0},"end":{"line":27,"column":24}},"27":{"start":{"line":28,"column":0},"end":{"line":28,"column":41}},"28":{"start":{"line":29,"column":0},"end":{"line":29,"column":3}},"29":{"start":{"line":30,"column":0},"end":{"line":30,"column":51}},"30":{"start":{"line":31,"column":0},"end":{"line":31,"column":42}},"31":{"start":{"line":32,"column":0},"end":{"line":32,"column":55}},"32":{"start":{"line":33,"column":0},"end":{"line":33,"column":1}},"33":{"start":{"line":34,"column":0},"end":{"line":34,"column":0}},"34":{"start":{"line":35,"column":0},"end":{"line":35,"column":3}},"35":{"start":{"line":36,"column":0},"end":{"line":36,"column":30}},"36":{"start":{"line":37,"column":0},"end":{"line":37,"column":3}},"37":{"start":{"line":38,"column":0},"end":{"line":38,"column":50}},"38":{"start":{"line":39,"column":0},"end":{"line":39,"column":42}},"39":{"start":{"line":40,"column":0},"end":{"line":40,"column":34}},"40":{"start":{"line":41,"column":0},"end":{"line":41,"column":1}},"41":{"start":{"line":42,"column":0},"end":{"line":42,"column":0}},"42":{"start":{"line":43,"column":0},"end":{"line":43,"column":3}},"43":{"start":{"line":44,"column":0},"end":{"line":44,"column":32}},"44":{"start":{"line":45,"column":0},"end":{"line":45,"column":23}},"45":{"start":{"line":46,"column":0},"end":{"line":46,"column":3}},"46":{"start":{"line":47,"column":0},"end":{"line":47,"column":53}},"47":{"start":{"line":48,"column":0},"end":{"line":48,"column":62}},"48":{"start":{"line":49,"column":0},"end":{"line":49,"column":1}},"49":{"start":{"line":50,"column":0},"end":{"line":50,"column":0}},"50":{"start":{"line":51,"column":0},"end":{"line":51,"column":3}},"51":{"start":{"line":52,"column":0},"end":{"line":52,"column":31}},"52":{"start":{"line":53,"column":0},"end":{"line":53,"column":3}},"53":{"start":{"line":54,"column":0},"end":{"line":54,"column":47}}},"s":{"0":1,"1":1,"2":1,"3":1,"4":1,"5":1,"6":1,"7":1,"8":1,"9":1,"10":1,"11":1,"12":1,"13":1,"14":1,"15":1,"16":1,"17":1,"18":1,"19":1,"20":1,"21":42,"22":42,"23":42,"24":1,"25":1,"26":1,"27":1,"28":1,"29":1,"30":38,"31":38,"32":38,"33":1,"34":1,"35":1,"36":1,"37":1,"38":4,"39":4,"40":4,"41":1,"42":1,"43":1,"44":1,"45":1,"46":1,"47":34,"48":34,"49":1,"50":1,"51":1,"52":1,"53":1},"branchMap":{"0":{"type":"branch","line":22,"loc":{"start":{"line":22,"column":0},"end":{"line":24,"column":1}},"locations":[{"start":{"line":22,"column":0},"end":{"line":24,"column":1}}]},"1":{"type":"branch","line":23,"loc":{"start":{"line":23,"column":26},"end":{"line":23,"column":33}},"locations":[{"start":{"line":23,"column":26},"end":{"line":23,"column":33}}]},"2":{"type":"branch","line":30,"loc":{"start":{"line":30,"column":7},"end":{"line":33,"column":1}},"locations":[{"start":{"line":30,"column":7},"end":{"line":33,"column":1}}]},"3":{"type":"branch","line":32,"loc":{"start":{"line":32,"column":33},"end":{"line":32,"column":55}},"locations":[{"start":{"line":32,"column":33},"end":{"line":32,"column":55}}]},"4":{"type":"branch","line":38,"loc":{"start":{"line":38,"column":7},"end":{"line":41,"column":1}},"locations":[{"start":{"line":38,"column":7},"end":{"line":41,"column":1}}]},"5":{"type":"branch","line":47,"loc":{"start":{"line":47,"column":7},"end":{"line":49,"column":1}},"locations":[{"start":{"line":47,"column":7},"end":{"line":49,"column":1}}]},"6":{"type":"branch","line":48,"loc":{"start":{"line":48,"column":44},"end":{"line":48,"column":61}},"locations":[{"start":{"line":48,"column":44},"end":{"line":48,"column":61}}]}},"b":{"0":[42],"1":[16],"2":[38],"3":[2],"4":[4],"5":[34],"6":[34]},"fnMap":{"0":{"name":"resolveTemplateId","decl":{"start":{"line":22,"column":0},"end":{"line":24,"column":1}},"loc":{"start":{"line":22,"column":0},"end":{"line":24,"column":1}},"line":22},"1":{"name":"getTemplate","decl":{"start":{"line":30,"column":7},"end":{"line":33,"column":1}},"loc":{"start":{"line":30,"column":7},"end":{"line":33,"column":1}},"line":30},"2":{"name":"hasTemplate","decl":{"start":{"line":38,"column":7},"end":{"line":41,"column":1}},"loc":{"start":{"line":38,"column":7},"end":{"line":41,"column":1}},"line":38},"3":{"name":"listTemplates","decl":{"start":{"line":47,"column":7},"end":{"line":49,"column":1}},"loc":{"start":{"line":47,"column":7},"end":{"line":49,"column":1}},"line":47}},"f":{"0":42,"1":38,"2":4,"3":34}}
,"/Users/aryamanp/CountyPulseProject/CountyPulse/packages/ui/src/templates/classic_v1/ClassicTemplate.tsx": {"path":"/Users/aryamanp/CountyPulseProject/CountyPulse/packages/ui/src/templates/classic_v1/ClassicTemplate.tsx","all":false,"statementMap":{"0":{"start":{"line":1,"column":0},"end":{"line":1,"column":45}},"1":{"start":{"line":2,"column":0},"end":{"line":2,"column":30}},"2":{"start":{"line":3,"column":0},"end":{"line":3,"column":0}},"3":{"start":{"line":4,"column":0},"end":{"line":4,"column":3}},"4":{"start":{"line":5,"column":0},"end":{"line":5,"column":52}},"5":{"start":{"line":6,"column":0},"end":{"line":6,"column":69}},"6":{"start":{"line":7,"column":0},"end":{"line":7,"column":3}},"7":{"start":{"line":8,"column":0},"end":{"line":8,"column":60}},"8":{"start":{"line":9,"column":0},"end":{"line":9,"column":26}},"9":{"start":{"line":10,"column":0},"end":{"line":10,"column":47}},"10":{"start":{"line":11,"column":0},"end":{"line":11,"column":56}},"11":{"start":{"line":12,"column":0},"end":{"line":12,"column":3}},"12":{"start":{"line":13,"column":0},"end":{"line":13,"column":0}},"13":{"start":{"line":14,"column":0},"end":{"line":14,"column":28}},"14":{"start":{"line":15,"column":0},"end":{"line":15,"column":51}},"15":{"start":{"line":16,"column":0},"end":{"line":16,"column":60}},"16":{"start":{"line":17,"column":0},"end":{"line":17,"column":3}},"17":{"start":{"line":18,"column":0},"end":{"line":18,"column":0}},"18":{"start":{"line":19,"column":0},"end":{"line":19,"column":82}},"19":{"start":{"line":20,"column":0},"end":{"line":20,"column":0}},"20":{"start":{"line":21,"column":0},"end":{"line":21,"column":20}},"21":{"start":{"line":22,"column":0},"end":{"line":22,"column":12}},"22":{"start":{"line":23,"column":0},"end":{"line":23,"column":71}},"23":{"start":{"line":24,"column":0},"end":{"line":24,"column":53}},"24":{"start":{"line":25,"column":0},"end":{"line":25,"column":67}},"25":{"start":{"line":26,"column":0},"end":{"line":26,"column":17}},"26":{"start":{"line":27,"column":0},"end":{"line":27,"column":78}},"27":{"start":{"line":28,"column":0},"end":{"line":28,"column":38}},"28":{"start":{"line":29,"column":0},"end":{"line":29,"column":65}},"29":{"start":{"line":30,"column":0},"end":{"line":30,"column":14}},"30":{"start":{"line":31,"column":0},"end":{"line":31,"column":12}},"31":{"start":{"line":32,"column":0},"end":{"line":32,"column":5}},"32":{"start":{"line":33,"column":0},"end":{"line":33,"column":3}},"33":{"start":{"line":34,"column":0},"end":{"line":34,"column":0}},"34":{"start":{"line":35,"column":0},"end":{"line":35,"column":10}},"35":{"start":{"line":36,"column":0},"end":{"line":36,"column":69}},"36":{"start":{"line":37,"column":0},"end":{"line":37,"column":20}},"37":{"start":{"line":38,"column":0},"end":{"line":38,"column":51}},"38":{"start":{"line":39,"column":0},"end":{"line":39,"column":65}},"39":{"start":{"line":40,"column":0},"end":{"line":40,"column":15}},"40":{"start":{"line":41,"column":0},"end":{"line":41,"column":0}},"41":{"start":{"line":42,"column":0},"end":{"line":42,"column":22}},"42":{"start":{"line":43,"column":0},"end":{"line":43,"column":55}},"43":{"start":{"line":44,"column":0},"end":{"line":44,"column":30}},"44":{"start":{"line":45,"column":0},"end":{"line":45,"column":51}},"45":{"start":{"line":46,"column":0},"end":{"line":46,"column":0}},"46":{"start":{"line":47,"column":0},"end":{"line":47,"column":16}},"47":{"start":{"line":48,"column":0},"end":{"line":48,"column":18}},"48":{"start":{"line":49,"column":0},"end":{"line":49,"column":28}},"49":{"start":{"line":50,"column":0},"end":{"line":50,"column":49}},"50":{"start":{"line":51,"column":0},"end":{"line":51,"column":58}},"51":{"start":{"line":52,"column":0},"end":{"line":52,"column":11}},"52":{"start":{"line":53,"column":0},"end":{"line":53,"column":80}},"53":{"start":{"line":54,"column":0},"end":{"line":54,"column":0}},"54":{"start":{"line":55,"column":0},"end":{"line":55,"column":53}},"55":{"start":{"line":56,"column":0},"end":{"line":56,"column":51}},"56":{"start":{"line":57,"column":0},"end":{"line":57,"column":66}},"57":{"start":{"line":58,"column":0},"end":{"line":58,"column":67}},"58":{"start":{"line":59,"column":0},"end":{"line":59,"column":44}},"59":{"start":{"line":60,"column":0},"end":{"line":60,"column":0}},"60":{"start":{"line":61,"column":0},"end":{"line":61,"column":26}},"61":{"start":{"line":62,"column":0},"end":{"line":62,"column":24}},"62":{"start":{"line":63,"column":0},"end":{"line":63,"column":61}},"63":{"start":{"line":64,"column":0},"end":{"line":64,"column":60}},"64":{"start":{"line":65,"column":0},"end":{"line":65,"column":21}},"65":{"start":{"line":66,"column":0},"end":{"line":66,"column":73}},"66":{"start":{"line":67,"column":0},"end":{"line":67,"column":93}},"67":{"start":{"line":68,"column":0},"end":{"line":68,"column":66}},"68":{"start":{"line":69,"column":0},"end":{"line":69,"column":82}},"69":{"start":{"line":70,"column":0},"end":{"line":70,"column":31}},"70":{"start":{"line":71,"column":0},"end":{"line":71,"column":28}},"71":{"start":{"line":72,"column":0},"end":{"line":72,"column":85}},"72":{"start":{"line":73,"column":0},"end":{"line":73,"column":26}},"73":{"start":{"line":74,"column":0},"end":{"line":74,"column":19}},"74":{"start":{"line":75,"column":0},"end":{"line":75,"column":17}},"75":{"start":{"line":76,"column":0},"end":{"line":76,"column":0}},"76":{"start":{"line":77,"column":0},"end":{"line":77,"column":62}},"77":{"start":{"line":78,"column":0},"end":{"line":78,"column":61}},"78":{"start":{"line":79,"column":0},"end":{"line":79,"column":42}},"79":{"start":{"line":80,"column":0},"end":{"line":80,"column":0}},"80":{"start":{"line":81,"column":0},"end":{"line":81,"column":26}},"81":{"start":{"line":82,"column":0},"end":{"line":82,"column":24}},"82":{"start":{"line":83,"column":0},"end":{"line":83,"column":62}},"83":{"start":{"line":84,"column":0},"end":{"line":84,"column":58}},"84":{"start":{"line":85,"column":0},"end":{"line":85,"column":70}},"85":{"start":{"line":86,"column":0},"end":{"line":86,"column":21}},"86":{"start":{"line":87,"column":0},"end":{"line":87,"column":80}},"87":{"start":{"line":88,"column":0},"end":{"line":88,"column":70}},"88":{"start":{"line":89,"column":0},"end":{"line":89,"column":45}},"89":{"start":{"line":90,"column":0},"end":{"line":90,"column":29}},"90":{"start":{"line":91,"column":0},"end":{"line":91,"column":26}},"91":{"start":{"line":92,"column":0},"end":{"line":92,"column":19}},"92":{"start":{"line":93,"column":0},"end":{"line":93,"column":17}},"93":{"start":{"line":94,"column":0},"end":{"line":94,"column":0}},"94":{"start":{"line":95,"column":0},"end":{"line":95,"column":27}},"95":{"start":{"line":96,"column":0},"end":{"line":96,"column":17}},"96":{"start":{"line":97,"column":0},"end":{"line":97,"column":18}},"97":{"start":{"line":98,"column":0},"end":{"line":98,"column":20}},"98":{"start":{"line":99,"column":0},"end":{"line":99,"column":9}},"99":{"start":{"line":100,"column":0},"end":{"line":100,"column":9}},"100":{"start":{"line":101,"column":0},"end":{"line":101,"column":10}},"101":{"start":{"line":102,"column":0},"end":{"line":102,"column":3}},"102":{"start":{"line":103,"column":0},"end":{"line":103,"column":1}}},"s":{"0":1,"1":1,"2":1,"3":1,"4":1,"5":1,"6":1,"7":1,"8":46,"9":46,"10":63,"11":63,"12":46,"13":46,"14":46,"15":4,"16":4,"17":46,"18":46,"19":46,"20":46,"21":2,"22":2,"23":2,"24":2,"25":2,"26":2,"27":2,"28":2,"29":2,"30":2,"31":2,"32":2,"33":44,"34":44,"35":44,"36":44,"37":44,"38":44,"39":44,"40":44,"41":44,"42":44,"43":69,"44":69,"45":44,"46":44,"47":44,"48":44,"49":44,"50":44,"51":44,"52":44,"53":44,"54":44,"55":44,"56":67,"57":4,"58":4,"59":3,"60":3,"61":3,"62":3,"63":3,"64":3,"65":3,"66":3,"67":3,"68":4,"69":4,"70":4,"71":4,"72":4,"73":4,"74":4,"75":63,"76":67,"77":63,"78":63,"79":61,"80":61,"81":61,"82":61,"83":61,"84":61,"85":61,"86":61,"87":61,"88":61,"89":61,"90":61,"91":61,"92":61,"93":0,"94":0,"95":44,"96":44,"97":44,"98":69,"99":44,"100":44,"101":44,"102":44},"branchMap":{"0":{"type":"branch","line":8,"loc":{"start":{"line":8,"column":7},"end":{"line":103,"column":1}},"locations":[{"start":{"line":8,"column":7},"end":{"line":103,"column":1}}]},"1":{"type":"branch","line":21,"loc":{"start":{"line":21,"column":19},"end":{"line":33,"column":3}},"locations":[{"start":{"line":21,"column":19},"end":{"line":33,"column":3}}]},"2":{"type":"branch","line":33,"loc":{"start":{"line":33,"column":2},"end":{"line":103,"column":1}},"locations":[{"start":{"line":33,"column":2},"end":{"line":103,"column":1}}]},"3":{"type":"branch","line":10,"loc":{"start":{"line":10,"column":24},"end":{"line":12,"column":3}},"locations":[{"start":{"line":10,"column":24},"end":{"line":12,"column":3}}]},"4":{"type":"branch","line":11,"loc":{"start":{"line":11,"column":31},"end":{"line":11,"column":55}},"locations":[{"start":{"line":11,"column":31},"end":{"line":11,"column":55}}]},"5":{"type":"branch","line":15,"loc":{"start":{"line":15,"column":26},"end":{"line":17,"column":3}},"locations":[{"start":{"line":15,"column":26},"end":{"line":17,"column":3}}]},"6":{"type":"branch","line":16,"loc":{"start":{"line":16,"column":33},"end":{"line":16,"column":59}},"locations":[{"start":{"line":16,"column":33},"end":{"line":16,"column":59}}]},"7":{"type":"branch","line":19,"loc":{"start":{"line":19,"column":56},"end":{"line":19,"column":81}},"locations":[{"start":{"line":19,"column":56},"end":{"line":19,"column":81}}]},"8":{"type":"branch","line":43,"loc":{"start":{"line":43,"column":41},"end":{"line":100,"column":7}},"locations":[{"start":{"line":43,"column":41},"end":{"line":100,"column":7}}]},"9":{"type":"branch","line":45,"loc":{"start":{"line":45,"column":40},"end":{"line":98,"column":20}},"locations":[{"start":{"line":45,"column":40},"end":{"line":98,"column":20}}]},"10":{"type":"branch","line":45,"loc":{"start":{"line":45,"column":40},"end":{"line":45,"column":51}},"locations":[{"start":{"line":45,"column":40},"end":{"line":45,"column":51}}]},"11":{"type":"branch","line":45,"loc":{"start":{"line":45,"column":47},"end":{"line":98,"column":20}},"locations":[{"start":{"line":45,"column":47},"end":{"line":98,"column":20}}]},"12":{"type":"branch","line":56,"loc":{"start":{"line":56,"column":33},"end":{"line":96,"column":15}},"locations":[{"start":{"line":56,"column":33},"end":{"line":96,"column":15}}]},"13":{"type":"branch","line":57,"loc":{"start":{"line":57,"column":34},"end":{"line":57,"column":65}},"locations":[{"start":{"line":57,"column":34},"end":{"line":57,"column":65}}]},"14":{"type":"branch","line":57,"loc":{"start":{"line":57,"column":65},"end":{"line":75,"column":17}},"locations":[{"start":{"line":57,"column":65},"end":{"line":75,"column":17}}]},"15":{"type":"branch","line":59,"loc":{"start":{"line":59,"column":33},"end":{"line":59,"column":44}},"locations":[{"start":{"line":59,"column":33},"end":{"line":59,"column":44}}]},"16":{"type":"branch","line":59,"loc":{"start":{"line":59,"column":40},"end":{"line":69,"column":72}},"locations":[{"start":{"line":59,"column":40},"end":{"line":69,"column":72}}]},"17":{"type":"branch","line":69,"loc":{"start":{"line":69,"column":60},"end":{"line":69,"column":82}},"locations":[{"start":{"line":69,"column":60},"end":{"line":69,"column":82}}]},"18":{"type":"branch","line":75,"loc":{"start":{"line":75,"column":16},"end":{"line":77,"column":61}},"locations":[{"start":{"line":75,"column":16},"end":{"line":77,"column":61}}]},"19":{"type":"branch","line":77,"loc":{"start":{"line":77,"column":61},"end":{"line":93,"column":17}},"locations":[{"start":{"line":77,"column":61},"end":{"line":93,"column":17}}]},"20":{"type":"branch","line":79,"loc":{"start":{"line":79,"column":31},"end":{"line":79,"column":42}},"locations":[{"start":{"line":79,"column":31},"end":{"line":79,"column":42}}]},"21":{"type":"branch","line":79,"loc":{"start":{"line":79,"column":38},"end":{"line":93,"column":17}},"locations":[{"start":{"line":79,"column":38},"end":{"line":93,"column":17}}]},"22":{"type":"branch","line":93,"loc":{"start":{"line":93,"column":16},"end":{"line":95,"column":27}},"locations":[{"start":{"line":93,"column":16},"end":{"line":95,"column":27}}]}},"b":{"0":[46],"1":[2],"2":[44],"3":[63],"4":[84],"5":[4],"6":[3],"7":[48],"8":[69],"9":[46],"10":[25],"11":[44],"12":[67],"13":[4],"14":[4],"15":[1],"16":[3],"17":[2],"18":[63],"19":[63],"20":[2],"21":[61],"22":[0]},"fnMap":{"0":{"name":"ClassicTemplate","decl":{"start":{"line":8,"column":7},"end":{"line":103,"column":1}},"loc":{"start":{"line":8,"column":7},"end":{"line":103,"column":1}},"line":8},"1":{"name":"getBulletById","decl":{"start":{"line":10,"column":24},"end":{"line":12,"column":3}},"loc":{"start":{"line":10,"column":24},"end":{"line":12,"column":3}},"line":10},"2":{"name":"getPositionById","decl":{"start":{"line":15,"column":26},"end":{"line":17,"column":3}},"loc":{"start":{"line":15,"column":26},"end":{"line":17,"column":3}},"line":15}},"f":{"0":46,"1":63,"2":4}}
}
