{"/Users/aryamanp/CountyPulseProject/CountyPulse/packages/ui/src/components/auth/AuthGuard.tsx": {"path":"/Users/aryamanp/CountyPulseProject/CountyPulse/packages/ui/src/components/auth/AuthGuard.tsx","all":false,"statementMap":{"0":{"start":{"line":1,"column":0},"end":{"line":1,"column":40}},"1":{"start":{"line":2,"column":0},"end":{"line":2,"column":0}},"2":{"start":{"line":3,"column":0},"end":{"line":3,"column":26}},"3":{"start":{"line":4,"column":0},"end":{"line":4,"column":27}},"4":{"start":{"line":5,"column":0},"end":{"line":5,"column":28}},"5":{"start":{"line":6,"column":0},"end":{"line":6,"column":1}},"6":{"start":{"line":7,"column":0},"end":{"line":7,"column":0}},"7":{"start":{"line":8,"column":0},"end":{"line":8,"column":80}},"8":{"start":{"line":9,"column":0},"end":{"line":9,"column":37}},"9":{"start":{"line":10,"column":0},"end":{"line":10,"column":0}},"10":{"start":{"line":11,"column":0},"end":{"line":11,"column":16}},"11":{"start":{"line":12,"column":0},"end":{"line":12,"column":32}},"12":{"start":{"line":13,"column":0},"end":{"line":13,"column":3}},"13":{"start":{"line":14,"column":0},"end":{"line":14,"column":0}},"14":{"start":{"line":15,"column":0},"end":{"line":15,"column":14}},"15":{"start":{"line":16,"column":0},"end":{"line":16,"column":88}},"16":{"start":{"line":17,"column":0},"end":{"line":17,"column":3}},"17":{"start":{"line":18,"column":0},"end":{"line":18,"column":0}},"18":{"start":{"line":19,"column":0},"end":{"line":19,"column":24}},"19":{"start":{"line":20,"column":0},"end":{"line":20,"column":1}}},"s":{"0":1,"1":1,"2":1,"3":1,"4":1,"5":1,"6":1,"7":1,"8":4,"9":4,"10":4,"11":1,"12":1,"13":3,"14":4,"15":2,"16":2,"17":1,"18":1,"19":1},"branchMap":{"0":{"type":"branch","line":8,"loc":{"start":{"line":8,"column":51},"end":{"line":20,"column":1}},"locations":[{"start":{"line":8,"column":51},"end":{"line":20,"column":1}}]},"1":{"type":"branch","line":11,"loc":{"start":{"line":11,"column":15},"end":{"line":13,"column":3}},"locations":[{"start":{"line":11,"column":15},"end":{"line":13,"column":3}}]},"2":{"type":"branch","line":13,"loc":{"start":{"line":13,"column":2},"end":{"line":15,"column":13}},"locations":[{"start":{"line":13,"column":2},"end":{"line":15,"column":13}}]},"3":{"type":"branch","line":15,"loc":{"start":{"line":15,"column":13},"end":{"line":17,"column":3}},"locations":[{"start":{"line":15,"column":13},"end":{"line":17,"column":3}}]},"4":{"type":"branch","line":16,"loc":{"start":{"line":16,"column":11},"end":{"line":16,"column":40}},"locations":[{"start":{"line":16,"column":11},"end":{"line":16,"column":40}}]},"5":{"type":"branch","line":16,"loc":{"start":{"line":16,"column":34},"end":{"line":16,"column":88}},"locations":[{"start":{"line":16,"column":34},"end":{"line":16,"column":88}}]},"6":{"type":"branch","line":17,"loc":{"start":{"line":17,"column":2},"end":{"line":20,"column":1}},"locations":[{"start":{"line":17,"column":2},"end":{"line":20,"column":1}}]}},"b":{"0":[4],"1":[1],"2":[3],"3":[2],"4":[1],"5":[1],"6":[1]},"fnMap":{"0":{"name":"AuthGuard","decl":{"start":{"line":8,"column":51},"end":{"line":20,"column":1}},"loc":{"start":{"line":8,"column":51},"end":{"line":20,"column":1}},"line":8}},"f":{"0":4}}
,"/Users/aryamanp/CountyPulseProject/CountyPulse/packages/ui/src/components/auth/LoginForm.tsx": {"path":"/Users/aryamanp/CountyPulseProject/CountyPulse/packages/ui/src/components/auth/LoginForm.tsx","all":false,"statementMap":{"0":{"start":{"line":1,"column":0},"end":{"line":1,"column":32}},"1":{"start":{"line":2,"column":0},"end":{"line":2,"column":40}},"2":{"start":{"line":3,"column":0},"end":{"line":3,"column":0}},"3":{"start":{"line":4,"column":0},"end":{"line":4,"column":42}},"4":{"start":{"line":5,"column":0},"end":{"line":5,"column":30}},"5":{"start":{"line":6,"column":0},"end":{"line":6,"column":40}},"6":{"start":{"line":7,"column":0},"end":{"line":7,"column":47}},"7":{"start":{"line":8,"column":0},"end":{"line":8,"column":44}},"8":{"start":{"line":9,"column":0},"end":{"line":9,"column":40}},"9":{"start":{"line":10,"column":0},"end":{"line":10,"column":41}},"10":{"start":{"line":11,"column":0},"end":{"line":11,"column":0}},"11":{"start":{"line":12,"column":0},"end":{"line":12,"column":54}},"12":{"start":{"line":13,"column":0},"end":{"line":13,"column":22}},"13":{"start":{"line":14,"column":0},"end":{"line":14,"column":20}},"14":{"start":{"line":15,"column":0},"end":{"line":15,"column":16}},"15":{"start":{"line":16,"column":0},"end":{"line":16,"column":18}},"16":{"start":{"line":17,"column":0},"end":{"line":17,"column":0}},"17":{"start":{"line":18,"column":0},"end":{"line":18,"column":9}},"18":{"start":{"line":19,"column":0},"end":{"line":19,"column":25}},"19":{"start":{"line":20,"column":0},"end":{"line":20,"column":19}},"20":{"start":{"line":21,"column":0},"end":{"line":21,"column":56}},"21":{"start":{"line":22,"column":0},"end":{"line":22,"column":21}},"22":{"start":{"line":23,"column":0},"end":{"line":23,"column":41}},"23":{"start":{"line":24,"column":0},"end":{"line":24,"column":76}},"24":{"start":{"line":25,"column":0},"end":{"line":25,"column":15}},"25":{"start":{"line":26,"column":0},"end":{"line":26,"column":23}},"26":{"start":{"line":27,"column":0},"end":{"line":27,"column":5}},"27":{"start":{"line":28,"column":0},"end":{"line":28,"column":3}},"28":{"start":{"line":29,"column":0},"end":{"line":29,"column":0}},"29":{"start":{"line":30,"column":0},"end":{"line":30,"column":33}},"30":{"start":{"line":31,"column":0},"end":{"line":31,"column":18}},"31":{"start":{"line":32,"column":0},"end":{"line":32,"column":16}},"32":{"start":{"line":33,"column":0},"end":{"line":33,"column":16}},"33":{"start":{"line":34,"column":0},"end":{"line":34,"column":18}},"34":{"start":{"line":35,"column":0},"end":{"line":35,"column":3}},"35":{"start":{"line":36,"column":0},"end":{"line":36,"column":0}},"36":{"start":{"line":37,"column":0},"end":{"line":37,"column":13}},"37":{"start":{"line":38,"column":0},"end":{"line":38,"column":12}},"38":{"start":{"line":39,"column":0},"end":{"line":39,"column":33}},"39":{"start":{"line":40,"column":0},"end":{"line":40,"column":33}},"40":{"start":{"line":41,"column":0},"end":{"line":41,"column":66}},"41":{"start":{"line":42,"column":0},"end":{"line":42,"column":56}},"42":{"start":{"line":43,"column":0},"end":{"line":43,"column":8}},"43":{"start":{"line":44,"column":0},"end":{"line":44,"column":64}},"44":{"start":{"line":45,"column":0},"end":{"line":45,"column":29}},"45":{"start":{"line":46,"column":0},"end":{"line":46,"column":17}},"46":{"start":{"line":47,"column":0},"end":{"line":47,"column":8}},"47":{"start":{"line":48,"column":0},"end":{"line":48,"column":57}},"48":{"start":{"line":49,"column":0},"end":{"line":49,"column":12}},"49":{"start":{"line":50,"column":0},"end":{"line":50,"column":5}},"50":{"start":{"line":51,"column":0},"end":{"line":51,"column":3}},"51":{"start":{"line":52,"column":0},"end":{"line":52,"column":0}},"52":{"start":{"line":53,"column":0},"end":{"line":53,"column":10}},"53":{"start":{"line":54,"column":0},"end":{"line":54,"column":31}},"54":{"start":{"line":55,"column":0},"end":{"line":55,"column":30}},"55":{"start":{"line":56,"column":0},"end":{"line":56,"column":44}},"56":{"start":{"line":57,"column":0},"end":{"line":57,"column":6}},"57":{"start":{"line":58,"column":0},"end":{"line":58,"column":36}},"58":{"start":{"line":59,"column":0},"end":{"line":59,"column":13}},"59":{"start":{"line":60,"column":0},"end":{"line":60,"column":54}},"60":{"start":{"line":61,"column":0},"end":{"line":61,"column":16}},"61":{"start":{"line":62,"column":0},"end":{"line":62,"column":22}},"62":{"start":{"line":63,"column":0},"end":{"line":63,"column":24}},"63":{"start":{"line":64,"column":0},"end":{"line":64,"column":25}},"64":{"start":{"line":65,"column":0},"end":{"line":65,"column":54}},"65":{"start":{"line":66,"column":0},"end":{"line":66,"column":20}},"66":{"start":{"line":67,"column":0},"end":{"line":67,"column":30}},"67":{"start":{"line":68,"column":0},"end":{"line":68,"column":40}},"68":{"start":{"line":69,"column":0},"end":{"line":69,"column":12}},"69":{"start":{"line":70,"column":0},"end":{"line":70,"column":14}},"70":{"start":{"line":71,"column":0},"end":{"line":71,"column":8}},"71":{"start":{"line":72,"column":0},"end":{"line":72,"column":59}},"72":{"start":{"line":73,"column":0},"end":{"line":73,"column":47}},"73":{"start":{"line":74,"column":0},"end":{"line":74,"column":17}},"74":{"start":{"line":75,"column":0},"end":{"line":75,"column":13}},"75":{"start":{"line":76,"column":0},"end":{"line":76,"column":6}},"76":{"start":{"line":77,"column":0},"end":{"line":77,"column":49}},"77":{"start":{"line":78,"column":0},"end":{"line":78,"column":55}},"78":{"start":{"line":79,"column":0},"end":{"line":79,"column":10}},"79":{"start":{"line":80,"column":0},"end":{"line":80,"column":3}},"80":{"start":{"line":81,"column":0},"end":{"line":81,"column":1}}},"s":{"0":1,"1":1,"2":1,"3":1,"4":95,"5":95,"6":95,"7":95,"8":95,"9":95,"10":95,"11":95,"12":4,"13":4,"14":4,"15":4,"16":4,"17":4,"18":4,"19":2,"20":2,"21":4,"22":1,"23":1,"24":4,"25":3,"26":3,"27":4,"28":95,"29":95,"30":1,"31":1,"32":1,"33":1,"34":1,"35":95,"36":95,"37":2,"38":2,"39":2,"40":2,"41":2,"42":2,"43":2,"44":2,"45":2,"46":2,"47":2,"48":2,"49":2,"50":2,"51":93,"52":93,"53":93,"54":93,"55":93,"56":93,"57":93,"58":93,"59":93,"60":93,"61":93,"62":93,"63":93,"64":93,"65":93,"66":93,"67":93,"68":93,"69":93,"70":93,"71":95,"72":95,"73":95,"74":95,"75":95,"76":95,"77":95,"78":95,"79":95,"80":95},"branchMap":{"0":{"type":"branch","line":4,"loc":{"start":{"line":4,"column":35},"end":{"line":81,"column":1}},"locations":[{"start":{"line":4,"column":35},"end":{"line":81,"column":1}}]},"1":{"type":"branch","line":37,"loc":{"start":{"line":37,"column":12},"end":{"line":51,"column":3}},"locations":[{"start":{"line":37,"column":12},"end":{"line":51,"column":3}}]},"2":{"type":"branch","line":51,"loc":{"start":{"line":51,"column":2},"end":{"line":72,"column":51}},"locations":[{"start":{"line":51,"column":2},"end":{"line":72,"column":51}}]},"3":{"type":"branch","line":72,"loc":{"start":{"line":72,"column":40},"end":{"line":72,"column":59}},"locations":[{"start":{"line":72,"column":40},"end":{"line":72,"column":59}}]},"4":{"type":"branch","line":73,"loc":{"start":{"line":73,"column":11},"end":{"line":73,"column":36}},"locations":[{"start":{"line":73,"column":11},"end":{"line":73,"column":36}}]},"5":{"type":"branch","line":73,"loc":{"start":{"line":73,"column":21},"end":{"line":73,"column":47}},"locations":[{"start":{"line":73,"column":21},"end":{"line":73,"column":47}}]},"6":{"type":"branch","line":77,"loc":{"start":{"line":77,"column":7},"end":{"line":77,"column":49}},"locations":[{"start":{"line":77,"column":7},"end":{"line":77,"column":49}}]},"7":{"type":"branch","line":78,"loc":{"start":{"line":78,"column":7},"end":{"line":78,"column":55}},"locations":[{"start":{"line":78,"column":7},"end":{"line":78,"column":55}}]},"8":{"type":"branch","line":12,"loc":{"start":{"line":12,"column":23},"end":{"line":28,"column":3}},"locations":[{"start":{"line":12,"column":23},"end":{"line":28,"column":3}}]},"9":{"type":"branch","line":19,"loc":{"start":{"line":19,"column":24},"end":{"line":22,"column":13}},"locations":[{"start":{"line":19,"column":24},"end":{"line":22,"column":13}}]},"10":{"type":"branch","line":22,"loc":{"start":{"line":22,"column":4},"end":{"line":25,"column":6}},"locations":[{"start":{"line":22,"column":4},"end":{"line":25,"column":6}}]},"11":{"type":"branch","line":24,"loc":{"start":{"line":24,"column":46},"end":{"line":24,"column":75}},"locations":[{"start":{"line":24,"column":46},"end":{"line":24,"column":75}}]},"12":{"type":"branch","line":25,"loc":{"start":{"line":25,"column":4},"end":{"line":27,"column":5}},"locations":[{"start":{"line":25,"column":4},"end":{"line":27,"column":5}}]},"13":{"type":"branch","line":30,"loc":{"start":{"line":30,"column":26},"end":{"line":35,"column":3}},"locations":[{"start":{"line":30,"column":26},"end":{"line":35,"column":3}}]},"14":{"type":"branch","line":65,"loc":{"start":{"line":65,"column":22},"end":{"line":65,"column":54}},"locations":[{"start":{"line":65,"column":22},"end":{"line":65,"column":54}}]}},"b":{"0":[95],"1":[2],"2":[93],"3":[89],"4":[4],"5":[89],"6":[1],"7":[0],"8":[4],"9":[2],"10":[1],"11":[0],"12":[3],"13":[1],"14":[81]},"fnMap":{"0":{"name":"LoginForm","decl":{"start":{"line":4,"column":35},"end":{"line":81,"column":1}},"loc":{"start":{"line":4,"column":35},"end":{"line":81,"column":1}},"line":4},"1":{"name":"handleSubmit","decl":{"start":{"line":12,"column":23},"end":{"line":28,"column":3}},"loc":{"start":{"line":12,"column":23},"end":{"line":28,"column":3}},"line":12},"2":{"name":"handleStartOver","decl":{"start":{"line":30,"column":26},"end":{"line":35,"column":3}},"loc":{"start":{"line":30,"column":26},"end":{"line":35,"column":3}},"line":30},"3":{"name":"onChange","decl":{"start":{"line":65,"column":22},"end":{"line":65,"column":54}},"loc":{"start":{"line":65,"column":22},"end":{"line":65,"column":54}},"line":65}},"f":{"0":95,"1":4,"2":1,"3":81}}
,"/Users/aryamanp/CountyPulseProject/CountyPulse/packages/ui/src/components/auth/LogoutButton.tsx": {"path":"/Users/aryamanp/CountyPulseProject/CountyPulse/packages/ui/src/components/auth/LogoutButton.tsx","all":false,"statementMap":{"0":{"start":{"line":1,"column":0},"end":{"line":1,"column":32}},"1":{"start":{"line":2,"column":0},"end":{"line":2,"column":40}},"2":{"start":{"line":3,"column":0},"end":{"line":3,"column":0}},"3":{"start":{"line":4,"column":0},"end":{"line":4,"column":45}},"4":{"start":{"line":5,"column":0},"end":{"line":5,"column":37}},"5":{"start":{"line":6,"column":0},"end":{"line":6,"column":47}},"6":{"start":{"line":7,"column":0},"end":{"line":7,"column":0}},"7":{"start":{"line":8,"column":0},"end":{"line":8,"column":24}},"8":{"start":{"line":9,"column":0},"end":{"line":9,"column":0}},"9":{"start":{"line":10,"column":0},"end":{"line":10,"column":37}},"10":{"start":{"line":11,"column":0},"end":{"line":11,"column":9}},"11":{"start":{"line":12,"column":0},"end":{"line":12,"column":22}},"12":{"start":{"line":13,"column":0},"end":{"line":13,"column":21}},"13":{"start":{"line":14,"column":0},"end":{"line":14,"column":21}},"14":{"start":{"line":15,"column":0},"end":{"line":15,"column":45}},"15":{"start":{"line":16,"column":0},"end":{"line":16,"column":37}},"16":{"start":{"line":17,"column":0},"end":{"line":17,"column":23}},"17":{"start":{"line":18,"column":0},"end":{"line":18,"column":5}},"18":{"start":{"line":19,"column":0},"end":{"line":19,"column":74}},"19":{"start":{"line":20,"column":0},"end":{"line":20,"column":3}},"20":{"start":{"line":21,"column":0},"end":{"line":21,"column":0}},"21":{"start":{"line":22,"column":0},"end":{"line":22,"column":10}},"22":{"start":{"line":23,"column":0},"end":{"line":23,"column":55}},"23":{"start":{"line":24,"column":0},"end":{"line":24,"column":63}},"24":{"start":{"line":25,"column":0},"end":{"line":25,"column":13}},"25":{"start":{"line":26,"column":0},"end":{"line":26,"column":3}},"26":{"start":{"line":27,"column":0},"end":{"line":27,"column":1}}},"s":{"0":1,"1":1,"2":1,"3":1,"4":9,"5":9,"6":9,"7":9,"8":8,"9":8,"10":3,"11":3,"12":3,"13":1,"14":1,"15":1,"16":1,"17":1,"18":3,"19":3,"20":8,"21":8,"22":8,"23":9,"24":9,"25":9,"26":9},"branchMap":{"0":{"type":"branch","line":4,"loc":{"start":{"line":4,"column":38},"end":{"line":27,"column":1}},"locations":[{"start":{"line":4,"column":38},"end":{"line":27,"column":1}}]},"1":{"type":"branch","line":8,"loc":{"start":{"line":8,"column":13},"end":{"line":8,"column":24}},"locations":[{"start":{"line":8,"column":13},"end":{"line":8,"column":24}}]},"2":{"type":"branch","line":8,"loc":{"start":{"line":8,"column":20},"end":{"line":24,"column":17}},"locations":[{"start":{"line":8,"column":20},"end":{"line":24,"column":17}}]},"3":{"type":"branch","line":24,"loc":{"start":{"line":24,"column":7},"end":{"line":24,"column":36}},"locations":[{"start":{"line":24,"column":7},"end":{"line":24,"column":36}}]},"4":{"type":"branch","line":24,"loc":{"start":{"line":24,"column":17},"end":{"line":24,"column":63}},"locations":[{"start":{"line":24,"column":17},"end":{"line":24,"column":63}}]},"5":{"type":"branch","line":10,"loc":{"start":{"line":10,"column":24},"end":{"line":20,"column":3}},"locations":[{"start":{"line":10,"column":24},"end":{"line":20,"column":3}}]},"6":{"type":"branch","line":13,"loc":{"start":{"line":13,"column":20},"end":{"line":18,"column":5}},"locations":[{"start":{"line":13,"column":20},"end":{"line":18,"column":5}}]}},"b":{"0":[9],"1":[1],"2":[8],"3":[3],"4":[5],"5":[3],"6":[1]},"fnMap":{"0":{"name":"LogoutButton","decl":{"start":{"line":4,"column":38},"end":{"line":27,"column":1}},"loc":{"start":{"line":4,"column":38},"end":{"line":27,"column":1}},"line":4},"1":{"name":"handleSignOut","decl":{"start":{"line":10,"column":24},"end":{"line":20,"column":3}},"loc":{"start":{"line":10,"column":24},"end":{"line":20,"column":3}},"line":10}},"f":{"0":9,"1":3}}
,"/Users/aryamanp/CountyPulseProject/CountyPulse/packages/ui/src/components/bullets/BulletEditor.tsx": {"path":"/Users/aryamanp/CountyPulseProject/CountyPulse/packages/ui/src/components/bullets/BulletEditor.tsx","all":false,"statementMap":{"0":{"start":{"line":1,"column":0},"end":{"line":1,"column":43}},"1":{"start":{"line":2,"column":0},"end":{"line":2,"column":50}},"2":{"start":{"line":3,"column":0},"end":{"line":3,"column":27}},"3":{"start":{"line":4,"column":0},"end":{"line":4,"column":0}},"4":{"start":{"line":5,"column":0},"end":{"line":5,"column":36}},"5":{"start":{"line":6,"column":0},"end":{"line":6,"column":35}},"6":{"start":{"line":7,"column":0},"end":{"line":7,"column":21}},"7":{"start":{"line":8,"column":0},"end":{"line":8,"column":24}},"8":{"start":{"line":9,"column":0},"end":{"line":9,"column":28}},"9":{"start":{"line":10,"column":0},"end":{"line":10,"column":33}},"10":{"start":{"line":11,"column":0},"end":{"line":11,"column":33}},"11":{"start":{"line":12,"column":0},"end":{"line":12,"column":12}},"12":{"start":{"line":13,"column":0},"end":{"line":13,"column":22}},"13":{"start":{"line":14,"column":0},"end":{"line":14,"column":47}},"14":{"start":{"line":15,"column":0},"end":{"line":15,"column":19}},"15":{"start":{"line":16,"column":0},"end":{"line":16,"column":41}},"16":{"start":{"line":17,"column":0},"end":{"line":17,"column":20}},"17":{"start":{"line":18,"column":0},"end":{"line":18,"column":27}},"18":{"start":{"line":19,"column":0},"end":{"line":19,"column":18}},"19":{"start":{"line":20,"column":0},"end":{"line":20,"column":1}},"20":{"start":{"line":21,"column":0},"end":{"line":21,"column":0}},"21":{"start":{"line":22,"column":0},"end":{"line":22,"column":3}},"22":{"start":{"line":23,"column":0},"end":{"line":23,"column":36}},"23":{"start":{"line":24,"column":0},"end":{"line":24,"column":48}},"24":{"start":{"line":25,"column":0},"end":{"line":25,"column":51}},"25":{"start":{"line":26,"column":0},"end":{"line":26,"column":3}},"26":{"start":{"line":27,"column":0},"end":{"line":27,"column":30}},"27":{"start":{"line":28,"column":0},"end":{"line":28,"column":9}},"28":{"start":{"line":29,"column":0},"end":{"line":29,"column":9}},"29":{"start":{"line":30,"column":0},"end":{"line":30,"column":11}},"30":{"start":{"line":31,"column":0},"end":{"line":31,"column":18}},"31":{"start":{"line":32,"column":0},"end":{"line":32,"column":19}},"32":{"start":{"line":33,"column":0},"end":{"line":33,"column":17}},"33":{"start":{"line":34,"column":0},"end":{"line":34,"column":23}},"34":{"start":{"line":35,"column":0},"end":{"line":35,"column":52}},"35":{"start":{"line":36,"column":0},"end":{"line":36,"column":46}},"36":{"start":{"line":37,"column":0},"end":{"line":37,"column":50}},"37":{"start":{"line":38,"column":0},"end":{"line":38,"column":50}},"38":{"start":{"line":39,"column":0},"end":{"line":39,"column":0}},"39":{"start":{"line":40,"column":0},"end":{"line":40,"column":41}},"40":{"start":{"line":41,"column":0},"end":{"line":41,"column":19}},"41":{"start":{"line":42,"column":0},"end":{"line":42,"column":17}},"42":{"start":{"line":43,"column":0},"end":{"line":43,"column":41}},"43":{"start":{"line":44,"column":0},"end":{"line":44,"column":40}},"44":{"start":{"line":45,"column":0},"end":{"line":45,"column":57}},"45":{"start":{"line":46,"column":0},"end":{"line":46,"column":57}},"46":{"start":{"line":47,"column":0},"end":{"line":47,"column":12}},"47":{"start":{"line":48,"column":0},"end":{"line":48,"column":24}},"48":{"start":{"line":49,"column":0},"end":{"line":49,"column":21}},"49":{"start":{"line":50,"column":0},"end":{"line":50,"column":23}},"50":{"start":{"line":51,"column":0},"end":{"line":51,"column":23}},"51":{"start":{"line":52,"column":0},"end":{"line":52,"column":5}},"52":{"start":{"line":53,"column":0},"end":{"line":53,"column":14}},"53":{"start":{"line":54,"column":0},"end":{"line":54,"column":0}},"54":{"start":{"line":55,"column":0},"end":{"line":55,"column":16}},"55":{"start":{"line":56,"column":0},"end":{"line":56,"column":12}},"56":{"start":{"line":57,"column":0},"end":{"line":57,"column":10}},"57":{"start":{"line":58,"column":0},"end":{"line":58,"column":99}},"58":{"start":{"line":59,"column":0},"end":{"line":59,"column":41}},"59":{"start":{"line":60,"column":0},"end":{"line":60,"column":7}},"60":{"start":{"line":61,"column":0},"end":{"line":61,"column":77}},"61":{"start":{"line":62,"column":0},"end":{"line":62,"column":12}},"62":{"start":{"line":63,"column":0},"end":{"line":63,"column":5}},"63":{"start":{"line":64,"column":0},"end":{"line":64,"column":3}},"64":{"start":{"line":65,"column":0},"end":{"line":65,"column":0}},"65":{"start":{"line":66,"column":0},"end":{"line":66,"column":52}},"66":{"start":{"line":67,"column":0},"end":{"line":67,"column":16}},"67":{"start":{"line":68,"column":0},"end":{"line":68,"column":17}},"68":{"start":{"line":69,"column":0},"end":{"line":69,"column":27}},"69":{"start":{"line":70,"column":0},"end":{"line":70,"column":34}},"70":{"start":{"line":71,"column":0},"end":{"line":71,"column":3}},"71":{"start":{"line":72,"column":0},"end":{"line":72,"column":0}},"72":{"start":{"line":73,"column":0},"end":{"line":73,"column":28}},"73":{"start":{"line":74,"column":0},"end":{"line":74,"column":12}},"74":{"start":{"line":75,"column":0},"end":{"line":75,"column":32}},"75":{"start":{"line":76,"column":0},"end":{"line":76,"column":33}},"76":{"start":{"line":77,"column":0},"end":{"line":77,"column":43}},"77":{"start":{"line":78,"column":0},"end":{"line":78,"column":43}},"78":{"start":{"line":79,"column":0},"end":{"line":79,"column":6}},"79":{"start":{"line":80,"column":0},"end":{"line":80,"column":3}},"80":{"start":{"line":81,"column":0},"end":{"line":81,"column":0}},"81":{"start":{"line":82,"column":0},"end":{"line":82,"column":20}},"82":{"start":{"line":83,"column":0},"end":{"line":83,"column":42}},"83":{"start":{"line":84,"column":0},"end":{"line":84,"column":43}},"84":{"start":{"line":85,"column":0},"end":{"line":85,"column":60}},"85":{"start":{"line":86,"column":0},"end":{"line":86,"column":57}},"86":{"start":{"line":87,"column":0},"end":{"line":87,"column":0}},"87":{"start":{"line":88,"column":0},"end":{"line":88,"column":10}},"88":{"start":{"line":89,"column":0},"end":{"line":89,"column":8}},"89":{"start":{"line":90,"column":0},"end":{"line":90,"column":76}},"90":{"start":{"line":91,"column":0},"end":{"line":91,"column":33}},"91":{"start":{"line":92,"column":0},"end":{"line":92,"column":5}},"92":{"start":{"line":93,"column":0},"end":{"line":93,"column":30}},"93":{"start":{"line":94,"column":0},"end":{"line":94,"column":39}},"94":{"start":{"line":95,"column":0},"end":{"line":95,"column":84}},"95":{"start":{"line":96,"column":0},"end":{"line":96,"column":83}},"96":{"start":{"line":97,"column":0},"end":{"line":97,"column":63}},"97":{"start":{"line":98,"column":0},"end":{"line":98,"column":79}},"98":{"start":{"line":99,"column":0},"end":{"line":99,"column":14}},"99":{"start":{"line":100,"column":0},"end":{"line":100,"column":8}},"100":{"start":{"line":101,"column":0},"end":{"line":101,"column":0}},"101":{"start":{"line":102,"column":0},"end":{"line":102,"column":30}},"102":{"start":{"line":103,"column":0},"end":{"line":103,"column":29}},"103":{"start":{"line":104,"column":0},"end":{"line":104,"column":89}},"104":{"start":{"line":105,"column":0},"end":{"line":105,"column":16}},"105":{"start":{"line":106,"column":0},"end":{"line":106,"column":15}},"106":{"start":{"line":107,"column":0},"end":{"line":107,"column":8}},"107":{"start":{"line":108,"column":0},"end":{"line":108,"column":0}},"108":{"start":{"line":109,"column":0},"end":{"line":109,"column":30}},"109":{"start":{"line":110,"column":0},"end":{"line":110,"column":44}},"110":{"start":{"line":111,"column":0},"end":{"line":111,"column":70}},"111":{"start":{"line":112,"column":0},"end":{"line":112,"column":21}},"112":{"start":{"line":113,"column":0},"end":{"line":113,"column":16}},"113":{"start":{"line":114,"column":0},"end":{"line":114,"column":17}},"114":{"start":{"line":115,"column":0},"end":{"line":115,"column":26}},"115":{"start":{"line":116,"column":0},"end":{"line":116,"column":45}},"116":{"start":{"line":117,"column":0},"end":{"line":117,"column":29}},"117":{"start":{"line":118,"column":0},"end":{"line":118,"column":58}},"118":{"start":{"line":119,"column":0},"end":{"line":119,"column":39}},"119":{"start":{"line":120,"column":0},"end":{"line":120,"column":32}},"120":{"start":{"line":121,"column":0},"end":{"line":121,"column":42}},"121":{"start":{"line":122,"column":0},"end":{"line":122,"column":10}},"122":{"start":{"line":123,"column":0},"end":{"line":123,"column":12}},"123":{"start":{"line":124,"column":0},"end":{"line":124,"column":0}},"124":{"start":{"line":125,"column":0},"end":{"line":125,"column":22}},"125":{"start":{"line":126,"column":0},"end":{"line":126,"column":20}},"126":{"start":{"line":127,"column":0},"end":{"line":127,"column":46}},"127":{"start":{"line":128,"column":0},"end":{"line":128,"column":76}},"128":{"start":{"line":129,"column":0},"end":{"line":129,"column":20}},"129":{"start":{"line":130,"column":0},"end":{"line":130,"column":18}},"130":{"start":{"line":131,"column":0},"end":{"line":131,"column":16}},"131":{"start":{"line":132,"column":0},"end":{"line":132,"column":32}},"132":{"start":{"line":133,"column":0},"end":{"line":133,"column":23}},"133":{"start":{"line":134,"column":0},"end":{"line":134,"column":44}},"134":{"start":{"line":135,"column":0},"end":{"line":135,"column":28}},"135":{"start":{"line":136,"column":0},"end":{"line":136,"column":57}},"136":{"start":{"line":137,"column":0},"end":{"line":137,"column":41}},"137":{"start":{"line":138,"column":0},"end":{"line":138,"column":66}},"138":{"start":{"line":139,"column":0},"end":{"line":139,"column":48}},"139":{"start":{"line":140,"column":0},"end":{"line":140,"column":12}},"140":{"start":{"line":141,"column":0},"end":{"line":141,"column":14}},"141":{"start":{"line":142,"column":0},"end":{"line":142,"column":8}},"142":{"start":{"line":143,"column":0},"end":{"line":143,"column":0}},"143":{"start":{"line":144,"column":0},"end":{"line":144,"column":46}},"144":{"start":{"line":145,"column":0},"end":{"line":145,"column":20}},"145":{"start":{"line":146,"column":0},"end":{"line":146,"column":10}},"146":{"start":{"line":147,"column":0},"end":{"line":147,"column":48}},"147":{"start":{"line":148,"column":0},"end":{"line":148,"column":81}},"148":{"start":{"line":149,"column":0},"end":{"line":149,"column":43}},"149":{"start":{"line":150,"column":0},"end":{"line":150,"column":20}},"150":{"start":{"line":151,"column":0},"end":{"line":151,"column":18}},"151":{"start":{"line":152,"column":0},"end":{"line":152,"column":37}},"152":{"start":{"line":153,"column":0},"end":{"line":153,"column":25}},"153":{"start":{"line":154,"column":0},"end":{"line":154,"column":46}},"154":{"start":{"line":155,"column":0},"end":{"line":155,"column":32}},"155":{"start":{"line":156,"column":0},"end":{"line":156,"column":61}},"156":{"start":{"line":157,"column":0},"end":{"line":157,"column":43}},"157":{"start":{"line":158,"column":0},"end":{"line":158,"column":63}},"158":{"start":{"line":159,"column":0},"end":{"line":159,"column":53}},"159":{"start":{"line":160,"column":0},"end":{"line":160,"column":14}},"160":{"start":{"line":161,"column":0},"end":{"line":161,"column":16}},"161":{"start":{"line":162,"column":0},"end":{"line":162,"column":0}},"162":{"start":{"line":163,"column":0},"end":{"line":163,"column":48}},"163":{"start":{"line":164,"column":0},"end":{"line":164,"column":81}},"164":{"start":{"line":165,"column":0},"end":{"line":165,"column":43}},"165":{"start":{"line":166,"column":0},"end":{"line":166,"column":20}},"166":{"start":{"line":167,"column":0},"end":{"line":167,"column":18}},"167":{"start":{"line":168,"column":0},"end":{"line":168,"column":37}},"168":{"start":{"line":169,"column":0},"end":{"line":169,"column":25}},"169":{"start":{"line":170,"column":0},"end":{"line":170,"column":46}},"170":{"start":{"line":171,"column":0},"end":{"line":171,"column":32}},"171":{"start":{"line":172,"column":0},"end":{"line":172,"column":61}},"172":{"start":{"line":173,"column":0},"end":{"line":173,"column":43}},"173":{"start":{"line":174,"column":0},"end":{"line":174,"column":76}},"174":{"start":{"line":175,"column":0},"end":{"line":175,"column":53}},"175":{"start":{"line":176,"column":0},"end":{"line":176,"column":14}},"176":{"start":{"line":177,"column":0},"end":{"line":177,"column":16}},"177":{"start":{"line":178,"column":0},"end":{"line":178,"column":11}},"178":{"start":{"line":179,"column":0},"end":{"line":179,"column":8}},"179":{"start":{"line":180,"column":0},"end":{"line":180,"column":0}},"180":{"start":{"line":181,"column":0},"end":{"line":181,"column":21}},"181":{"start":{"line":182,"column":0},"end":{"line":182,"column":46}},"182":{"start":{"line":183,"column":0},"end":{"line":183,"column":15}},"183":{"start":{"line":184,"column":0},"end":{"line":184,"column":23}},"184":{"start":{"line":185,"column":0},"end":{"line":185,"column":70}},"185":{"start":{"line":186,"column":0},"end":{"line":186,"column":28}},"186":{"start":{"line":187,"column":0},"end":{"line":187,"column":27}},"187":{"start":{"line":188,"column":0},"end":{"line":188,"column":44}},"188":{"start":{"line":189,"column":0},"end":{"line":189,"column":9}},"189":{"start":{"line":190,"column":0},"end":{"line":190,"column":16}},"190":{"start":{"line":191,"column":0},"end":{"line":191,"column":17}},"191":{"start":{"line":192,"column":0},"end":{"line":192,"column":15}},"192":{"start":{"line":193,"column":0},"end":{"line":193,"column":23}},"193":{"start":{"line":194,"column":0},"end":{"line":194,"column":68}},"194":{"start":{"line":195,"column":0},"end":{"line":195,"column":30}},"195":{"start":{"line":196,"column":0},"end":{"line":196,"column":54}},"196":{"start":{"line":197,"column":0},"end":{"line":197,"column":42}},"197":{"start":{"line":198,"column":0},"end":{"line":198,"column":9}},"198":{"start":{"line":199,"column":0},"end":{"line":199,"column":41}},"199":{"start":{"line":200,"column":0},"end":{"line":200,"column":17}},"200":{"start":{"line":201,"column":0},"end":{"line":201,"column":12}},"201":{"start":{"line":202,"column":0},"end":{"line":202,"column":10}},"202":{"start":{"line":203,"column":0},"end":{"line":203,"column":3}},"203":{"start":{"line":204,"column":0},"end":{"line":204,"column":1}}},"s":{"0":1,"1":1,"2":1,"3":1,"4":1,"5":1,"6":1,"7":1,"8":1,"9":1,"10":1,"11":1,"12":1,"13":1,"14":1,"15":1,"16":1,"17":1,"18":1,"19":1,"20":1,"21":1,"22":1,"23":1,"24":1,"25":1,"26":1,"27":140,"28":140,"29":140,"30":140,"31":140,"32":140,"33":140,"34":140,"35":140,"36":140,"37":140,"38":140,"39":140,"40":140,"41":26,"42":16,"43":16,"44":16,"45":16,"46":26,"47":10,"48":10,"49":10,"50":10,"51":10,"52":140,"53":140,"54":140,"55":11,"56":11,"57":11,"58":11,"59":11,"60":11,"61":11,"62":11,"63":11,"64":129,"65":129,"66":8,"67":8,"68":8,"69":8,"70":8,"71":129,"72":129,"73":4,"74":4,"75":4,"76":4,"77":4,"78":4,"79":4,"80":129,"81":129,"82":129,"83":44,"84":44,"85":16,"86":140,"87":140,"88":140,"89":140,"90":140,"91":140,"92":140,"93":140,"94":123,"95":123,"96":123,"97":123,"98":123,"99":140,"100":140,"101":140,"102":140,"103":2,"104":2,"105":2,"106":140,"107":140,"108":140,"109":140,"110":140,"111":140,"112":140,"113":140,"114":140,"115":140,"116":140,"117":140,"118":140,"119":140,"120":140,"121":140,"122":140,"123":140,"124":140,"125":140,"126":123,"127":123,"128":123,"129":123,"130":123,"131":123,"132":123,"133":123,"134":123,"135":123,"136":123,"137":123,"138":123,"139":123,"140":123,"141":140,"142":140,"143":140,"144":140,"145":123,"146":123,"147":123,"148":123,"149":123,"150":123,"151":123,"152":123,"153":123,"154":123,"155":123,"156":123,"157":123,"158":123,"159":123,"160":123,"161":123,"162":123,"163":123,"164":123,"165":123,"166":123,"167":123,"168":123,"169":123,"170":123,"171":123,"172":123,"173":123,"174":123,"175":123,"176":123,"177":123,"178":140,"179":140,"180":140,"181":140,"182":140,"183":140,"184":140,"185":140,"186":140,"187":140,"188":140,"189":140,"190":140,"191":140,"192":140,"193":140,"194":140,"195":140,"196":140,"197":140,"198":140,"199":140,"200":140,"201":140,"202":140,"203":140},"branchMap":{"0":{"type":"branch","line":27,"loc":{"start":{"line":27,"column":7},"end":{"line":204,"column":1}},"locations":[{"start":{"line":27,"column":7},"end":{"line":204,"column":1}}]},"1":{"type":"branch","line":55,"loc":{"start":{"line":55,"column":15},"end":{"line":64,"column":3}},"locations":[{"start":{"line":55,"column":15},"end":{"line":64,"column":3}}]},"2":{"type":"branch","line":58,"loc":{"start":{"line":58,"column":57},"end":{"line":58,"column":94}},"locations":[{"start":{"line":58,"column":57},"end":{"line":58,"column":94}}]},"3":{"type":"branch","line":64,"loc":{"start":{"line":64,"column":2},"end":{"line":83,"column":42}},"locations":[{"start":{"line":64,"column":2},"end":{"line":83,"column":42}}]},"4":{"type":"branch","line":83,"loc":{"start":{"line":83,"column":27},"end":{"line":84,"column":43}},"locations":[{"start":{"line":83,"column":27},"end":{"line":84,"column":43}}]},"5":{"type":"branch","line":84,"loc":{"start":{"line":84,"column":25},"end":{"line":84,"column":43}},"locations":[{"start":{"line":84,"column":25},"end":{"line":84,"column":43}}]},"6":{"type":"branch","line":84,"loc":{"start":{"line":84,"column":37},"end":{"line":85,"column":60}},"locations":[{"start":{"line":84,"column":37},"end":{"line":85,"column":60}}]},"7":{"type":"branch","line":85,"loc":{"start":{"line":85,"column":27},"end":{"line":85,"column":45}},"locations":[{"start":{"line":85,"column":27},"end":{"line":85,"column":45}}]},"8":{"type":"branch","line":85,"loc":{"start":{"line":85,"column":49},"end":{"line":85,"column":60}},"locations":[{"start":{"line":85,"column":49},"end":{"line":85,"column":60}}]},"9":{"type":"branch","line":85,"loc":{"start":{"line":85,"column":54},"end":{"line":86,"column":57}},"locations":[{"start":{"line":85,"column":54},"end":{"line":86,"column":57}}]},"10":{"type":"branch","line":86,"loc":{"start":{"line":86,"column":27},"end":{"line":86,"column":45}},"locations":[{"start":{"line":86,"column":27},"end":{"line":86,"column":45}}]},"11":{"type":"branch","line":86,"loc":{"start":{"line":86,"column":49},"end":{"line":86,"column":57}},"locations":[{"start":{"line":86,"column":49},"end":{"line":86,"column":57}}]},"12":{"type":"branch","line":90,"loc":{"start":{"line":90,"column":34},"end":{"line":90,"column":71}},"locations":[{"start":{"line":90,"column":34},"end":{"line":90,"column":71}}]},"13":{"type":"branch","line":90,"loc":{"start":{"line":90,"column":44},"end":{"line":90,"column":73}},"locations":[{"start":{"line":90,"column":44},"end":{"line":90,"column":73}}]},"14":{"type":"branch","line":94,"loc":{"start":{"line":94,"column":14},"end":{"line":94,"column":39}},"locations":[{"start":{"line":94,"column":14},"end":{"line":94,"column":39}}]},"15":{"type":"branch","line":94,"loc":{"start":{"line":94,"column":27},"end":{"line":99,"column":14}},"locations":[{"start":{"line":94,"column":27},"end":{"line":99,"column":14}}]},"16":{"type":"branch","line":103,"loc":{"start":{"line":103,"column":14},"end":{"line":106,"column":15}},"locations":[{"start":{"line":103,"column":14},"end":{"line":106,"column":15}}]},"17":{"type":"branch","line":119,"loc":{"start":{"line":119,"column":20},"end":{"line":119,"column":39}},"locations":[{"start":{"line":119,"column":20},"end":{"line":119,"column":39}}]},"18":{"type":"branch","line":120,"loc":{"start":{"line":120,"column":16},"end":{"line":120,"column":30}},"locations":[{"start":{"line":120,"column":16},"end":{"line":120,"column":30}}]},"19":{"type":"branch","line":120,"loc":{"start":{"line":120,"column":26},"end":{"line":120,"column":32}},"locations":[{"start":{"line":120,"column":26},"end":{"line":120,"column":32}}]},"20":{"type":"branch","line":126,"loc":{"start":{"line":126,"column":8},"end":{"line":141,"column":14}},"locations":[{"start":{"line":126,"column":8},"end":{"line":141,"column":14}}]},"21":{"type":"branch","line":145,"loc":{"start":{"line":145,"column":8},"end":{"line":178,"column":11}},"locations":[{"start":{"line":145,"column":8},"end":{"line":178,"column":11}}]},"22":{"type":"branch","line":196,"loc":{"start":{"line":196,"column":20},"end":{"line":196,"column":42}},"locations":[{"start":{"line":196,"column":20},"end":{"line":196,"column":42}}]},"23":{"type":"branch","line":196,"loc":{"start":{"line":196,"column":32},"end":{"line":196,"column":54}},"locations":[{"start":{"line":196,"column":32},"end":{"line":196,"column":54}}]},"24":{"type":"branch","line":199,"loc":{"start":{"line":199,"column":11},"end":{"line":199,"column":34}},"locations":[{"start":{"line":199,"column":11},"end":{"line":199,"column":34}}]},"25":{"type":"branch","line":199,"loc":{"start":{"line":199,"column":20},"end":{"line":199,"column":41}},"locations":[{"start":{"line":199,"column":20},"end":{"line":199,"column":41}}]},"26":{"type":"branch","line":41,"loc":{"start":{"line":41,"column":12},"end":{"line":53,"column":5}},"locations":[{"start":{"line":41,"column":12},"end":{"line":53,"column":5}}]},"27":{"type":"branch","line":42,"loc":{"start":{"line":42,"column":16},"end":{"line":47,"column":11}},"locations":[{"start":{"line":42,"column":16},"end":{"line":47,"column":11}}]},"28":{"type":"branch","line":44,"loc":{"start":{"line":44,"column":25},"end":{"line":44,"column":39}},"locations":[{"start":{"line":44,"column":25},"end":{"line":44,"column":39}}]},"29":{"type":"branch","line":45,"loc":{"start":{"line":45,"column":27},"end":{"line":45,"column":45}},"locations":[{"start":{"line":45,"column":27},"end":{"line":45,"column":45}}]},"30":{"type":"branch","line":45,"loc":{"start":{"line":45,"column":49},"end":{"line":45,"column":56}},"locations":[{"start":{"line":45,"column":49},"end":{"line":45,"column":56}}]},"31":{"type":"branch","line":46,"loc":{"start":{"line":46,"column":27},"end":{"line":46,"column":45}},"locations":[{"start":{"line":46,"column":27},"end":{"line":46,"column":45}}]},"32":{"type":"branch","line":46,"loc":{"start":{"line":46,"column":49},"end":{"line":46,"column":56}},"locations":[{"start":{"line":46,"column":49},"end":{"line":46,"column":56}}]},"33":{"type":"branch","line":47,"loc":{"start":{"line":47,"column":4},"end":{"line":52,"column":5}},"locations":[{"start":{"line":47,"column":4},"end":{"line":52,"column":5}}]},"34":{"type":"branch","line":66,"loc":{"start":{"line":66,"column":22},"end":{"line":71,"column":3}},"locations":[{"start":{"line":66,"column":22},"end":{"line":71,"column":3}}]},"35":{"type":"branch","line":69,"loc":{"start":{"line":69,"column":11},"end":{"line":69,"column":26}},"locations":[{"start":{"line":69,"column":11},"end":{"line":69,"column":26}}]},"36":{"type":"branch","line":70,"loc":{"start":{"line":70,"column":14},"end":{"line":70,"column":33}},"locations":[{"start":{"line":70,"column":14},"end":{"line":70,"column":33}}]},"37":{"type":"branch","line":73,"loc":{"start":{"line":73,"column":21},"end":{"line":80,"column":3}},"locations":[{"start":{"line":73,"column":21},"end":{"line":80,"column":3}}]},"38":{"type":"branch","line":76,"loc":{"start":{"line":76,"column":16},"end":{"line":76,"column":33}},"locations":[{"start":{"line":76,"column":16},"end":{"line":76,"column":33}}]},"39":{"type":"branch","line":118,"loc":{"start":{"line":118,"column":20},"end":{"line":118,"column":58}},"locations":[{"start":{"line":118,"column":20},"end":{"line":118,"column":58}}]},"40":{"type":"branch","line":156,"loc":{"start":{"line":156,"column":24},"end":{"line":156,"column":61}},"locations":[{"start":{"line":156,"column":24},"end":{"line":156,"column":61}}]}},"b":{"0":[140],"1":[11],"2":[0],"3":[129],"4":[44],"5":[0],"6":[44],"7":[42],"8":[2],"9":[16],"10":[14],"11":[2],"12":[6],"13":[123],"14":[129],"15":[123],"16":[2],"17":[129],"18":[6],"19":[123],"20":[123],"21":[123],"22":[129],"23":[127],"24":[2],"25":[127],"26":[26],"27":[16],"28":[0],"29":[14],"30":[2],"31":[14],"32":[2],"33":[10],"34":[8],"35":[14],"36":[14],"37":[4],"38":[0],"39":[69],"40":[28]},"fnMap":{"0":{"name":"BulletEditor","decl":{"start":{"line":27,"column":7},"end":{"line":204,"column":1}},"loc":{"start":{"line":27,"column":7},"end":{"line":204,"column":1}},"line":27},"1":{"name":"parseSkills","decl":{"start":{"line":66,"column":22},"end":{"line":71,"column":3}},"loc":{"start":{"line":66,"column":22},"end":{"line":71,"column":3}},"line":66},"2":{"name":"handleSave","decl":{"start":{"line":73,"column":21},"end":{"line":80,"column":3}},"loc":{"start":{"line":73,"column":21},"end":{"line":80,"column":3}},"line":73},"3":{"name":"onChange","decl":{"start":{"line":118,"column":20},"end":{"line":118,"column":58}},"loc":{"start":{"line":118,"column":20},"end":{"line":118,"column":58}},"line":118},"4":{"name":"onChange","decl":{"start":{"line":136,"column":22},"end":{"line":136,"column":57}},"loc":{"start":{"line":136,"column":22},"end":{"line":136,"column":57}},"line":136},"5":{"name":"onChange","decl":{"start":{"line":156,"column":24},"end":{"line":156,"column":61}},"loc":{"start":{"line":156,"column":24},"end":{"line":156,"column":61}},"line":156},"6":{"name":"onChange","decl":{"start":{"line":172,"column":24},"end":{"line":172,"column":61}},"loc":{"start":{"line":172,"column":24},"end":{"line":172,"column":61}},"line":172}},"f":{"0":140,"1":8,"2":4,"3":69,"4":0,"5":28,"6":0}}
,"/Users/aryamanp/CountyPulseProject/CountyPulse/packages/ui/src/components/bullets/BulletsList.tsx": {"path":"/Users/aryamanp/CountyPulseProject/CountyPulse/packages/ui/src/components/bullets/BulletsList.tsx","all":false,"statementMap":{"0":{"start":{"line":1,"column":0},"end":{"line":1,"column":41}},"1":{"start":{"line":2,"column":0},"end":{"line":2,"column":50}},"2":{"start":{"line":3,"column":0},"end":{"line":3,"column":26}},"3":{"start":{"line":4,"column":0},"end":{"line":4,"column":0}},"4":{"start":{"line":5,"column":0},"end":{"line":5,"column":35}},"5":{"start":{"line":6,"column":0},"end":{"line":6,"column":31}},"6":{"start":{"line":7,"column":0},"end":{"line":7,"column":33}},"7":{"start":{"line":8,"column":0},"end":{"line":8,"column":44}},"8":{"start":{"line":9,"column":0},"end":{"line":9,"column":45}},"9":{"start":{"line":10,"column":0},"end":{"line":10,"column":19}},"10":{"start":{"line":11,"column":0},"end":{"line":11,"column":22}},"11":{"start":{"line":12,"column":0},"end":{"line":12,"column":1}},"12":{"start":{"line":13,"column":0},"end":{"line":13,"column":0}},"13":{"start":{"line":14,"column":0},"end":{"line":14,"column":3}},"14":{"start":{"line":15,"column":0},"end":{"line":15,"column":62}},"15":{"start":{"line":16,"column":0},"end":{"line":16,"column":3}},"16":{"start":{"line":17,"column":0},"end":{"line":17,"column":29}},"17":{"start":{"line":18,"column":0},"end":{"line":18,"column":10}},"18":{"start":{"line":19,"column":0},"end":{"line":19,"column":19}},"19":{"start":{"line":20,"column":0},"end":{"line":20,"column":17}},"20":{"start":{"line":21,"column":0},"end":{"line":21,"column":17}},"21":{"start":{"line":22,"column":0},"end":{"line":22,"column":18}},"22":{"start":{"line":23,"column":0},"end":{"line":23,"column":15}},"23":{"start":{"line":24,"column":0},"end":{"line":24,"column":22}},"24":{"start":{"line":25,"column":0},"end":{"line":25,"column":50}},"25":{"start":{"line":26,"column":0},"end":{"line":26,"column":0}},"26":{"start":{"line":27,"column":0},"end":{"line":27,"column":41}},"27":{"start":{"line":28,"column":0},"end":{"line":28,"column":29}},"28":{"start":{"line":29,"column":0},"end":{"line":29,"column":20}},"29":{"start":{"line":30,"column":0},"end":{"line":30,"column":5}},"30":{"start":{"line":31,"column":0},"end":{"line":31,"column":0}},"31":{"start":{"line":32,"column":0},"end":{"line":32,"column":43}},"32":{"start":{"line":33,"column":0},"end":{"line":33,"column":39}},"33":{"start":{"line":34,"column":0},"end":{"line":34,"column":74}},"34":{"start":{"line":35,"column":0},"end":{"line":35,"column":75}},"35":{"start":{"line":36,"column":0},"end":{"line":36,"column":82}},"36":{"start":{"line":37,"column":0},"end":{"line":37,"column":78}},"37":{"start":{"line":38,"column":0},"end":{"line":38,"column":60}},"38":{"start":{"line":39,"column":0},"end":{"line":39,"column":40}},"39":{"start":{"line":40,"column":0},"end":{"line":40,"column":7}},"40":{"start":{"line":41,"column":0},"end":{"line":41,"column":60}},"41":{"start":{"line":42,"column":0},"end":{"line":42,"column":40}},"42":{"start":{"line":43,"column":0},"end":{"line":43,"column":7}},"43":{"start":{"line":44,"column":0},"end":{"line":44,"column":0}},"44":{"start":{"line":45,"column":0},"end":{"line":45,"column":14}},"45":{"start":{"line":46,"column":0},"end":{"line":46,"column":20}},"46":{"start":{"line":47,"column":0},"end":{"line":47,"column":24}},"47":{"start":{"line":48,"column":0},"end":{"line":48,"column":23}},"48":{"start":{"line":49,"column":0},"end":{"line":49,"column":21}},"49":{"start":{"line":50,"column":0},"end":{"line":50,"column":25}},"50":{"start":{"line":51,"column":0},"end":{"line":51,"column":22}},"51":{"start":{"line":52,"column":0},"end":{"line":52,"column":7}},"52":{"start":{"line":53,"column":0},"end":{"line":53,"column":6}},"53":{"start":{"line":54,"column":0},"end":{"line":54,"column":27}},"54":{"start":{"line":55,"column":0},"end":{"line":55,"column":0}},"55":{"start":{"line":56,"column":0},"end":{"line":56,"column":14}},"56":{"start":{"line":57,"column":0},"end":{"line":57,"column":12}},"57":{"start":{"line":58,"column":0},"end":{"line":58,"column":89}},"58":{"start":{"line":59,"column":0},"end":{"line":59,"column":51}},"59":{"start":{"line":60,"column":0},"end":{"line":60,"column":49}},"60":{"start":{"line":61,"column":0},"end":{"line":61,"column":12}},"61":{"start":{"line":62,"column":0},"end":{"line":62,"column":12}},"62":{"start":{"line":63,"column":0},"end":{"line":63,"column":5}},"63":{"start":{"line":64,"column":0},"end":{"line":64,"column":3}},"64":{"start":{"line":65,"column":0},"end":{"line":65,"column":0}},"65":{"start":{"line":66,"column":0},"end":{"line":66,"column":16}},"66":{"start":{"line":67,"column":0},"end":{"line":67,"column":12}},"67":{"start":{"line":68,"column":0},"end":{"line":68,"column":93}},"68":{"start":{"line":69,"column":0},"end":{"line":69,"column":75}},"69":{"start":{"line":70,"column":0},"end":{"line":70,"column":12}},"70":{"start":{"line":71,"column":0},"end":{"line":71,"column":5}},"71":{"start":{"line":72,"column":0},"end":{"line":72,"column":3}},"72":{"start":{"line":73,"column":0},"end":{"line":73,"column":0}},"73":{"start":{"line":74,"column":0},"end":{"line":74,"column":10}},"74":{"start":{"line":75,"column":0},"end":{"line":75,"column":61}},"75":{"start":{"line":76,"column":0},"end":{"line":76,"column":26}},"76":{"start":{"line":77,"column":0},"end":{"line":77,"column":44}},"77":{"start":{"line":78,"column":0},"end":{"line":78,"column":14}},"78":{"start":{"line":79,"column":0},"end":{"line":79,"column":21}},"79":{"start":{"line":80,"column":0},"end":{"line":80,"column":48}},"80":{"start":{"line":81,"column":0},"end":{"line":81,"column":41}},"81":{"start":{"line":82,"column":0},"end":{"line":82,"column":28}},"82":{"start":{"line":83,"column":0},"end":{"line":83,"column":57}},"83":{"start":{"line":84,"column":0},"end":{"line":84,"column":43}},"84":{"start":{"line":85,"column":0},"end":{"line":85,"column":10}},"85":{"start":{"line":86,"column":0},"end":{"line":86,"column":24}},"86":{"start":{"line":87,"column":0},"end":{"line":87,"column":17}},"87":{"start":{"line":88,"column":0},"end":{"line":88,"column":25}},"88":{"start":{"line":89,"column":0},"end":{"line":89,"column":50}},"89":{"start":{"line":90,"column":0},"end":{"line":90,"column":45}},"90":{"start":{"line":91,"column":0},"end":{"line":91,"column":37}},"91":{"start":{"line":92,"column":0},"end":{"line":92,"column":51}},"92":{"start":{"line":93,"column":0},"end":{"line":93,"column":11}},"93":{"start":{"line":94,"column":0},"end":{"line":94,"column":13}},"94":{"start":{"line":95,"column":0},"end":{"line":95,"column":19}},"95":{"start":{"line":96,"column":0},"end":{"line":96,"column":10}},"96":{"start":{"line":97,"column":0},"end":{"line":97,"column":12}},"97":{"start":{"line":98,"column":0},"end":{"line":98,"column":0}},"98":{"start":{"line":99,"column":0},"end":{"line":99,"column":27}},"99":{"start":{"line":100,"column":0},"end":{"line":100,"column":76}},"100":{"start":{"line":101,"column":0},"end":{"line":101,"column":60}},"101":{"start":{"line":102,"column":0},"end":{"line":102,"column":37}},"102":{"start":{"line":103,"column":0},"end":{"line":103,"column":12}},"103":{"start":{"line":104,"column":0},"end":{"line":104,"column":0}},"104":{"start":{"line":105,"column":0},"end":{"line":105,"column":26}},"105":{"start":{"line":106,"column":0},"end":{"line":106,"column":39}},"106":{"start":{"line":107,"column":0},"end":{"line":107,"column":78}},"107":{"start":{"line":108,"column":0},"end":{"line":108,"column":31}},"108":{"start":{"line":109,"column":0},"end":{"line":109,"column":61}},"109":{"start":{"line":110,"column":0},"end":{"line":110,"column":46}},"110":{"start":{"line":111,"column":0},"end":{"line":111,"column":14}},"111":{"start":{"line":112,"column":0},"end":{"line":112,"column":11}},"112":{"start":{"line":113,"column":0},"end":{"line":113,"column":77}},"113":{"start":{"line":114,"column":0},"end":{"line":114,"column":44}},"114":{"start":{"line":115,"column":0},"end":{"line":115,"column":15}},"115":{"start":{"line":116,"column":0},"end":{"line":116,"column":29}},"116":{"start":{"line":117,"column":0},"end":{"line":117,"column":47}},"117":{"start":{"line":118,"column":0},"end":{"line":118,"column":84}},"118":{"start":{"line":119,"column":0},"end":{"line":119,"column":17}},"119":{"start":{"line":120,"column":0},"end":{"line":120,"column":54}},"120":{"start":{"line":121,"column":0},"end":{"line":121,"column":13}},"121":{"start":{"line":122,"column":0},"end":{"line":122,"column":21}},"122":{"start":{"line":123,"column":0},"end":{"line":123,"column":29}},"123":{"start":{"line":124,"column":0},"end":{"line":124,"column":53}},"124":{"start":{"line":125,"column":0},"end":{"line":125,"column":57}},"125":{"start":{"line":126,"column":0},"end":{"line":126,"column":58}},"126":{"start":{"line":127,"column":0},"end":{"line":127,"column":15}},"127":{"start":{"line":128,"column":0},"end":{"line":128,"column":40}},"128":{"start":{"line":129,"column":0},"end":{"line":129,"column":37}},"129":{"start":{"line":130,"column":0},"end":{"line":130,"column":62}},"130":{"start":{"line":131,"column":0},"end":{"line":131,"column":65}},"131":{"start":{"line":132,"column":0},"end":{"line":132,"column":47}},"132":{"start":{"line":133,"column":0},"end":{"line":133,"column":27}},"133":{"start":{"line":134,"column":0},"end":{"line":134,"column":63}},"134":{"start":{"line":135,"column":0},"end":{"line":135,"column":45}},"135":{"start":{"line":136,"column":0},"end":{"line":136,"column":27}},"136":{"start":{"line":137,"column":0},"end":{"line":137,"column":24}},"137":{"start":{"line":138,"column":0},"end":{"line":138,"column":18}},"138":{"start":{"line":139,"column":0},"end":{"line":139,"column":0}},"139":{"start":{"line":140,"column":0},"end":{"line":140,"column":47}},"140":{"start":{"line":141,"column":0},"end":{"line":141,"column":80}},"141":{"start":{"line":142,"column":0},"end":{"line":142,"column":0}},"142":{"start":{"line":143,"column":0},"end":{"line":143,"column":36}},"143":{"start":{"line":144,"column":0},"end":{"line":144,"column":57}},"144":{"start":{"line":145,"column":0},"end":{"line":145,"column":39}},"145":{"start":{"line":146,"column":0},"end":{"line":146,"column":90}},"146":{"start":{"line":147,"column":0},"end":{"line":147,"column":20}},"147":{"start":{"line":148,"column":0},"end":{"line":148,"column":41}},"148":{"start":{"line":149,"column":0},"end":{"line":149,"column":77}},"149":{"start":{"line":150,"column":0},"end":{"line":150,"column":20}},"150":{"start":{"line":151,"column":0},"end":{"line":151,"column":22}},"151":{"start":{"line":152,"column":0},"end":{"line":152,"column":23}},"152":{"start":{"line":153,"column":0},"end":{"line":153,"column":0}},"153":{"start":{"line":154,"column":0},"end":{"line":154,"column":35}},"154":{"start":{"line":155,"column":0},"end":{"line":155,"column":34}},"155":{"start":{"line":156,"column":0},"end":{"line":156,"column":23}},"156":{"start":{"line":157,"column":0},"end":{"line":157,"column":31}},"157":{"start":{"line":158,"column":0},"end":{"line":158,"column":55}},"158":{"start":{"line":159,"column":0},"end":{"line":159,"column":35}},"159":{"start":{"line":160,"column":0},"end":{"line":160,"column":39}},"160":{"start":{"line":161,"column":0},"end":{"line":161,"column":45}},"161":{"start":{"line":162,"column":0},"end":{"line":162,"column":20}},"162":{"start":{"line":163,"column":0},"end":{"line":163,"column":46}},"163":{"start":{"line":164,"column":0},"end":{"line":164,"column":60}},"164":{"start":{"line":165,"column":0},"end":{"line":165,"column":17}},"165":{"start":{"line":166,"column":0},"end":{"line":166,"column":24}},"166":{"start":{"line":167,"column":0},"end":{"line":167,"column":25}},"167":{"start":{"line":168,"column":0},"end":{"line":168,"column":16}},"168":{"start":{"line":169,"column":0},"end":{"line":169,"column":17}},"169":{"start":{"line":170,"column":0},"end":{"line":170,"column":13}},"170":{"start":{"line":171,"column":0},"end":{"line":171,"column":13}},"171":{"start":{"line":172,"column":0},"end":{"line":172,"column":8}},"172":{"start":{"line":173,"column":0},"end":{"line":173,"column":10}},"173":{"start":{"line":174,"column":0},"end":{"line":174,"column":3}},"174":{"start":{"line":175,"column":0},"end":{"line":175,"column":1}}},"s":{"0":1,"1":1,"2":1,"3":1,"4":1,"5":1,"6":1,"7":1,"8":1,"9":1,"10":1,"11":1,"12":1,"13":1,"14":1,"15":1,"16":1,"17":64,"18":64,"19":64,"20":64,"21":64,"22":64,"23":64,"24":64,"25":64,"26":64,"27":60,"28":24,"29":24,"30":36,"31":36,"32":36,"33":72,"34":72,"35":72,"36":72,"37":72,"38":132,"39":72,"40":72,"41":107,"42":72,"43":72,"44":72,"45":72,"46":55,"47":50,"48":48,"49":46,"50":40,"51":72,"52":36,"53":64,"54":64,"55":64,"56":1,"57":1,"58":1,"59":1,"60":1,"61":1,"62":1,"63":1,"64":63,"65":64,"66":1,"67":1,"68":1,"69":1,"70":1,"71":1,"72":62,"73":62,"74":62,"75":62,"76":62,"77":62,"78":62,"79":62,"80":62,"81":62,"82":62,"83":62,"84":62,"85":62,"86":36,"87":36,"88":36,"89":36,"90":36,"91":36,"92":36,"93":36,"94":36,"95":64,"96":64,"97":64,"98":64,"99":64,"100":64,"101":64,"102":64,"103":64,"104":64,"105":64,"106":15,"107":15,"108":1,"109":14,"110":15,"111":47,"112":47,"113":47,"114":82,"115":82,"116":82,"117":82,"118":82,"119":82,"120":82,"121":82,"122":82,"123":82,"124":82,"125":82,"126":82,"127":82,"128":82,"129":82,"130":82,"131":82,"132":82,"133":82,"134":82,"135":82,"136":82,"137":82,"138":82,"139":82,"140":82,"141":82,"142":82,"143":82,"144":82,"145":82,"146":82,"147":82,"148":32,"149":82,"150":82,"151":82,"152":82,"153":82,"154":82,"155":26,"156":26,"157":26,"158":26,"159":3,"160":3,"161":3,"162":26,"163":26,"164":26,"165":26,"166":26,"167":82,"168":82,"169":47,"170":47,"171":64,"172":64,"173":64,"174":64},"branchMap":{"0":{"type":"branch","line":17,"loc":{"start":{"line":17,"column":7},"end":{"line":175,"column":1}},"locations":[{"start":{"line":17,"column":7},"end":{"line":175,"column":1}}]},"1":{"type":"branch","line":56,"loc":{"start":{"line":56,"column":13},"end":{"line":64,"column":3}},"locations":[{"start":{"line":56,"column":13},"end":{"line":64,"column":3}}]},"2":{"type":"branch","line":64,"loc":{"start":{"line":64,"column":2},"end":{"line":66,"column":15}},"locations":[{"start":{"line":64,"column":2},"end":{"line":66,"column":15}}]},"3":{"type":"branch","line":66,"loc":{"start":{"line":66,"column":15},"end":{"line":72,"column":3}},"locations":[{"start":{"line":66,"column":15},"end":{"line":72,"column":3}}]},"4":{"type":"branch","line":72,"loc":{"start":{"line":72,"column":2},"end":{"line":86,"column":24}},"locations":[{"start":{"line":72,"column":2},"end":{"line":86,"column":24}}]},"5":{"type":"branch","line":86,"loc":{"start":{"line":86,"column":9},"end":{"line":95,"column":19}},"locations":[{"start":{"line":86,"column":9},"end":{"line":95,"column":19}}]},"6":{"type":"branch","line":102,"loc":{"start":{"line":102,"column":9},"end":{"line":102,"column":37}},"locations":[{"start":{"line":102,"column":9},"end":{"line":102,"column":37}}]},"7":{"type":"branch","line":106,"loc":{"start":{"line":106,"column":34},"end":{"line":111,"column":14}},"locations":[{"start":{"line":106,"column":34},"end":{"line":111,"column":14}}]},"8":{"type":"branch","line":108,"loc":{"start":{"line":108,"column":30},"end":{"line":109,"column":61}},"locations":[{"start":{"line":108,"column":30},"end":{"line":109,"column":61}}]},"9":{"type":"branch","line":109,"loc":{"start":{"line":109,"column":14},"end":{"line":110,"column":46}},"locations":[{"start":{"line":109,"column":14},"end":{"line":110,"column":46}}]},"10":{"type":"branch","line":111,"loc":{"start":{"line":111,"column":8},"end":{"line":171,"column":13}},"locations":[{"start":{"line":111,"column":8},"end":{"line":171,"column":13}}]},"11":{"type":"branch","line":27,"loc":{"start":{"line":27,"column":34},"end":{"line":54,"column":5}},"locations":[{"start":{"line":27,"column":34},"end":{"line":54,"column":5}}]},"12":{"type":"branch","line":28,"loc":{"start":{"line":28,"column":28},"end":{"line":30,"column":5}},"locations":[{"start":{"line":28,"column":28},"end":{"line":30,"column":5}}]},"13":{"type":"branch","line":30,"loc":{"start":{"line":30,"column":4},"end":{"line":53,"column":6}},"locations":[{"start":{"line":30,"column":4},"end":{"line":53,"column":6}}]},"14":{"type":"branch","line":33,"loc":{"start":{"line":33,"column":26},"end":{"line":53,"column":5}},"locations":[{"start":{"line":33,"column":26},"end":{"line":53,"column":5}}]},"15":{"type":"branch","line":46,"loc":{"start":{"line":46,"column":8},"end":{"line":47,"column":24}},"locations":[{"start":{"line":46,"column":8},"end":{"line":47,"column":24}}]},"16":{"type":"branch","line":47,"loc":{"start":{"line":47,"column":8},"end":{"line":48,"column":23}},"locations":[{"start":{"line":47,"column":8},"end":{"line":48,"column":23}}]},"17":{"type":"branch","line":48,"loc":{"start":{"line":48,"column":8},"end":{"line":49,"column":21}},"locations":[{"start":{"line":48,"column":8},"end":{"line":49,"column":21}}]},"18":{"type":"branch","line":49,"loc":{"start":{"line":49,"column":8},"end":{"line":50,"column":25}},"locations":[{"start":{"line":49,"column":8},"end":{"line":50,"column":25}}]},"19":{"type":"branch","line":50,"loc":{"start":{"line":50,"column":8},"end":{"line":51,"column":22}},"locations":[{"start":{"line":50,"column":8},"end":{"line":51,"column":22}}]},"20":{"type":"branch","line":38,"loc":{"start":{"line":38,"column":54},"end":{"line":39,"column":40}},"locations":[{"start":{"line":38,"column":54},"end":{"line":39,"column":40}}]},"21":{"type":"branch","line":41,"loc":{"start":{"line":41,"column":54},"end":{"line":42,"column":40}},"locations":[{"start":{"line":41,"column":54},"end":{"line":42,"column":40}}]},"22":{"type":"branch","line":83,"loc":{"start":{"line":83,"column":20},"end":{"line":83,"column":57}},"locations":[{"start":{"line":83,"column":20},"end":{"line":83,"column":57}}]},"23":{"type":"branch","line":90,"loc":{"start":{"line":90,"column":21},"end":{"line":90,"column":45}},"locations":[{"start":{"line":90,"column":21},"end":{"line":90,"column":45}}]},"24":{"type":"branch","line":114,"loc":{"start":{"line":114,"column":31},"end":{"line":169,"column":17}},"locations":[{"start":{"line":114,"column":31},"end":{"line":169,"column":17}}]},"25":{"type":"branch","line":118,"loc":{"start":{"line":118,"column":44},"end":{"line":118,"column":82}},"locations":[{"start":{"line":118,"column":44},"end":{"line":118,"column":82}}]},"26":{"type":"branch","line":118,"loc":{"start":{"line":118,"column":49},"end":{"line":118,"column":84}},"locations":[{"start":{"line":118,"column":49},"end":{"line":118,"column":84}}]},"27":{"type":"branch","line":148,"loc":{"start":{"line":148,"column":26},"end":{"line":149,"column":77}},"locations":[{"start":{"line":148,"column":26},"end":{"line":149,"column":77}}]},"28":{"type":"branch","line":155,"loc":{"start":{"line":155,"column":15},"end":{"line":167,"column":25}},"locations":[{"start":{"line":155,"column":15},"end":{"line":167,"column":25}}]},"29":{"type":"branch","line":125,"loc":{"start":{"line":125,"column":25},"end":{"line":125,"column":57}},"locations":[{"start":{"line":125,"column":25},"end":{"line":125,"column":57}}]},"30":{"type":"branch","line":159,"loc":{"start":{"line":159,"column":27},"end":{"line":162,"column":20}},"locations":[{"start":{"line":159,"column":27},"end":{"line":162,"column":20}}]}},"b":{"0":[64],"1":[1],"2":[63],"3":[1],"4":[62],"5":[36],"6":[36],"7":[15],"8":[1],"9":[14],"10":[47],"11":[60],"12":[24],"13":[36],"14":[72],"15":[55],"16":[50],"17":[48],"18":[46],"19":[40],"20":[132],"21":[107],"22":[36],"23":[1],"24":[82],"25":[4],"26":[78],"27":[32],"28":[26],"29":[4],"30":[3]},"fnMap":{"0":{"name":"BulletsList","decl":{"start":{"line":17,"column":7},"end":{"line":175,"column":1}},"loc":{"start":{"line":17,"column":7},"end":{"line":175,"column":1}},"line":17},"1":{"name":"onChange","decl":{"start":{"line":83,"column":20},"end":{"line":83,"column":57}},"loc":{"start":{"line":83,"column":20},"end":{"line":83,"column":57}},"line":83},"2":{"name":"onClick","decl":{"start":{"line":90,"column":21},"end":{"line":90,"column":45}},"loc":{"start":{"line":90,"column":21},"end":{"line":90,"column":45}},"line":90},"3":{"name":"onClick","decl":{"start":{"line":125,"column":25},"end":{"line":125,"column":57}},"loc":{"start":{"line":125,"column":25},"end":{"line":125,"column":57}},"line":125},"4":{"name":"onClick","decl":{"start":{"line":159,"column":27},"end":{"line":162,"column":20}},"loc":{"start":{"line":159,"column":27},"end":{"line":162,"column":20}},"line":159}},"f":{"0":64,"1":36,"2":1,"3":4,"4":3}}
,"/Users/aryamanp/CountyPulseProject/CountyPulse/packages/ui/src/components/interview/InterviewChat.tsx": {"path":"/Users/aryamanp/CountyPulseProject/CountyPulse/packages/ui/src/components/interview/InterviewChat.tsx","all":false,"statementMap":{"0":{"start":{"line":1,"column":0},"end":{"line":1,"column":51}},"1":{"start":{"line":2,"column":0},"end":{"line":2,"column":71}},"2":{"start":{"line":3,"column":0},"end":{"line":3,"column":8}},"3":{"start":{"line":4,"column":0},"end":{"line":4,"column":23}},"4":{"start":{"line":5,"column":0},"end":{"line":5,"column":20}},"5":{"start":{"line":6,"column":0},"end":{"line":6,"column":17}},"6":{"start":{"line":7,"column":0},"end":{"line":7,"column":30}},"7":{"start":{"line":8,"column":0},"end":{"line":8,"column":33}},"8":{"start":{"line":9,"column":0},"end":{"line":9,"column":28}},"9":{"start":{"line":10,"column":0},"end":{"line":10,"column":0}},"10":{"start":{"line":11,"column":0},"end":{"line":11,"column":37}},"11":{"start":{"line":12,"column":0},"end":{"line":12,"column":52}},"12":{"start":{"line":13,"column":0},"end":{"line":13,"column":22}},"13":{"start":{"line":14,"column":0},"end":{"line":14,"column":33}},"14":{"start":{"line":15,"column":0},"end":{"line":15,"column":1}},"15":{"start":{"line":16,"column":0},"end":{"line":16,"column":0}},"16":{"start":{"line":17,"column":0},"end":{"line":17,"column":85}},"17":{"start":{"line":18,"column":0},"end":{"line":18,"column":61}},"18":{"start":{"line":19,"column":0},"end":{"line":19,"column":40}},"19":{"start":{"line":20,"column":0},"end":{"line":20,"column":51}},"20":{"start":{"line":21,"column":0},"end":{"line":21,"column":57}},"21":{"start":{"line":22,"column":0},"end":{"line":22,"column":53}},"22":{"start":{"line":23,"column":0},"end":{"line":23,"column":95}},"23":{"start":{"line":24,"column":0},"end":{"line":24,"column":0}},"24":{"start":{"line":25,"column":0},"end":{"line":25,"column":53}},"25":{"start":{"line":26,"column":0},"end":{"line":26,"column":49}},"26":{"start":{"line":27,"column":0},"end":{"line":27,"column":0}},"27":{"start":{"line":28,"column":0},"end":{"line":28,"column":34}},"28":{"start":{"line":29,"column":0},"end":{"line":29,"column":19}},"29":{"start":{"line":30,"column":0},"end":{"line":30,"column":26}},"30":{"start":{"line":31,"column":0},"end":{"line":31,"column":22}},"31":{"start":{"line":32,"column":0},"end":{"line":32,"column":5}},"32":{"start":{"line":33,"column":0},"end":{"line":33,"column":46}},"33":{"start":{"line":34,"column":0},"end":{"line":34,"column":33}},"34":{"start":{"line":35,"column":0},"end":{"line":35,"column":23}},"35":{"start":{"line":36,"column":0},"end":{"line":36,"column":0}},"36":{"start":{"line":37,"column":0},"end":{"line":37,"column":42}},"37":{"start":{"line":38,"column":0},"end":{"line":38,"column":19}},"38":{"start":{"line":39,"column":0},"end":{"line":39,"column":66}},"39":{"start":{"line":40,"column":0},"end":{"line":40,"column":16}},"40":{"start":{"line":41,"column":0},"end":{"line":41,"column":0}},"41":{"start":{"line":42,"column":0},"end":{"line":42,"column":33}},"42":{"start":{"line":43,"column":0},"end":{"line":43,"column":19}},"43":{"start":{"line":44,"column":0},"end":{"line":44,"column":36}},"44":{"start":{"line":45,"column":0},"end":{"line":45,"column":31}},"45":{"start":{"line":46,"column":0},"end":{"line":46,"column":5}},"46":{"start":{"line":47,"column":0},"end":{"line":47,"column":29}},"47":{"start":{"line":48,"column":0},"end":{"line":48,"column":0}},"48":{"start":{"line":49,"column":0},"end":{"line":49,"column":54}},"49":{"start":{"line":50,"column":0},"end":{"line":50,"column":22}},"50":{"start":{"line":51,"column":0},"end":{"line":51,"column":42}},"51":{"start":{"line":52,"column":0},"end":{"line":52,"column":0}},"52":{"start":{"line":53,"column":0},"end":{"line":53,"column":38}},"53":{"start":{"line":54,"column":0},"end":{"line":54,"column":31}},"54":{"start":{"line":55,"column":0},"end":{"line":55,"column":19}},"55":{"start":{"line":56,"column":0},"end":{"line":56,"column":28}},"56":{"start":{"line":57,"column":0},"end":{"line":57,"column":42}},"57":{"start":{"line":58,"column":0},"end":{"line":58,"column":5}},"58":{"start":{"line":59,"column":0},"end":{"line":59,"column":0}},"59":{"start":{"line":60,"column":0},"end":{"line":60,"column":54}},"60":{"start":{"line":61,"column":0},"end":{"line":61,"column":32}},"61":{"start":{"line":62,"column":0},"end":{"line":62,"column":16}},"62":{"start":{"line":63,"column":0},"end":{"line":63,"column":22}},"63":{"start":{"line":64,"column":0},"end":{"line":64,"column":18}},"64":{"start":{"line":65,"column":0},"end":{"line":65,"column":0}},"65":{"start":{"line":66,"column":0},"end":{"line":66,"column":9}},"66":{"start":{"line":67,"column":0},"end":{"line":67,"column":72}},"67":{"start":{"line":68,"column":0},"end":{"line":68,"column":0}},"68":{"start":{"line":69,"column":0},"end":{"line":69,"column":33}},"69":{"start":{"line":70,"column":0},"end":{"line":70,"column":45}},"70":{"start":{"line":71,"column":0},"end":{"line":71,"column":38}},"71":{"start":{"line":72,"column":0},"end":{"line":72,"column":26}},"72":{"start":{"line":73,"column":0},"end":{"line":73,"column":33}},"73":{"start":{"line":74,"column":0},"end":{"line":74,"column":44}},"74":{"start":{"line":75,"column":0},"end":{"line":75,"column":7}},"75":{"start":{"line":76,"column":0},"end":{"line":76,"column":0}},"76":{"start":{"line":77,"column":0},"end":{"line":77,"column":56}},"77":{"start":{"line":78,"column":0},"end":{"line":78,"column":0}},"78":{"start":{"line":79,"column":0},"end":{"line":79,"column":30}},"79":{"start":{"line":80,"column":0},"end":{"line":80,"column":37}},"80":{"start":{"line":81,"column":0},"end":{"line":81,"column":36}},"81":{"start":{"line":82,"column":0},"end":{"line":82,"column":57}},"82":{"start":{"line":83,"column":0},"end":{"line":83,"column":18}},"83":{"start":{"line":84,"column":0},"end":{"line":84,"column":73}},"84":{"start":{"line":85,"column":0},"end":{"line":85,"column":66}},"85":{"start":{"line":86,"column":0},"end":{"line":86,"column":11}},"86":{"start":{"line":87,"column":0},"end":{"line":87,"column":0}},"87":{"start":{"line":88,"column":0},"end":{"line":88,"column":35}},"88":{"start":{"line":89,"column":0},"end":{"line":89,"column":39}},"89":{"start":{"line":90,"column":0},"end":{"line":90,"column":47}},"90":{"start":{"line":91,"column":0},"end":{"line":91,"column":38}},"91":{"start":{"line":92,"column":0},"end":{"line":92,"column":40}},"92":{"start":{"line":93,"column":0},"end":{"line":93,"column":92}},"93":{"start":{"line":94,"column":0},"end":{"line":94,"column":13}},"94":{"start":{"line":95,"column":0},"end":{"line":95,"column":41}},"95":{"start":{"line":96,"column":0},"end":{"line":96,"column":18}},"96":{"start":{"line":97,"column":0},"end":{"line":97,"column":31}},"97":{"start":{"line":98,"column":0},"end":{"line":98,"column":20}},"98":{"start":{"line":99,"column":0},"end":{"line":99,"column":26}},"99":{"start":{"line":100,"column":0},"end":{"line":100,"column":34}},"100":{"start":{"line":101,"column":0},"end":{"line":101,"column":69}},"101":{"start":{"line":102,"column":0},"end":{"line":102,"column":16}},"102":{"start":{"line":103,"column":0},"end":{"line":103,"column":13}},"103":{"start":{"line":104,"column":0},"end":{"line":104,"column":11}},"104":{"start":{"line":105,"column":0},"end":{"line":105,"column":10}},"105":{"start":{"line":106,"column":0},"end":{"line":106,"column":7}},"106":{"start":{"line":107,"column":0},"end":{"line":107,"column":0}},"107":{"start":{"line":108,"column":0},"end":{"line":108,"column":74}},"108":{"start":{"line":109,"column":0},"end":{"line":109,"column":36}},"109":{"start":{"line":110,"column":0},"end":{"line":110,"column":54}},"110":{"start":{"line":111,"column":0},"end":{"line":111,"column":45}},"111":{"start":{"line":112,"column":0},"end":{"line":112,"column":46}},"112":{"start":{"line":113,"column":0},"end":{"line":113,"column":32}},"113":{"start":{"line":114,"column":0},"end":{"line":114,"column":34}},"114":{"start":{"line":115,"column":0},"end":{"line":115,"column":82}},"115":{"start":{"line":116,"column":0},"end":{"line":116,"column":11}},"116":{"start":{"line":117,"column":0},"end":{"line":117,"column":39}},"117":{"start":{"line":118,"column":0},"end":{"line":118,"column":10}},"118":{"start":{"line":119,"column":0},"end":{"line":119,"column":7}},"119":{"start":{"line":120,"column":0},"end":{"line":120,"column":0}},"120":{"start":{"line":121,"column":0},"end":{"line":121,"column":35}},"121":{"start":{"line":122,"column":0},"end":{"line":122,"column":27}},"122":{"start":{"line":123,"column":0},"end":{"line":123,"column":7}},"123":{"start":{"line":124,"column":0},"end":{"line":124,"column":19}},"124":{"start":{"line":125,"column":0},"end":{"line":125,"column":77}},"125":{"start":{"line":126,"column":0},"end":{"line":126,"column":15}},"126":{"start":{"line":127,"column":0},"end":{"line":127,"column":25}},"127":{"start":{"line":128,"column":0},"end":{"line":128,"column":5}},"128":{"start":{"line":129,"column":0},"end":{"line":129,"column":3}},"129":{"start":{"line":130,"column":0},"end":{"line":130,"column":0}},"130":{"start":{"line":131,"column":0},"end":{"line":131,"column":36}},"131":{"start":{"line":132,"column":0},"end":{"line":132,"column":23}},"132":{"start":{"line":133,"column":0},"end":{"line":133,"column":29}},"133":{"start":{"line":134,"column":0},"end":{"line":134,"column":3}},"134":{"start":{"line":135,"column":0},"end":{"line":135,"column":0}},"135":{"start":{"line":136,"column":0},"end":{"line":136,"column":30}},"136":{"start":{"line":137,"column":0},"end":{"line":137,"column":29}},"137":{"start":{"line":138,"column":0},"end":{"line":138,"column":3}},"138":{"start":{"line":139,"column":0},"end":{"line":139,"column":0}},"139":{"start":{"line":140,"column":0},"end":{"line":140,"column":10}},"140":{"start":{"line":141,"column":0},"end":{"line":141,"column":65}},"141":{"start":{"line":142,"column":0},"end":{"line":142,"column":40}},"142":{"start":{"line":143,"column":0},"end":{"line":143,"column":33}},"143":{"start":{"line":144,"column":0},"end":{"line":144,"column":43}},"144":{"start":{"line":145,"column":0},"end":{"line":145,"column":27}},"145":{"start":{"line":146,"column":0},"end":{"line":146,"column":19}},"146":{"start":{"line":147,"column":0},"end":{"line":147,"column":27}},"147":{"start":{"line":148,"column":0},"end":{"line":148,"column":42}},"148":{"start":{"line":149,"column":0},"end":{"line":149,"column":39}},"149":{"start":{"line":150,"column":0},"end":{"line":150,"column":41}},"150":{"start":{"line":151,"column":0},"end":{"line":151,"column":13}},"151":{"start":{"line":152,"column":0},"end":{"line":152,"column":27}},"152":{"start":{"line":153,"column":0},"end":{"line":153,"column":21}},"153":{"start":{"line":154,"column":0},"end":{"line":154,"column":12}},"154":{"start":{"line":155,"column":0},"end":{"line":155,"column":17}},"155":{"start":{"line":156,"column":0},"end":{"line":156,"column":25}},"156":{"start":{"line":157,"column":0},"end":{"line":157,"column":30}},"157":{"start":{"line":158,"column":0},"end":{"line":158,"column":37}},"158":{"start":{"line":159,"column":0},"end":{"line":159,"column":42}},"159":{"start":{"line":160,"column":0},"end":{"line":160,"column":11}},"160":{"start":{"line":161,"column":0},"end":{"line":161,"column":18}},"161":{"start":{"line":162,"column":0},"end":{"line":162,"column":19}},"162":{"start":{"line":163,"column":0},"end":{"line":163,"column":14}},"163":{"start":{"line":164,"column":0},"end":{"line":164,"column":12}},"164":{"start":{"line":165,"column":0},"end":{"line":165,"column":0}},"165":{"start":{"line":166,"column":0},"end":{"line":166,"column":75}},"166":{"start":{"line":167,"column":0},"end":{"line":167,"column":32}},"167":{"start":{"line":168,"column":0},"end":{"line":168,"column":14}},"168":{"start":{"line":169,"column":0},"end":{"line":169,"column":24}},"169":{"start":{"line":170,"column":0},"end":{"line":170,"column":53}},"170":{"start":{"line":171,"column":0},"end":{"line":171,"column":47}},"171":{"start":{"line":172,"column":0},"end":{"line":172,"column":11}},"172":{"start":{"line":173,"column":0},"end":{"line":173,"column":44}},"173":{"start":{"line":174,"column":0},"end":{"line":174,"column":54}},"174":{"start":{"line":175,"column":0},"end":{"line":175,"column":18}},"175":{"start":{"line":176,"column":0},"end":{"line":176,"column":64}},"176":{"start":{"line":177,"column":0},"end":{"line":177,"column":16}},"177":{"start":{"line":178,"column":0},"end":{"line":178,"column":11}},"178":{"start":{"line":179,"column":0},"end":{"line":179,"column":23}},"179":{"start":{"line":180,"column":0},"end":{"line":180,"column":83}},"180":{"start":{"line":181,"column":0},"end":{"line":181,"column":52}},"181":{"start":{"line":182,"column":0},"end":{"line":182,"column":62}},"182":{"start":{"line":183,"column":0},"end":{"line":183,"column":27}},"183":{"start":{"line":184,"column":0},"end":{"line":184,"column":27}},"184":{"start":{"line":185,"column":0},"end":{"line":185,"column":27}},"185":{"start":{"line":186,"column":0},"end":{"line":186,"column":18}},"186":{"start":{"line":187,"column":0},"end":{"line":187,"column":16}},"187":{"start":{"line":188,"column":0},"end":{"line":188,"column":10}},"188":{"start":{"line":189,"column":0},"end":{"line":189,"column":36}},"189":{"start":{"line":190,"column":0},"end":{"line":190,"column":12}},"190":{"start":{"line":191,"column":0},"end":{"line":191,"column":0}},"191":{"start":{"line":192,"column":0},"end":{"line":192,"column":17}},"192":{"start":{"line":193,"column":0},"end":{"line":193,"column":71}},"193":{"start":{"line":194,"column":0},"end":{"line":194,"column":17}},"194":{"start":{"line":195,"column":0},"end":{"line":195,"column":14}},"195":{"start":{"line":196,"column":0},"end":{"line":196,"column":8}},"196":{"start":{"line":197,"column":0},"end":{"line":197,"column":0}},"197":{"start":{"line":198,"column":0},"end":{"line":198,"column":21}},"198":{"start":{"line":199,"column":0},"end":{"line":199,"column":77}},"199":{"start":{"line":200,"column":0},"end":{"line":200,"column":44}},"200":{"start":{"line":201,"column":0},"end":{"line":201,"column":40}},"201":{"start":{"line":202,"column":0},"end":{"line":202,"column":15}},"202":{"start":{"line":203,"column":0},"end":{"line":203,"column":78}},"203":{"start":{"line":204,"column":0},"end":{"line":204,"column":95}},"204":{"start":{"line":205,"column":0},"end":{"line":205,"column":16}},"205":{"start":{"line":206,"column":0},"end":{"line":206,"column":16}},"206":{"start":{"line":207,"column":0},"end":{"line":207,"column":17}},"207":{"start":{"line":208,"column":0},"end":{"line":208,"column":25}},"208":{"start":{"line":209,"column":0},"end":{"line":209,"column":34}},"209":{"start":{"line":210,"column":0},"end":{"line":210,"column":35}},"210":{"start":{"line":211,"column":0},"end":{"line":211,"column":42}},"211":{"start":{"line":212,"column":0},"end":{"line":212,"column":11}},"212":{"start":{"line":213,"column":0},"end":{"line":213,"column":31}},"213":{"start":{"line":214,"column":0},"end":{"line":214,"column":19}},"214":{"start":{"line":215,"column":0},"end":{"line":215,"column":14}},"215":{"start":{"line":216,"column":0},"end":{"line":216,"column":11}},"216":{"start":{"line":217,"column":0},"end":{"line":217,"column":66}},"217":{"start":{"line":218,"column":0},"end":{"line":218,"column":16}},"218":{"start":{"line":219,"column":0},"end":{"line":219,"column":26}},"219":{"start":{"line":220,"column":0},"end":{"line":220,"column":23}},"220":{"start":{"line":221,"column":0},"end":{"line":221,"column":25}},"221":{"start":{"line":222,"column":0},"end":{"line":222,"column":54}},"222":{"start":{"line":223,"column":0},"end":{"line":223,"column":47}},"223":{"start":{"line":224,"column":0},"end":{"line":224,"column":32}},"224":{"start":{"line":225,"column":0},"end":{"line":225,"column":37}},"225":{"start":{"line":226,"column":0},"end":{"line":226,"column":41}},"226":{"start":{"line":227,"column":0},"end":{"line":227,"column":12}},"227":{"start":{"line":228,"column":0},"end":{"line":228,"column":17}},"228":{"start":{"line":229,"column":0},"end":{"line":229,"column":25}},"229":{"start":{"line":230,"column":0},"end":{"line":230,"column":49}},"230":{"start":{"line":231,"column":0},"end":{"line":231,"column":47}},"231":{"start":{"line":232,"column":0},"end":{"line":232,"column":40}},"232":{"start":{"line":233,"column":0},"end":{"line":233,"column":11}},"233":{"start":{"line":234,"column":0},"end":{"line":234,"column":16}},"234":{"start":{"line":235,"column":0},"end":{"line":235,"column":19}},"235":{"start":{"line":236,"column":0},"end":{"line":236,"column":15}},"236":{"start":{"line":237,"column":0},"end":{"line":237,"column":8}},"237":{"start":{"line":238,"column":0},"end":{"line":238,"column":0}},"238":{"start":{"line":239,"column":0},"end":{"line":239,"column":46}},"239":{"start":{"line":240,"column":0},"end":{"line":240,"column":75}},"240":{"start":{"line":241,"column":0},"end":{"line":241,"column":32}},"241":{"start":{"line":24
[...]
,"/Users/aryamanp/CountyPulseProject/CountyPulse/packages/ui/src/templates/registry.ts": {"path":"/Users/aryamanp/CountyPulseProject/CountyPulse/packages/ui/src/templates/registry.ts","all":false,"statementMap":{"0":{"start":{"line":1,"column":0},"end":{"line":1,"column":57}},"1":{"start":{"line":2,"column":0},"end":{"line":2,"column":48}},"2":{"start":{"line":3,"column":0},"end":{"line":3,"column":0}},"3":{"start":{"line":4,"column":0},"end":{"line":4,"column":3}},"4":{"start":{"line":5,"column":0},"end":{"line":5,"column":62}},"5":{"start":{"line":6,"column":0},"end":{"line":6,"column":3}},"6":{"start":{"line":7,"column":0},"end":{"line":7,"column":45}},"7":{"start":{"line":8,"column":0},"end":{"line":8,"column":36}},"8":{"start":{"line":9,"column":0},"end":{"line":9,"column":2}},"9":{"start":{"line":10,"column":0},"end":{"line":10,"column":0}},"10":{"start":{"line":11,"column":0},"end":{"line":11,"column":3}},"11":{"start":{"line":12,"column":0},"end":{"line":12,"column":31}},"12":{"start":{"line":13,"column":0},"end":{"line":13,"column":40}},"13":{"start":{"line":14,"column":0},"end":{"line":14,"column":3}},"14":{"start":{"line":15,"column":0},"end":{"line":15,"column":48}},"15":{"start":{"line":16,"column":0},"end":{"line":16,"column":24}},"16":{"start":{"line":17,"column":0},"end":{"line":17,"column":1}},"17":{"start":{"line":18,"column":0},"end":{"line":18,"column":0}},"18":{"start":{"line":19,"column":0},"end":{"line":19,"column":3}},"19":{"start":{"line":20,"column":0},"end":{"line":20,"column":51}},"20":{"start":{"line":21,"column":0},"end":{"line":21,"column":3}},"21":{"start":{"line":22,"column":0},"end":{"line":22,"column":48}},"22":{"start":{"line":23,"column":0},"end":{"line":23,"column":33}},"23":{"start":{"line":24,"column":0},"end":{"line":24,"column":1}},"24":{"start":{"line":25,"column":0},"end":{"line":25,"column":0}},"25":{"start":{"line":26,"column":0},"end":{"line":26,"column":3}},"26":{"start":{"line":27,"column":0},"end":{"line":27,"column":24}},"27":{"start":{"line":28,"column":0},"end":{"line":28,"column":41}},"28":{"start":{"line":29,"column":0},"end":{"line":29,"column":3}},"29":{"start":{"line":30,"column":0},"end":{"line":30,"column":51}},"30":{"start":{"line":31,"column":0},"end":{"line":31,"column":42}},"31":{"start":{"line":32,"column":0},"end":{"line":32,"column":55}},"32":{"start":{"line":33,"column":0},"end":{"line":33,"column":1}},"33":{"start":{"line":34,"column":0},"end":{"line":34,"column":0}},"34":{"start":{"line":35,"column":0},"end":{"line":35,"column":3}},"35":{"start":{"line":36,"column":0},"end":{"line":36,"column":30}},"36":{"start":{"line":37,"column":0},"end":{"line":37,"column":3}},"37":{"start":{"line":38,"column":0},"end":{"line":38,"column":50}},"38":{"start":{"line":39,"column":0},"end":{"line":39,"column":42}},"39":{"start":{"line":40,"column":0},"end":{"line":40,"column":34}},"40":{"start":{"line":41,"column":0},"end":{"line":41,"column":1}},"41":{"start":{"line":42,"column":0},"end":{"line":42,"column":0}},"42":{"start":{"line":43,"column":0},"end":{"line":43,"column":3}},"43":{"start":{"line":44,"column":0},"end":{"line":44,"column":32}},"44":{"start":{"line":45,"column":0},"end":{"line":45,"column":23}},"45":{"start":{"line":46,"column":0},"end":{"line":46,"column":3}},"46":{"start":{"line":47,"column":0},"end":{"line":47,"column":53}},"47":{"start":{"line":48,"column":0},"end":{"line":48,"column":62}},"48":{"start":{"line":49,"column":0},"end":{"line":49,"column":1}},"49":{"start":{"line":50,"column":0},"end":{"line":50,"column":0}},"50":{"start":{"line":51,"column":0},"end":{"line":51,"column":3}},"51":{"start":{"line":52,"column":0},"end":{"line":52,"column":31}},"52":{"start":{"line":53,"column":0},"end":{"line":53,"column":3}},"53":{"start":{"line":54,"column":0},"end":{"line":54,"column":47}}},"s":{"0":1,"1":1,"2":1,"3":1,"4":1,"5":1,"6":1,"7":1,"8":1,"9":1,"10":1,"11":1,"12":1,"13":1,"14":1,"15":1,"16":1,"17":1,"18":1,"19":1,"20":1,"21":39,"22":39,"23":39,"24":1,"25":1,"26":1,"27":1,"28":1,"29":1,"30":35,"31":35,"32":35,"33":1,"34":1,"35":1,"36":1,"37":1,"38":4,"39":4,"40":4,"41":1,"42":1,"43":1,"44":1,"45":1,"46":1,"47":31,"48":31,"49":1,"50":1,"51":1,"52":1,"53":1},"branchMap":{"0":{"type":"branch","line":22,"loc":{"start":{"line":22,"column":0},"end":{"line":24,"column":1}},"locations":[{"start":{"line":22,"column":0},"end":{"line":24,"column":1}}]},"1":{"type":"branch","line":23,"loc":{"start":{"line":23,"column":26},"end":{"line":23,"column":33}},"locations":[{"start":{"line":23,"column":26},"end":{"line":23,"column":33}}]},"2":{"type":"branch","line":30,"loc":{"start":{"line":30,"column":7},"end":{"line":33,"column":1}},"locations":[{"start":{"line":30,"column":7},"end":{"line":33,"column":1}}]},"3":{"type":"branch","line":32,"loc":{"start":{"line":32,"column":33},"end":{"line":32,"column":55}},"locations":[{"start":{"line":32,"column":33},"end":{"line":32,"column":55}}]},"4":{"type":"branch","line":38,"loc":{"start":{"line":38,"column":7},"end":{"line":41,"column":1}},"locations":[{"start":{"line":38,"column":7},"end":{"line":41,"column":1}}]},"5":{"type":"branch","line":47,"loc":{"start":{"line":47,"column":7},"end":{"line":49,"column":1}},"locations":[{"start":{"line":47,"column":7},"end":{"line":49,"column":1}}]},"6":{"type":"branch","line":48,"loc":{"start":{"line":48,"column":44},"end":{"line":48,"column":61}},"locations":[{"start":{"line":48,"column":44},"end":{"line":48,"column":61}}]}},"b":{"0":[39],"1":[16],"2":[35],"3":[2],"4":[4],"5":[31],"6":[31]},"fnMap":{"0":{"name":"resolveTemplateId","decl":{"start":{"line":22,"column":0},"end":{"line":24,"column":1}},"loc":{"start":{"line":22,"column":0},"end":{"line":24,"column":1}},"line":22},"1":{"name":"getTemplate","decl":{"start":{"line":30,"column":7},"end":{"line":33,"column":1}},"loc":{"start":{"line":30,"column":7},"end":{"line":33,"column":1}},"line":30},"2":{"name":"hasTemplate","decl":{"start":{"line":38,"column":7},"end":{"line":41,"column":1}},"loc":{"start":{"line":38,"column":7},"end":{"line":41,"column":1}},"line":38},"3":{"name":"listTemplates","decl":{"start":{"line":47,"column":7},"end":{"line":49,"column":1}},"loc":{"start":{"line":47,"column":7},"end":{"line":49,"column":1}},"line":47}},"f":{"0":39,"1":35,"2":4,"3":31}}
,"/Users/aryamanp/CountyPulseProject/CountyPulse/packages/ui/src/templates/classic_v1/ClassicTemplate.tsx": {"path":"/Users/aryamanp/CountyPulseProject/CountyPulse/packages/ui/src/templates/classic_v1/ClassicTemplate.tsx","all":false,"statementMap":{"0":{"start":{"line":1,"column":0},"end":{"line":1,"column":45}},"1":{"start":{"line":2,"column":0},"end":{"line":2,"column":30}},"2":{"start":{"line":3,"column":0},"end":{"line":3,"column":0}},"3":{"start":{"line":4,"column":0},"end":{"line":4,"column":3}},"4":{"start":{"line":5,"column":0},"end":{"line":5,"column":52}},"5":{"start":{"line":6,"column":0},"end":{"line":6,"column":69}},"6":{"start":{"line":7,"column":0},"end":{"line":7,"column":3}},"7":{"start":{"line":8,"column":0},"end":{"line":8,"column":60}},"8":{"start":{"line":9,"column":0},"end":{"line":9,"column":26}},"9":{"start":{"line":10,"column":0},"end":{"line":10,"column":47}},"10":{"start":{"line":11,"column":0},"end":{"line":11,"column":56}},"11":{"start":{"line":12,"column":0},"end":{"line":12,"column":3}},"12":{"start":{"line":13,"column":0},"end":{"line":13,"column":0}},"13":{"start":{"line":14,"column":0},"end":{"line":14,"column":28}},"14":{"start":{"line":15,"column":0},"end":{"line":15,"column":51}},"15":{"start":{"line":16,"column":0},"end":{"line":16,"column":60}},"16":{"start":{"line":17,"column":0},"end":{"line":17,"column":3}},"17":{"start":{"line":18,"column":0},"end":{"line":18,"column":0}},"18":{"start":{"line":19,"column":0},"end":{"line":19,"column":82}},"19":{"start":{"line":20,"column":0},"end":{"line":20,"column":0}},"20":{"start":{"line":21,"column":0},"end":{"line":21,"column":20}},"21":{"start":{"line":22,"column":0},"end":{"line":22,"column":12}},"22":{"start":{"line":23,"column":0},"end":{"line":23,"column":71}},"23":{"start":{"line":24,"column":0},"end":{"line":24,"column":53}},"24":{"start":{"line":25,"column":0},"end":{"line":25,"column":67}},"25":{"start":{"line":26,"column":0},"end":{"line":26,"column":17}},"26":{"start":{"line":27,"column":0},"end":{"line":27,"column":78}},"27":{"start":{"line":28,"column":0},"end":{"line":28,"column":38}},"28":{"start":{"line":29,"column":0},"end":{"line":29,"column":65}},"29":{"start":{"line":30,"column":0},"end":{"line":30,"column":14}},"30":{"start":{"line":31,"column":0},"end":{"line":31,"column":12}},"31":{"start":{"line":32,"column":0},"end":{"line":32,"column":5}},"32":{"start":{"line":33,"column":0},"end":{"line":33,"column":3}},"33":{"start":{"line":34,"column":0},"end":{"line":34,"column":0}},"34":{"start":{"line":35,"column":0},"end":{"line":35,"column":10}},"35":{"start":{"line":36,"column":0},"end":{"line":36,"column":69}},"36":{"start":{"line":37,"column":0},"end":{"line":37,"column":20}},"37":{"start":{"line":38,"column":0},"end":{"line":38,"column":51}},"38":{"start":{"line":39,"column":0},"end":{"line":39,"column":65}},"39":{"start":{"line":40,"column":0},"end":{"line":40,"column":15}},"40":{"start":{"line":41,"column":0},"end":{"line":41,"column":0}},"41":{"start":{"line":42,"column":0},"end":{"line":42,"column":22}},"42":{"start":{"line":43,"column":0},"end":{"line":43,"column":55}},"43":{"start":{"line":44,"column":0},"end":{"line":44,"column":30}},"44":{"start":{"line":45,"column":0},"end":{"line":45,"column":51}},"45":{"start":{"line":46,"column":0},"end":{"line":46,"column":0}},"46":{"start":{"line":47,"column":0},"end":{"line":47,"column":16}},"47":{"start":{"line":48,"column":0},"end":{"line":48,"column":18}},"48":{"start":{"line":49,"column":0},"end":{"line":49,"column":28}},"49":{"start":{"line":50,"column":0},"end":{"line":50,"column":49}},"50":{"start":{"line":51,"column":0},"end":{"line":51,"column":58}},"51":{"start":{"line":52,"column":0},"end":{"line":52,"column":11}},"52":{"start":{"line":53,"column":0},"end":{"line":53,"column":80}},"53":{"start":{"line":54,"column":0},"end":{"line":54,"column":0}},"54":{"start":{"line":55,"column":0},"end":{"line":55,"column":53}},"55":{"start":{"line":56,"column":0},"end":{"line":56,"column":51}},"56":{"start":{"line":57,"column":0},"end":{"line":57,"column":66}},"57":{"start":{"line":58,"column":0},"end":{"line":58,"column":67}},"58":{"start":{"line":59,"column":0},"end":{"line":59,"column":44}},"59":{"start":{"line":60,"column":0},"end":{"line":60,"column":0}},"60":{"start":{"line":61,"column":0},"end":{"line":61,"column":26}},"61":{"start":{"line":62,"column":0},"end":{"line":62,"column":24}},"62":{"start":{"line":63,"column":0},"end":{"line":63,"column":61}},"63":{"start":{"line":64,"column":0},"end":{"line":64,"column":60}},"64":{"start":{"line":65,"column":0},"end":{"line":65,"column":21}},"65":{"start":{"line":66,"column":0},"end":{"line":66,"column":73}},"66":{"start":{"line":67,"column":0},"end":{"line":67,"column":93}},"67":{"start":{"line":68,"column":0},"end":{"line":68,"column":66}},"68":{"start":{"line":69,"column":0},"end":{"line":69,"column":82}},"69":{"start":{"line":70,"column":0},"end":{"line":70,"column":31}},"70":{"start":{"line":71,"column":0},"end":{"line":71,"column":28}},"71":{"start":{"line":72,"column":0},"end":{"line":72,"column":85}},"72":{"start":{"line":73,"column":0},"end":{"line":73,"column":26}},"73":{"start":{"line":74,"column":0},"end":{"line":74,"column":19}},"74":{"start":{"line":75,"column":0},"end":{"line":75,"column":17}},"75":{"start":{"line":76,"column":0},"end":{"line":76,"column":0}},"76":{"start":{"line":77,"column":0},"end":{"line":77,"column":62}},"77":{"start":{"line":78,"column":0},"end":{"line":78,"column":61}},"78":{"start":{"line":79,"column":0},"end":{"line":79,"column":42}},"79":{"start":{"line":80,"column":0},"end":{"line":80,"column":0}},"80":{"start":{"line":81,"column":0},"end":{"line":81,"column":26}},"81":{"start":{"line":82,"column":0},"end":{"line":82,"column":24}},"82":{"start":{"line":83,"column":0},"end":{"line":83,"column":62}},"83":{"start":{"line":84,"column":0},"end":{"line":84,"column":58}},"84":{"start":{"line":85,"column":0},"end":{"line":85,"column":70}},"85":{"start":{"line":86,"column":0},"end":{"line":86,"column":21}},"86":{"start":{"line":87,"column":0},"end":{"line":87,"column":80}},"87":{"start":{"line":88,"column":0},"end":{"line":88,"column":70}},"88":{"start":{"line":89,"column":0},"end":{"line":89,"column":45}},"89":{"start":{"line":90,"column":0},"end":{"line":90,"column":29}},"90":{"start":{"line":91,"column":0},"end":{"line":91,"column":26}},"91":{"start":{"line":92,"column":0},"end":{"line":92,"column":19}},"92":{"start":{"line":93,"column":0},"end":{"line":93,"column":17}},"93":{"start":{"line":94,"column":0},"end":{"line":94,"column":0}},"94":{"start":{"line":95,"column":0},"end":{"line":95,"column":27}},"95":{"start":{"line":96,"column":0},"end":{"line":96,"column":17}},"96":{"start":{"line":97,"column":0},"end":{"line":97,"column":18}},"97":{"start":{"line":98,"column":0},"end":{"line":98,"column":20}},"98":{"start":{"line":99,"column":0},"end":{"line":99,"column":9}},"99":{"start":{"line":100,"column":0},"end":{"line":100,"column":9}},"100":{"start":{"line":101,"column":0},"end":{"line":101,"column":10}},"101":{"start":{"line":102,"column":0},"end":{"line":102,"column":3}},"102":{"start":{"line":103,"column":0},"end":{"line":103,"column":1}}},"s":{"0":1,"1":1,"2":1,"3":1,"4":1,"5":1,"6":1,"7":1,"8":43,"9":43,"10":57,"11":57,"12":43,"13":43,"14":43,"15":4,"16":4,"17":43,"18":43,"19":43,"20":43,"21":2,"22":2,"23":2,"24":2,"25":2,"26":2,"27":2,"28":2,"29":2,"30":2,"31":2,"32":2,"33":41,"34":41,"35":41,"36":41,"37":41,"38":41,"39":41,"40":41,"41":41,"42":41,"43":63,"44":63,"45":41,"46":41,"47":41,"48":41,"49":41,"50":41,"51":41,"52":41,"53":41,"54":41,"55":41,"56":61,"57":4,"58":4,"59":3,"60":3,"61":3,"62":3,"63":3,"64":3,"65":3,"66":3,"67":3,"68":4,"69":4,"70":4,"71":4,"72":4,"73":4,"74":4,"75":57,"76":61,"77":57,"78":57,"79":55,"80":55,"81":55,"82":55,"83":55,"84":55,"85":55,"86":55,"87":55,"88":55,"89":55,"90":55,"91":55,"92":55,"93":0,"94":0,"95":41,"96":41,"97":41,"98":63,"99":41,"100":41,"101":41,"102":41},"branchMap":{"0":{"type":"branch","line":8,"loc":{"start":{"line":8,"column":7},"end":{"line":103,"column":1}},"locations":[{"start":{"line":8,"column":7},"end":{"line":103,"column":1}}]},"1":{"type":"branch","line":21,"loc":{"start":{"line":21,"column":19},"end":{"line":33,"column":3}},"locations":[{"start":{"line":21,"column":19},"end":{"line":33,"column":3}}]},"2":{"type":"branch","line":33,"loc":{"start":{"line":33,"column":2},"end":{"line":103,"column":1}},"locations":[{"start":{"line":33,"column":2},"end":{"line":103,"column":1}}]},"3":{"type":"branch","line":10,"loc":{"start":{"line":10,"column":24},"end":{"line":12,"column":3}},"locations":[{"start":{"line":10,"column":24},"end":{"line":12,"column":3}}]},"4":{"type":"branch","line":11,"loc":{"start":{"line":11,"column":31},"end":{"line":11,"column":55}},"locations":[{"start":{"line":11,"column":31},"end":{"line":11,"column":55}}]},"5":{"type":"branch","line":15,"loc":{"start":{"line":15,"column":26},"end":{"line":17,"column":3}},"locations":[{"start":{"line":15,"column":26},"end":{"line":17,"column":3}}]},"6":{"type":"branch","line":16,"loc":{"start":{"line":16,"column":33},"end":{"line":16,"column":59}},"locations":[{"start":{"line":16,"column":33},"end":{"line":16,"column":59}}]},"7":{"type":"branch","line":19,"loc":{"start":{"line":19,"column":56},"end":{"line":19,"column":81}},"locations":[{"start":{"line":19,"column":56},"end":{"line":19,"column":81}}]},"8":{"type":"branch","line":43,"loc":{"start":{"line":43,"column":41},"end":{"line":100,"column":7}},"locations":[{"start":{"line":43,"column":41},"end":{"line":100,"column":7}}]},"9":{"type":"branch","line":45,"loc":{"start":{"line":45,"column":40},"end":{"line":98,"column":20}},"locations":[{"start":{"line":45,"column":40},"end":{"line":98,"column":20}}]},"10":{"type":"branch","line":45,"loc":{"start":{"line":45,"column":40},"end":{"line":45,"column":51}},"locations":[{"start":{"line":45,"column":40},"end":{"line":45,"column":51}}]},"11":{"type":"branch","line":45,"loc":{"start":{"line":45,"column":47},"end":{"line":98,"column":20}},"locations":[{"start":{"line":45,"column":47},"end":{"line":98,"column":20}}]},"12":{"type":"branch","line":56,"loc":{"start":{"line":56,"column":33},"end":{"line":96,"column":15}},"locations":[{"start":{"line":56,"column":33},"end":{"line":96,"column":15}}]},"13":{"type":"branch","line":57,"loc":{"start":{"line":57,"column":34},"end":{"line":57,"column":65}},"locations":[{"start":{"line":57,"column":34},"end":{"line":57,"column":65}}]},"14":{"type":"branch","line":57,"loc":{"start":{"line":57,"column":65},"end":{"line":75,"column":17}},"locations":[{"start":{"line":57,"column":65},"end":{"line":75,"column":17}}]},"15":{"type":"branch","line":59,"loc":{"start":{"line":59,"column":33},"end":{"line":59,"column":44}},"locations":[{"start":{"line":59,"column":33},"end":{"line":59,"column":44}}]},"16":{"type":"branch","line":59,"loc":{"start":{"line":59,"column":40},"end":{"line":69,"column":72}},"locations":[{"start":{"line":59,"column":40},"end":{"line":69,"column":72}}]},"17":{"type":"branch","line":69,"loc":{"start":{"line":69,"column":60},"end":{"line":69,"column":82}},"locations":[{"start":{"line":69,"column":60},"end":{"line":69,"column":82}}]},"18":{"type":"branch","line":75,"loc":{"start":{"line":75,"column":16},"end":{"line":77,"column":61}},"locations":[{"start":{"line":75,"column":16},"end":{"line":77,"column":61}}]},"19":{"type":"branch","line":77,"loc":{"start":{"line":77,"column":61},"end":{"line":93,"column":17}},"locations":[{"start":{"line":77,"column":61},"end":{"line":93,"column":17}}]},"20":{"type":"branch","line":79,"loc":{"start":{"line":79,"column":31},"end":{"line":79,"column":42}},"locations":[{"start":{"line":79,"column":31},"end":{"line":79,"column":42}}]},"21":{"type":"branch","line":79,"loc":{"start":{"line":79,"column":38},"end":{"line":93,"column":17}},"locations":[{"start":{"line":79,"column":38},"end":{"line":93,"column":17}}]},"22":{"type":"branch","line":93,"loc":{"start":{"line":93,"column":16},"end":{"line":95,"column":27}},"locations":[{"start":{"line":93,"column":16},"end":{"line":95,"column":27}}]}},"b":{"0":[43],"1":[2],"2":[41],"3":[57],"4":[75],"5":[4],"6":[3],"7":[45],"8":[63],"9":[43],"10":[22],"11":[41],"12":[61],"13":[4],"14":[4],"15":[1],"16":[3],"17":[2],"18":[57],"19":[57],"20":[2],"21":[55],"22":[0]},"fnMap":{"0":{"name":"ClassicTemplate","decl":{"start":{"line":8,"column":7},"end":{"line":103,"column":1}},"loc":{"start":{"line":8,"column":7},"end":{"line":103,"column":1}},"line":8},"1":{"name":"getBulletById","decl":{"start":{"line":10,"column":24},"end":{"line":12,"column":3}},"loc":{"start":{"line":10,"column":24},"end":{"line":12,"column":3}},"line":10},"2":{"name":"getPositionById","decl":{"start":{"line":15,"column":26},"end":{"line":17,"column":3}},"loc":{"start":{"line":15,"column":26},"end":{"line":17,"column":3}},"line":15}},"f":{"0":43,"1":57,"2":4}}
}
