{"total": {"lines":{"total":2894,"covered":2637,"skipped":0,"pct":91.11},"statements":{"total":2894,"covered":2637,"skipped":0,"pct":91.11},"functions":{"total":116,"covered":108,"skipped":0,"pct":93.1},"branches":{"total":418,"covered":355,"skipped":0,"pct":84.92},"branchesTrue":{"total":0,"covered":0,"skipped":0,"pct":100}}
,"/Users/aryamanp/CountyPulseProject/CountyPulse/packages/ui/src/components/auth/AuthGuard.tsx": {"lines":{"total":20,"covered":20,"skipped":0,"pct":100},"functions":{"total":1,"covered":1,"skipped":0,"pct":100},"statements":{"total":20,"covered":20,"skipped":0,"pct":100},"branches":{"total":7,"covered":7,"skipped":0,"pct":100}}
,"/Users/aryamanp/CountyPulseProject/CountyPulse/packages/ui/src/components/auth/LoginForm.tsx": {"lines":{"total":81,"covered":81,"skipped":0,"pct":100},"functions":{"total":4,"covered":4,"skipped":0,"pct":100},"statements":{"total":81,"covered":81,"skipped":0,"pct":100},"branches":{"total":15,"covered":13,"skipped":0,"pct":86.66}}
,"/Users/aryamanp/CountyPulseProject/CountyPulse/packages/ui/src/components/auth/LogoutButton.tsx": {"lines":{"total":27,"covered":27,"skipped":0,"pct":100},"functions":{"total":2,"covered":2,"skipped":0,"pct":100},"statements":{"total":27,"covered":27,"skipped":0,"pct":100},"branches":{"total":7,"covered":7,"skipped":0,"pct":100}}
,"/Users/aryamanp/CountyPulseProject/CountyPulse/packages/ui/src/components/bullets/BulletEditor.tsx": {"lines":{"total":204,"covered":204,"skipped":0,"pct":100},"functions":{"total":7,"covered":5,"skipped":0,"pct":71.42},"statements":{"total":204,"covered":204,"skipped":0,"pct":100},"branches":{"total":41,"covered":37,"skipped":0,"pct":90.24}}
,"/Users/aryamanp/CountyPulseProject/CountyPulse/packages/ui/src/components/bullets/BulletsList.tsx": {"lines":{"total":175,"covered":175,"skipped":0,"pct":100},"functions":{"total":5,"covered":5,"skipped":0,"pct":100},"statements":{"total":175,"covered":175,"skipped":0,"pct":100},"branches":{"total":31,"covered":31,"skipped":0,"pct":100}}
,"/Users/aryamanp/CountyPulseProject/CountyPulse/packages/ui/src/components/interview/InterviewChat.tsx": {"lines":{"total":254,"covered":248,"skipped":0,"pct":97.63},"functions":{"total":5,"covered":5,"skipped":0,"pct":100},"statements":{"total":254,"covered":248,"skipped":0,"pct":97.63},"branches":{"total":38,"covered":33,"skipped":0,"pct":86.84}}
,"/Users/aryamanp/CountyPulseProject/CountyPulse/packages/ui/src/components/layout/Navigation.tsx": {"lines":{"total":64,"covered":62,"skipped":0,"pct":96.87},"functions":{"total":2,"covered":2,"skipped":0,"pct":100},"statements":{"total":64,"covered":62,"skipped":0,"pct":96.87},"branches":{"total":6,"covered":5,"skipped":0,"pct":83.33}}
,"/Users/aryamanp/CountyPulseProject/CountyPulse/packages/ui/src/components/resume/ResumePreview.tsx": {"lines":{"total":23,"covered":23,"skipped":0,"pct":100},"functions":{"total":1,"covered":1,"skipped":0,"pct":100},"statements":{"total":23,"covered":23,"skipped":0,"pct":100},"branches":{"total":3,"covered":2,"skipped":0,"pct":66.66}}
,"/Users/aryamanp/CountyPulseProject/CountyPulse/packages/ui/src/components/resume/SortableBullet.tsx": {"lines":{"total":74,"covered":74,"skipped":0,"pct":100},"functions":{"total":1,"covered":1,"skipped":0,"pct":100},"statements":{"total":74,"covered":74,"skipped":0,"pct":100},"branches":{"total":2,"covered":1,"skipped":0,"pct":50}}
,"/Users/aryamanp/CountyPulseProject/CountyPulse/packages/ui/src/components/resume/SortableSection.tsx": {"lines":{"total":91,"covered":90,"skipped":0,"pct":98.9},"functions":{"total":3,"covered":3,"skipped":0,"pct":100},"statements":{"total":91,"covered":90,"skipped":0,"pct":98.9},"branches":{"total":13,"covered":9,"skipped":0,"pct":69.23}}
,"/Users/aryamanp/CountyPulseProject/CountyPulse/packages/ui/src/components/resume/TemplateSelector.tsx": {"lines":{"total":37,"covered":37,"skipped":0,"pct":100},"functions":{"total":2,"covered":2,"skipped":0,"pct":100},"statements":{"total":37,"covered":37,"skipped":0,"pct":100},"branches":{"total":3,"covered":3,"skipped":0,"pct":100}}
,"/Users/aryamanp/CountyPulseProject/CountyPulse/packages/ui/src/lib/queryClient.ts": {"lines":{"total":14,"covered":14,"skipped":0,"pct":100},"functions":{"total":0,"covered":0,"skipped":0,"pct":100},"statements":{"total":14,"covered":14,"skipped":0,"pct":100},"branches":{"total":0,"covered":0,"skipped":0,"pct":100}}
,"/Users/aryamanp/CountyPulseProject/CountyPulse/packages/ui/src/pages/BulletsPage.tsx": {"lines":{"total":121,"covered":108,"skipped":0,"pct":89.25},"functions":{"total":5,"covered":1,"skipped":0,"pct":20},"statements":{"total":121,"covered":108,"skipped":0,"pct":89.25},"branches":{"total":10,"covered":8,"skipped":0,"pct":80}}
,"/Users/aryamanp/CountyPulseProject/CountyPulse/packages/ui/src/pages/CompleteProfile.tsx": {"lines":{"total":104,"covered":86,"skipped":0,"pct":82.69},"functions":{"total":4,"covered":4,"skipped":0,"pct":100},"statements":{"total":104,"covered":86,"skipped":0,"pct":82.69},"branches":{"total":19,"covered":10,"skipped":0,"pct":52.63}}
,"/Users/aryamanp/CountyPulseProject/CountyPulse/packages/ui/src/pages/DraftResumePage.tsx": {"lines":{"total":185,"covered":180,"skipped":0,"pct":97.29},"functions":{"total":4,"covered":4,"skipped":0,"pct":100},"statements":{"total":185,"covered":180,"skipped":0,"pct":97.29},"branches":{"total":34,"covered":32,"skipped":0,"pct":94.11}}
,"/Users/aryamanp/CountyPulseProject/CountyPulse/packages/ui/src/pages/HomePage.tsx": {"lines":{"total":101,"covered":95,"skipped":0,"pct":94.05},"functions":{"total":4,"covered":4,"skipped":0,"pct":100},"statements":{"total":101,"covered":95,"skipped":0,"pct":94.05},"branches":{"total":11,"covered":8,"skipped":0,"pct":72.72}}
,"/Users/aryamanp/CountyPulseProject/CountyPulse/packages/ui/src/pages/InterviewPage.tsx": {"lines":{"total":96,"covered":93,"skipped":0,"pct":96.87},"functions":{"total":1,"covered":1,"skipped":0,"pct":100},"statements":{"total":96,"covered":93,"skipped":0,"pct":96.87},"branches":{"total":15,"covered":13,"skipped":0,"pct":86.66}}
,"/Users/aryamanp/CountyPulseProject/CountyPulse/packages/ui/src/pages/ResumeBuilderPage.tsx": {"lines":{"total":450,"covered":292,"skipped":0,"pct":64.88},"functions":{"total":6,"covered":6,"skipped":0,"pct":100},"statements":{"total":450,"covered":292,"skipped":0,"pct":64.88},"branches":{"total":50,"covered":34,"skipped":0,"pct":68}}
,"/Users/aryamanp/CountyPulseProject/CountyPulse/packages/ui/src/pages/ResumesPage.tsx": {"lines":{"total":96,"covered":83,"skipped":0,"pct":86.45},"functions":{"total":5,"covered":3,"skipped":0,"pct":60},"statements":{"total":96,"covered":83,"skipped":0,"pct":86.45},"branches":{"total":12,"covered":7,"skipped":0,"pct":58.33}}
,"/Users/aryamanp/CountyPulseProject/CountyPulse/packages/ui/src/queries/bullets.ts": {"lines":{"total":90,"covered":90,"skipped":0,"pct":100},"functions":{"total":14,"covered":14,"skipped":0,"pct":100},"statements":{"total":90,"covered":90,"skipped":0,"pct":100},"branches":{"total":18,"covered":17,"skipped":0,"pct":94.44}}
,"/Users/aryamanp/CountyPulseProject/CountyPulse/packages/ui/src/queries/resumes.ts": {"lines":{"total":152,"covered":152,"skipped":0,"pct":100},"functions":{"total":26,"covered":26,"skipped":0,"pct":100},"statements":{"total":152,"covered":152,"skipped":0,"pct":100},"branches":{"total":29,"covered":28,"skipped":0,"pct":96.55}}
,"/Users/aryamanp/CountyPulseProject/CountyPulse/packages/ui/src/services/interview.ts": {"lines":{"total":162,"covered":132,"skipped":0,"pct":81.48},"functions":{"total":4,"covered":4,"skipped":0,"pct":100},"statements":{"total":162,"covered":132,"skipped":0,"pct":81.48},"branches":{"total":6,"covered":4,"skipped":0,"pct":66.66}}
,"/Users/aryamanp/CountyPulseProject/CountyPulse/packages/ui/src/services/jd-processing.ts": {"lines":{"total":116,"covered":116,"skipped":0,"pct":100},"functions":{"total":3,"covered":3,"skipped":0,"pct":100},"statements":{"total":116,"covered":116,"skipped":0,"pct":100},"branches":{"total":18,"covered":17,"skipped":0,"pct":94.44}}
,"/Users/aryamanp/CountyPulseProject/CountyPulse/packages/ui/src/templates/registry.ts": {"lines":{"total":54,"covered":54,"skipped":0,"pct":100},"functions":{"total":4,"covered":4,"skipped":0,"pct":100},"statements":{"total":54,"covered":54,"skipped":0,"pct":100},"branches":{"total":7,"covered":7,"skipped":0,"pct":100}}
,"/Users/aryamanp/CountyPulseProject/CountyPulse/packages/ui/src/templates/classic_v1/ClassicTemplate.tsx": {"lines":{"total":103,"covered":101,"skipped":0,"pct":98.05},"functions":{"total":3,"covered":3,"skipped":0,"pct":100},"statements":{"total":103,"covered":101,"skipped":0,"pct":98.05},"branches":{"total":23,"covered":22,"skipped":0,"pct":95.65}}
}
