{"total": {"lines":{"total":3699,"covered":3381,"skipped":0,"pct":91.4},"statements":{"total":3699,"covered":3381,"skipped":0,"pct":91.4},"functions":{"total":140,"covered":132,"skipped":0,"pct":94.28},"branches":{"total":553,"covered":479,"skipped":0,"pct":86.61},"branchesTrue":{"total":0,"covered":0,"skipped":0,"pct":100}}
,"/Users/aryamanp/CountyPulseProject/CountyPulse/packages/ui/src/components/auth/AuthGuard.tsx": {"lines":{"total":20,"covered":20,"skipped":0,"pct":100},"functions":{"total":1,"covered":1,"skipped":0,"pct":100},"statements":{"total":20,"covered":20,"skipped":0,"pct":100},"branches":{"total":7,"covered":7,"skipped":0,"pct":100}}
,"/Users/aryamanp/CountyPulseProject/CountyPulse/packages/ui/src/components/auth/LoginForm.tsx": {"lines":{"total":91,"covered":91,"skipped":0,"pct":100},"functions":{"total":4,"covered":4,"skipped":0,"pct":100},"statements":{"total":91,"covered":91,"skipped":0,"pct":100},"branches":{"total":15,"covered":13,"skipped":0,"pct":86.66}}
,"/Users/aryamanp/CountyPulseProject/CountyPulse/packages/ui/src/components/auth/LogoutButton.tsx": {"lines":{"total":27,"covered":27,"skipped":0,"pct":100},"functions":{"total":2,"covered":2,"skipped":0,"pct":100},"statements":{"total":27,"covered":27,"skipped":0,"pct":100},"branches":{"total":7,"covered":7,"skipped":0,"pct":100}}
,"/Users/aryamanp/CountyPulseProject/CountyPulse/packages/ui/src/components/bullets/BulletEditor.tsx": {"lines":{"total":225,"covered":225,"skipped":0,"pct":100},"functions":{"total":8,"covered":6,"skipped":0,"pct":75},"statements":{"total":225,"covered":225,"skipped":0,"pct":100},"branches":{"total":46,"covered":42,"skipped":0,"pct":91.3}}
,"/Users/aryamanp/CountyPulseProject/CountyPulse/packages/ui/src/components/bullets/BulletsList.tsx": {"lines":{"total":203,"covered":203,"skipped":0,"pct":100},"functions":{"total":5,"covered":5,"skipped":0,"pct":100},"statements":{"total":203,"covered":203,"skipped":0,"pct":100},"branches":{"total":33,"covered":33,"skipped":0,"pct":100}}
,"/Users/aryamanp/CountyPulseProject/CountyPulse/packages/ui/src/components/interview/InterviewChat.tsx": {"lines":{"total":287,"covered":281,"skipped":0,"pct":97.9},"functions":{"total":5,"covered":5,"skipped":0,"pct":100},"statements":{"total":287,"covered":281,"skipped":0,"pct":97.9},"branches":{"total":49,"covered":44,"skipped":0,"pct":89.79}}
,"/Users/aryamanp/CountyPulseProject/CountyPulse/packages/ui/src/components/layout/Navigation.tsx": {"lines":{"total":65,"covered":63,"skipped":0,"pct":96.92},"functions":{"total":2,"covered":2,"skipped":0,"pct":100},"statements":{"total":65,"covered":63,"skipped":0,"pct":96.92},"branches":{"total":6,"covered":5,"skipped":0,"pct":83.33}}
,"/Users/aryamanp/CountyPulseProject/CountyPulse/packages/ui/src/components/resume/ResumePreview.tsx": {"lines":{"total":23,"covered":23,"skipped":0,"pct":100},"functions":{"total":1,"covered":1,"skipped":0,"pct":100},"statements":{"total":23,"covered":23,"skipped":0,"pct":100},"branches":{"total":3,"covered":2,"skipped":0,"pct":66.66}}
,"/Users/aryamanp/CountyPulseProject/CountyPulse/packages/ui/src/components/resume/SortableBullet.tsx": {"lines":{"total":74,"covered":74,"skipped":0,"pct":100},"functions":{"total":1,"covered":1,"skipped":0,"pct":100},"statements":{"total":74,"covered":74,"skipped":0,"pct":100},"branches":{"total":2,"covered":1,"skipped":0,"pct":50}}
,"/Users/aryamanp/CountyPulseProject/CountyPulse/packages/ui/src/components/resume/SortableSection.tsx": {"lines":{"total":91,"covered":90,"skipped":0,"pct":98.9},"functions":{"total":3,"covered":3,"skipped":0,"pct":100},"statements":{"total":91,"covered":90,"skipped":0,"pct":98.9},"branches":{"total":13,"covered":9,"skipped":0,"pct":69.23}}
,"/Users/aryamanp/CountyPulseProject/CountyPulse/packages/ui/src/components/resume/TemplateSelector.tsx": {"lines":{"total":37,"covered":37,"skipped":0,"pct":100},"functions":{"total":2,"covered":2,"skipped":0,"pct":100},"statements":{"total":37,"covered":37,"skipped":0,"pct":100},"branches":{"total":3,"covered":3,"skipped":0,"pct":100}}
,"/Users/aryamanp/CountyPulseProject/CountyPulse/packages/ui/src/components/telemetry/RunDetails.tsx": {"lines":{"total":63,"covered":61,"skipped":0,"pct":96.82},"functions":{"total":2,"covered":2,"skipped":0,"pct":100},"statements":{"total":63,"covered":61,"skipped":0,"pct":96.82},"branches":{"total":8,"covered":7,"skipped":0,"pct":87.5}}
,"/Users/aryamanp/CountyPulseProject/CountyPulse/packages/ui/src/components/telemetry/RunsList.tsx": {"lines":{"total":142,"covered":142,"skipped":0,"pct":100},"functions":{"total":6,"covered":6,"skipped":0,"pct":100},"statements":{"total":142,"covered":142,"skipped":0,"pct":100},"branches":{"total":35,"covered":34,"skipped":0,"pct":97.14}}
,"/Users/aryamanp/CountyPulseProject/CountyPulse/packages/ui/src/hooks/useInterviewStorage.ts": {"lines":{"total":87,"covered":87,"skipped":0,"pct":100},"functions":{"total":1,"covered":1,"skipped":0,"pct":100},"statements":{"total":87,"covered":87,"skipped":0,"pct":100},"branches":{"total":17,"covered":17,"skipped":0,"pct":100}}
,"/Users/aryamanp/CountyPulseProject/CountyPulse/packages/ui/src/lib/queryClient.ts": {"lines":{"total":14,"covered":14,"skipped":0,"pct":100},"functions":{"total":0,"covered":0,"skipped":0,"pct":100},"statements":{"total":14,"covered":14,"skipped":0,"pct":100},"branches":{"total":0,"covered":0,"skipped":0,"pct":100}}
,"/Users/aryamanp/CountyPulseProject/CountyPulse/packages/ui/src/pages/BulletsPage.tsx": {"lines":{"total":129,"covered":114,"skipped":0,"pct":88.37},"functions":{"total":5,"covered":1,"skipped":0,"pct":20},"statements":{"total":129,"covered":114,"skipped":0,"pct":88.37},"branches":{"total":10,"covered":8,"skipped":0,"pct":80}}
,"/Users/aryamanp/CountyPulseProject/CountyPulse/packages/ui/src/pages/CompleteProfile.tsx": {"lines":{"total":104,"covered":86,"skipped":0,"pct":82.69},"functions":{"total":4,"covered":4,"skipped":0,"pct":100},"statements":{"total":104,"covered":86,"skipped":0,"pct":82.69},"branches":{"total":19,"covered":10,"skipped":0,"pct":52.63}}
,"/Users/aryamanp/CountyPulseProject/CountyPulse/packages/ui/src/pages/DraftResumePage.tsx": {"lines":{"total":185,"covered":180,"skipped":0,"pct":97.29},"functions":{"total":4,"covered":4,"skipped":0,"pct":100},"statements":{"total":185,"covered":180,"skipped":0,"pct":97.29},"branches":{"total":34,"covered":32,"skipped":0,"pct":94.11}}
,"/Users/aryamanp/CountyPulseProject/CountyPulse/packages/ui/src/pages/HomePage.tsx": {"lines":{"total":101,"covered":95,"skipped":0,"pct":94.05},"functions":{"total":4,"covered":4,"skipped":0,"pct":100},"statements":{"total":101,"covered":95,"skipped":0,"pct":94.05},"branches":{"total":11,"covered":8,"skipped":0,"pct":72.72}}
,"/Users/aryamanp/CountyPulseProject/CountyPulse/packages/ui/src/pages/InterviewPage.tsx": {"lines":{"total":246,"covered":186,"skipped":0,"pct":75.6},"functions":{"total":1,"covered":1,"skipped":0,"pct":100},"statements":{"total":246,"covered":186,"skipped":0,"pct":75.6},"branches":{"total":30,"covered":25,"skipped":0,"pct":83.33}}
,"/Users/aryamanp/CountyPulseProject/CountyPulse/packages/ui/src/pages/ResumeBuilderPage.tsx": {"lines":{"total":477,"covered":320,"skipped":0,"pct":67.08},"functions":{"total":6,"covered":6,"skipped":0,"pct":100},"statements":{"total":477,"covered":320,"skipped":0,"pct":67.08},"branches":{"total":55,"covered":38,"skipped":0,"pct":69.09}}
,"/Users/aryamanp/CountyPulseProject/CountyPulse/packages/ui/src/pages/ResumesPage.tsx": {"lines":{"total":96,"covered":83,"skipped":0,"pct":86.45},"functions":{"total":5,"covered":3,"skipped":0,"pct":60},"statements":{"total":96,"covered":83,"skipped":0,"pct":86.45},"branches":{"total":12,"covered":7,"skipped":0,"pct":58.33}}
,"/Users/aryamanp/CountyPulseProject/CountyPulse/packages/ui/src/pages/TelemetryPage.tsx": {"lines":{"total":136,"covered":136,"skipped":0,"pct":100},"functions":{"total":2,"covered":2,"skipped":0,"pct":100},"statements":{"total":136,"covered":136,"skipped":0,"pct":100},"branches":{"total":18,"covered":15,"skipped":0,"pct":83.33}}
,"/Users/aryamanp/CountyPulseProject/CountyPulse/packages/ui/src/queries/bullets.ts": {"lines":{"total":90,"covered":90,"skipped":0,"pct":100},"functions":{"total":14,"covered":14,"skipped":0,"pct":100},"statements":{"total":90,"covered":90,"skipped":0,"pct":100},"branches":{"total":18,"covered":17,"skipped":0,"pct":94.44}}
,"/Users/aryamanp/CountyPulseProject/CountyPulse/packages/ui/src/queries/resumes.ts": {"lines":{"total":152,"covered":152,"skipped":0,"pct":100},"functions":{"total":26,"covered":26,"skipped":0,"pct":100},"statements":{"total":152,"covered":152,"skipped":0,"pct":100},"branches":{"total":29,"covered":28,"skipped":0,"pct":96.55}}
,"/Users/aryamanp/CountyPulseProject/CountyPulse/packages/ui/src/queries/runs.ts": {"lines":{"total":63,"covered":63,"skipped":0,"pct":100},"functions":{"total":12,"covered":12,"skipped":0,"pct":100},"statements":{"total":63,"covered":63,"skipped":0,"pct":100},"branches":{"total":16,"covered":16,"skipped":0,"pct":100}}
,"/Users/aryamanp/CountyPulseProject/CountyPulse/packages/ui/src/services/interview.ts": {"lines":{"total":162,"covered":132,"skipped":0,"pct":81.48},"functions":{"total":4,"covered":4,"skipped":0,"pct":100},"statements":{"total":162,"covered":132,"skipped":0,"pct":81.48},"branches":{"total":6,"covered":4,"skipped":0,"pct":66.66}}
,"/Users/aryamanp/CountyPulseProject/CountyPulse/packages/ui/src/services/jd-processing.ts": {"lines":{"total":152,"covered":151,"skipped":0,"pct":99.34},"functions":{"total":3,"covered":3,"skipped":0,"pct":100},"statements":{"total":152,"covered":151,"skipped":0,"pct":99.34},"branches":{"total":21,"covered":18,"skipped":0,"pct":85.71}}
,"/Users/aryamanp/CountyPulseProject/CountyPulse/packages/ui/src/templates/registry.ts": {"lines":{"total":54,"covered":54,"skipped":0,"pct":100},"functions":{"total":4,"covered":4,"skipped":0,"pct":100},"statements":{"total":54,"covered":54,"skipped":0,"pct":100},"branches":{"total":7,"covered":7,"skipped":0,"pct":100}}
,"/Users/aryamanp/CountyPulseProject/CountyPulse/packages/ui/src/templates/classic_v1/ClassicTemplate.tsx": {"lines":{"total":103,"covered":101,"skipped":0,"pct":98.05},"functions":{"total":3,"covered":3,"skipped":0,"pct":100},"statements":{"total":103,"covered":101,"skipped":0,"pct":98.05},"branches":{"total":23,"covered":22,"skipped":0,"pct":95.65}}
}
